<?xml version="1.0" encoding="utf-8"?><testsuites name="pytest tests"><testsuite name="pytest" errors="0" failures="56" skipped="2" tests="1430" time="404.450" timestamp="2026-01-29T00:07:36.859901+00:00" hostname="70eca0ded6a6"><testcase classname="skyspy.tests.e2e.test_e2e_admin.TestUserManagementList" name="test_superadmin_can_list_all_users" time="2.655" /><testcase classname="skyspy.tests.e2e.test_e2e_admin.TestUserManagementList" name="test_admin_can_list_users" time="0.367" /><testcase classname="skyspy.tests.e2e.test_e2e_admin.TestUserManagementList" name="test_operator_cannot_list_users" time="0.065" /><testcase classname="skyspy.tests.e2e.test_e2e_admin.TestUserManagementList" name="test_viewer_cannot_list_users" time="0.022" /><testcase classname="skyspy.tests.e2e.test_e2e_admin.TestUserManagementList" name="test_unauthenticated_cannot_list_users" time="0.007" /><testcase classname="skyspy.tests.e2e.test_e2e_admin.TestUserManagementList" name="test_list_users_includes_roles_and_permissions" time="0.076" /><testcase classname="skyspy.tests.e2e.test_e2e_admin.TestUserManagementList" name="test_list_users_pagination" time="0.366" /><testcase classname="skyspy.tests.e2e.test_e2e_admin.TestUserManagementCreate" name="test_superadmin_can_create_user" time="0.383" /><testcase classname="skyspy.tests.e2e.test_e2e_admin.TestUserManagementCreate" name="test_create_user_with_multiple_roles" time="0.233" /><testcase classname="skyspy.tests.e2e.test_e2e_admin.TestUserManagementCreate" name="test_create_user_without_password_generates_random" time="0.225" /><testcase classname="skyspy.tests.e2e.test_e2e_admin.TestUserManagementCreate" name="test_create_user_duplicate_username_fails" time="0.169" /><testcase classname="skyspy.tests.e2e.test_e2e_admin.TestUserManagementCreate" name="test_create_user_duplicate_email_fails" time="0.081" /><testcase classname="skyspy.tests.e2e.test_e2e_admin.TestUserManagementCreate" name="test_admin_cannot_create_superadmin_user" time="0.066" /><testcase classname="skyspy.tests.e2e.test_e2e_admin.TestUserManagementGetDetail" name="test_superadmin_can_get_user_details" time="0.136" /><testcase classname="skyspy.tests.e2e.test_e2e_admin.TestUserManagementGetDetail" name="test_get_user_includes_profile_info" time="0.089" /><testcase classname="skyspy.tests.e2e.test_e2e_admin.TestUserManagementGetDetail" name="test_get_nonexistent_user_returns_404" time="0.087" /><testcase classname="skyspy.tests.e2e.test_e2e_admin.TestUserManagementGetDetail" name="test_operator_cannot_get_user_details" time="0.100" /><testcase classname="skyspy.tests.e2e.test_e2e_admin.TestUserManagementUpdate" name="test_superadmin_can_update_user" time="0.121" /><testcase classname="skyspy.tests.e2e.test_e2e_admin.TestUserManagementUpdate" name="test_update_user_active_status" time="0.115" /><testcase classname="skyspy.tests.e2e.test_e2e_admin.TestUserManagementUpdate" name="test_admin_can_update_non_admin_users" time="0.358" /><testcase classname="skyspy.tests.e2e.test_e2e_admin.TestUserManagementUpdate" name="test_cannot_change_username_to_existing" time="0.096" /><testcase classname="skyspy.tests.e2e.test_e2e_admin.TestUserManagementDelete" name="test_superadmin_can_delete_user" time="0.199" /><testcase classname="skyspy.tests.e2e.test_e2e_admin.TestUserManagementDelete" name="test_cannot_delete_own_account" time="0.034" /><testcase classname="skyspy.tests.e2e.test_e2e_admin.TestUserManagementDelete" name="test_admin_cannot_delete_superadmin" time="0.063" /><testcase classname="skyspy.tests.e2e.test_e2e_admin.TestUserManagementDelete" name="test_delete_nonexistent_user_returns_404" time="0.054" /><testcase classname="skyspy.tests.e2e.test_e2e_admin.TestUserManagementDelete" name="test_operator_cannot_delete_users" time="0.147" /><testcase classname="skyspy.tests.e2e.test_e2e_admin.TestRoleAssignment" name="test_assign_role_to_user" time="0.434" /><testcase classname="skyspy.tests.e2e.test_e2e_admin.TestRoleAssignment" name="test_assign_role_with_expiration" time="0.353" /><testcase classname="skyspy.tests.e2e.test_e2e_admin.TestRoleAssignment" name="test_assign_nonexistent_role_returns_404" time="0.163" /><testcase classname="skyspy.tests.e2e.test_e2e_admin.TestRoleAssignment" name="test_assign_already_assigned_role" time="0.204" /><testcase classname="skyspy.tests.e2e.test_e2e_admin.TestRoleAssignment" name="test_admin_cannot_assign_superadmin_role" time="0.112" /><testcase classname="skyspy.tests.e2e.test_e2e_admin.TestRoleAssignment" name="test_assign_role_tracks_assigned_by" time="0.138" /><testcase classname="skyspy.tests.e2e.test_e2e_admin.TestRoleRemoval" name="test_remove_role_from_user" time="0.118" /><testcase classname="skyspy.tests.e2e.test_e2e_admin.TestRoleRemoval" name="test_remove_non_assigned_role" time="0.192" /><testcase classname="skyspy.tests.e2e.test_e2e_admin.TestRoleRemoval" name="test_remove_nonexistent_role_returns_404" time="0.145" /><testcase classname="skyspy.tests.e2e.test_e2e_admin.TestRoleManagementList" name="test_superadmin_can_list_roles" time="0.063" /><testcase classname="skyspy.tests.e2e.test_e2e_admin.TestRoleManagementList" name="test_admin_can_list_roles" time="0.079" /><testcase classname="skyspy.tests.e2e.test_e2e_admin.TestRoleManagementList" name="test_roles_include_permissions" time="0.113" /><testcase classname="skyspy.tests.e2e.test_e2e_admin.TestRoleManagementList" name="test_operator_cannot_list_roles" time="0.021" /><testcase classname="skyspy.tests.e2e.test_e2e_admin.TestRoleManagementCreate" name="test_superadmin_can_create_role" time="0.221" /><testcase classname="skyspy.tests.e2e.test_e2e_admin.TestRoleManagementCreate" name="test_create_role_with_duplicate_name_fails" time="0.076" /><testcase classname="skyspy.tests.e2e.test_e2e_admin.TestRoleManagementCreate" name="test_create_role_with_invalid_permissions" time="0.052" /><testcase classname="skyspy.tests.e2e.test_e2e_admin.TestRoleManagementCreate" name="test_admin_cannot_create_roles_with_user_management_perms" time="0.038" /><testcase classname="skyspy.tests.e2e.test_e2e_admin.TestRoleManagementGetDetail" name="test_get_role_details" time="0.125" /><testcase classname="skyspy.tests.e2e.test_e2e_admin.TestRoleManagementGetDetail" name="test_get_nonexistent_role_returns_404" time="0.048" /><testcase classname="skyspy.tests.e2e.test_e2e_admin.TestRoleManagementUpdate" name="test_update_custom_role_permissions" time="0.049" /><testcase classname="skyspy.tests.e2e.test_e2e_admin.TestRoleManagementUpdate" name="test_cannot_update_system_role_permissions" time="0.087" /><testcase classname="skyspy.tests.e2e.test_e2e_admin.TestRoleManagementUpdate" name="test_can_update_custom_role_display_name" time="0.176" /><testcase classname="skyspy.tests.e2e.test_e2e_admin.TestRoleManagementDelete" name="test_delete_custom_role" time="0.069" /><testcase classname="skyspy.tests.e2e.test_e2e_admin.TestRoleManagementDelete" name="test_cannot_delete_system_role" time="0.066" /><testcase classname="skyspy.tests.e2e.test_e2e_admin.TestRoleManagementDelete" name="test_cannot_delete_superadmin_role" time="0.059" /><testcase classname="skyspy.tests.e2e.test_e2e_admin.TestRoleManagementDelete" name="test_delete_role_with_assignments_cascades_or_fails" time="0.094" /><testcase classname="skyspy.tests.e2e.test_e2e_admin.TestUserRoleAssignmentsList" name="test_list_all_user_role_assignments" time="0.095" /><testcase classname="skyspy.tests.e2e.test_e2e_admin.TestUserRoleAssignmentsList" name="test_filter_assignments_by_user" time="0.063" /><testcase classname="skyspy.tests.e2e.test_e2e_admin.TestUserRoleAssignmentsList" name="test_filter_assignments_by_role" time="0.051" /><testcase classname="skyspy.tests.e2e.test_e2e_admin.TestUserRoleAssignmentsList" name="test_assignments_show_expiration_status" time="0.087" /><testcase classname="skyspy.tests.e2e.test_e2e_admin.TestAPIKeyList" name="test_superadmin_can_list_all_api_keys" time="0.143" /><testcase classname="skyspy.tests.e2e.test_e2e_admin.TestAPIKeyList" name="test_api_key_list_hides_full_key" time="0.166" /><testcase classname="skyspy.tests.e2e.test_e2e_admin.TestAPIKeyList" name="test_filter_api_keys_by_user" time="0.086" /><testcase classname="skyspy.tests.e2e.test_e2e_admin.TestAPIKeyCreate" name="test_create_api_key_for_user" time="0.136" /><testcase classname="skyspy.tests.e2e.test_e2e_admin.TestAPIKeyCreate" name="test_api_key_only_shown_on_creation" time="0.123" /><testcase classname="skyspy.tests.e2e.test_e2e_admin.TestAPIKeyCreate" name="test_create_api_key_with_expiration" time="0.127" /><testcase classname="skyspy.tests.e2e.test_e2e_admin.TestAPIKeyCreate" name="test_create_api_key_with_scopes" time="0.034" /><testcase classname="skyspy.tests.e2e.test_e2e_admin.TestAPIKeyDelete" name="test_revoke_api_key" time="0.090" /><testcase classname="skyspy.tests.e2e.test_e2e_admin.TestAPIKeyDelete" name="test_admin_can_revoke_non_admin_keys" time="0.130" /><testcase classname="skyspy.tests.e2e.test_e2e_admin.TestAPIKeyDelete" name="test_revoke_nonexistent_key_returns_404" time="0.038" /><testcase classname="skyspy.tests.e2e.test_e2e_admin.TestFeatureAccessList" name="test_list_feature_access_configurations" time="0.130" /><testcase classname="skyspy.tests.e2e.test_e2e_admin.TestFeatureAccessList" name="test_admin_can_list_feature_access" time="0.213" /><testcase classname="skyspy.tests.e2e.test_e2e_admin.TestFeatureAccessUpdate" name="test_update_read_access_to_public" time="0.106" /><testcase classname="skyspy.tests.e2e.test_e2e_admin.TestFeatureAccessUpdate" name="test_update_write_access_to_authenticated" time="0.159" /><testcase classname="skyspy.tests.e2e.test_e2e_admin.TestFeatureAccessUpdate" name="test_disable_feature" time="0.117" /><testcase classname="skyspy.tests.e2e.test_e2e_admin.TestFeatureAccessUpdate" name="test_enable_feature" time="0.268" /><testcase classname="skyspy.tests.e2e.test_e2e_admin.TestFeatureAccessUpdate" name="test_update_nonexistent_feature_returns_404" time="0.089" /><testcase classname="skyspy.tests.e2e.test_e2e_admin.TestFeatureAccessUpdate" name="test_invalid_access_level_rejected" time="0.133" /><testcase classname="skyspy.tests.e2e.test_e2e_admin.TestOIDCClaimMappingsList" name="test_list_oidc_claim_mappings" time="0.135" /><testcase classname="skyspy.tests.e2e.test_e2e_admin.TestOIDCClaimMappingCreate" name="test_create_exact_match_mapping" time="0.078" /><testcase classname="skyspy.tests.e2e.test_e2e_admin.TestOIDCClaimMappingCreate" name="test_create_contains_match_mapping" time="0.176" /><testcase classname="skyspy.tests.e2e.test_e2e_admin.TestOIDCClaimMappingCreate" name="test_create_regex_match_mapping" time="0.116" /><testcase classname="skyspy.tests.e2e.test_e2e_admin.TestOIDCClaimMappingCreate" name="test_create_mapping_with_nonexistent_role_fails" time="0.101" /><testcase classname="skyspy.tests.e2e.test_e2e_admin.TestOIDCClaimMappingUpdate" name="test_update_mapping_claim_value" time="0.154" /><testcase classname="skyspy.tests.e2e.test_e2e_admin.TestOIDCClaimMappingUpdate" name="test_update_mapping_match_type" time="0.060" /><testcase classname="skyspy.tests.e2e.test_e2e_admin.TestOIDCClaimMappingUpdate" name="test_update_mapping_active_status" time="0.060" /><testcase classname="skyspy.tests.e2e.test_e2e_admin.TestOIDCClaimMappingDelete" name="test_delete_oidc_mapping" time="0.121" /><testcase classname="skyspy.tests.e2e.test_e2e_admin.TestOIDCClaimMappingDelete" name="test_delete_nonexistent_mapping_returns_404" time="0.067" /><testcase classname="skyspy.tests.e2e.test_e2e_admin.TestAdminPermissionChecks" name="test_viewer_cannot_access_any_admin_endpoints" time="0.177" /><testcase classname="skyspy.tests.e2e.test_e2e_admin.TestAdminPermissionChecks" name="test_operator_cannot_access_admin_endpoints" time="0.229" /><testcase classname="skyspy.tests.e2e.test_e2e_admin.TestAdminPermissionChecks" name="test_analyst_cannot_access_admin_endpoints" time="0.142" /><testcase classname="skyspy.tests.e2e.test_e2e_admin.TestAdminPermissionChecks" name="test_admin_has_limited_admin_access" time="0.064" /><testcase classname="skyspy.tests.e2e.test_e2e_admin.TestAdminPermissionChecks" name="test_superadmin_has_full_admin_access" time="0.090" /><testcase classname="skyspy.tests.e2e.test_e2e_admin.TestAdminPermissionChecks" name="test_unauthenticated_gets_401_on_admin_endpoints" time="0.022" /><testcase classname="skyspy.tests.e2e.test_e2e_admin.TestAdminAuditLogging" name="test_user_creation_is_logged" time="0.196" /><testcase classname="skyspy.tests.e2e.test_e2e_admin.TestAdminAuditLogging" name="test_role_assignment_is_logged" time="0.070" /><testcase classname="skyspy.tests.e2e.test_e2e_admin.TestAdminAuditLogging" name="test_user_deletion_is_logged" time="0.404" /><testcase classname="skyspy.tests.e2e.test_e2e_admin.TestAdminAuditLogging" name="test_api_key_creation_is_logged" time="0.306" /><testcase classname="skyspy.tests.e2e.test_e2e_admin.TestAdminAuditLogging" name="test_query_admin_action_history" time="0.335" /><testcase classname="skyspy.tests.e2e.test_e2e_admin.TestAdminIntegrationWorkflows" name="test_complete_user_lifecycle" time="0.200" /><testcase classname="skyspy.tests.e2e.test_e2e_admin.TestAdminIntegrationWorkflows" name="test_create_custom_role_and_assign_to_users" time="0.132" /><testcase classname="skyspy.tests.e2e.test_e2e_admin.TestAdminIntegrationWorkflows" name="test_setup_oidc_role_mapping_workflow" time="0.300" /><testcase classname="skyspy.tests.e2e.test_e2e_admin.TestAdminIntegrationWorkflows" name="test_configure_feature_access_for_public_deployment" time="0.563" /><testcase classname="skyspy.tests.e2e.test_e2e_aircraft.TestLiveAircraftListing" name="test_list_returns_200_ok" time="0.098" /><testcase classname="skyspy.tests.e2e.test_e2e_aircraft.TestLiveAircraftListing" name="test_list_empty_cache_returns_empty_list" time="0.013" /><testcase classname="skyspy.tests.e2e.test_e2e_aircraft.TestLiveAircraftListing" name="test_list_response_structure" time="0.019" /><testcase classname="skyspy.tests.e2e.test_e2e_aircraft.TestLiveAircraftListing" name="test_list_includes_position_data" time="0.108" /><testcase classname="skyspy.tests.e2e.test_e2e_aircraft.TestLiveAircraftListing" name="test_military_aircraft_flagged" time="0.037" /><testcase classname="skyspy.tests.e2e.test_e2e_aircraft.TestLiveAircraftListing" name="test_emergency_squawks_flagged" time="0.020" /><testcase classname="skyspy.tests.e2e.test_e2e_aircraft.TestLiveAircraftListing" name="test_list_message_count_from_cache" time="0.021" /><testcase classname="skyspy.tests.e2e.test_e2e_aircraft.TestLiveAircraftListing" name="test_list_timestamp_is_iso_format" time="0.060" /><testcase classname="skyspy.tests.e2e.test_e2e_aircraft.TestAircraftDetails" name="test_retrieve_existing_aircraft" time="0.116" /><testcase classname="skyspy.tests.e2e.test_e2e_aircraft.TestAircraftDetails" name="test_retrieve_returns_correct_aircraft" time="0.067" /><testcase classname="skyspy.tests.e2e.test_e2e_aircraft.TestAircraftDetails" name="test_retrieve_includes_extended_info" time="0.259" /><testcase classname="skyspy.tests.e2e.test_e2e_aircraft.TestAircraftDetails" name="test_retrieve_nonexistent_aircraft_returns_404" time="0.090" /><testcase classname="skyspy.tests.e2e.test_e2e_aircraft.TestAircraftDetails" name="test_retrieve_404_includes_error_message" time="0.050" /><testcase classname="skyspy.tests.e2e.test_e2e_aircraft.TestAircraftDetails" name="test_retrieve_military_aircraft" time="0.029" /><testcase classname="skyspy.tests.e2e.test_e2e_aircraft.TestAircraftDetails" name="test_retrieve_by_icao_hex_field" time="0.024" /><testcase classname="skyspy.tests.e2e.test_e2e_aircraft.TestTopAircraft" name="test_top_returns_200_ok" time="0.028" /><testcase classname="skyspy.tests.e2e.test_e2e_aircraft.TestTopAircraft" name="test_top_response_includes_all_categories" time="0.042" /><testcase classname="skyspy.tests.e2e.test_e2e_aircraft.TestTopAircraft" name="test_top_closest_sorted_correctly" time="0.055" /><testcase classname="skyspy.tests.e2e.test_e2e_aircraft.TestTopAircraft" name="test_top_highest_sorted_correctly" time="0.022" /><testcase classname="skyspy.tests.e2e.test_e2e_aircraft.TestTopAircraft" name="test_top_fastest_sorted_correctly" time="0.079" /><testcase classname="skyspy.tests.e2e.test_e2e_aircraft.TestTopAircraft" name="test_top_military_contains_only_military" time="0.035" /><testcase classname="skyspy.tests.e2e.test_e2e_aircraft.TestTopAircraft" name="test_top_limit_parameter" time="0.050" /><testcase classname="skyspy.tests.e2e.test_e2e_aircraft.TestTopAircraft" name="test_top_includes_total_count" time="0.019" /><testcase classname="skyspy.tests.e2e.test_e2e_aircraft.TestTopAircraft" name="test_top_includes_timestamp" time="0.063" /><testcase classname="skyspy.tests.e2e.test_e2e_aircraft.TestUATAircraft" name="test_uat_returns_200_ok" time="0.054" /><testcase classname="skyspy.tests.e2e.test_e2e_aircraft.TestUATAircraft" name="test_uat_response_structure" time="0.034" /><testcase classname="skyspy.tests.e2e.test_e2e_aircraft.TestUATAircraft" name="test_uat_returns_uat_aircraft_only" time="0.050" /><testcase classname="skyspy.tests.e2e.test_e2e_aircraft.TestUATAircraft" name="test_uat_empty_cache" time="0.045" /><testcase classname="skyspy.tests.e2e.test_e2e_aircraft.TestUATAircraft" name="test_uat_separate_from_1090" time="0.055" /><testcase classname="skyspy.tests.e2e.test_e2e_aircraft.TestSightingHistory" name="test_sightings_returns_200_ok" time="0.368" /><testcase classname="skyspy.tests.e2e.test_e2e_aircraft.TestSightingHistory" name="test_sightings_response_structure" time="0.305" /><testcase classname="skyspy.tests.e2e.test_e2e_aircraft.TestSightingHistory" name="test_sightings_filter_by_icao_hex" time="0.194" /><testcase classname="skyspy.tests.e2e.test_e2e_aircraft.TestSightingHistory" name="test_sightings_filter_by_time_range" time="0.117" /><testcase classname="skyspy.tests.e2e.test_e2e_aircraft.TestSightingHistory" name="test_sightings_pagination" time="0.320" /><testcase classname="skyspy.tests.e2e.test_e2e_aircraft.TestSightingHistory" name="test_sightings_ordered_by_timestamp" time="0.103" /><testcase classname="skyspy.tests.e2e.test_e2e_aircraft.TestSightingHistory" name="test_sightings_filter_by_altitude_range" time="0.379" /><testcase classname="skyspy.tests.e2e.test_e2e_aircraft.TestSightingHistory" name="test_sightings_filter_by_distance_range" time="0.180" /><testcase classname="skyspy.tests.e2e.test_e2e_aircraft.TestSightingHistory" name="test_sightings_filter_military_only" time="0.400" /><testcase classname="skyspy.tests.e2e.test_e2e_aircraft.TestSessionTracking" name="test_sessions_returns_200_ok" time="0.236" /><testcase classname="skyspy.tests.e2e.test_e2e_aircraft.TestSessionTracking" name="test_sessions_response_structure" time="1.562" /><testcase classname="skyspy.tests.e2e.test_e2e_aircraft.TestSessionTracking" name="test_sessions_include_required_fields" time="0.329" /><testcase classname="skyspy.tests.e2e.test_e2e_aircraft.TestSessionTracking" name="test_sessions_include_min_max_values" time="0.606" /><testcase classname="skyspy.tests.e2e.test_e2e_aircraft.TestSessionTracking" name="test_sessions_filter_by_icao_hex" time="0.258" /><testcase classname="skyspy.tests.e2e.test_e2e_aircraft.TestSessionTracking" name="test_sessions_filter_by_callsign" time="0.270" /><testcase classname="skyspy.tests.e2e.test_e2e_aircraft.TestSessionTracking" name="test_sessions_filter_by_military" time="0.358" /><testcase classname="skyspy.tests.e2e.test_e2e_aircraft.TestSessionTracking" name="test_sessions_include_duration" time="0.433" /><testcase classname="skyspy.tests.e2e.test_e2e_aircraft.TestHistoryStats" name="test_history_stats_returns_200_ok" time="3.403" /><testcase classname="skyspy.tests.e2e.test_e2e_aircraft.TestHistoryStats" name="test_history_stats_response_structure" time="2.739" /><testcase classname="skyspy.tests.e2e.test_e2e_aircraft.TestHistoryStats" name="test_history_stats_sightings_count" time="3.217" /><testcase classname="skyspy.tests.e2e.test_e2e_aircraft.TestHistoryStats" name="test_history_stats_unique_aircraft_count" time="3.004" /><testcase classname="skyspy.tests.e2e.test_e2e_aircraft.TestHistoryStats" name="test_history_stats_military_count" time="1.791" /><testcase classname="skyspy.tests.e2e.test_e2e_aircraft.TestHistoryStats" name="test_history_stats_time_range_filter" time="2.432" /><testcase classname="skyspy.tests.e2e.test_e2e_aircraft.TestSearchAndFiltering" name="test_search_by_callsign_pattern" time="0.200" /><testcase classname="skyspy.tests.e2e.test_e2e_aircraft.TestSearchAndFiltering" name="test_search_by_registration" time="0.082" /><testcase classname="skyspy.tests.e2e.test_e2e_aircraft.TestSearchAndFiltering" name="test_filter_sightings_by_aircraft_type" time="0.040" /><testcase classname="skyspy.tests.e2e.test_e2e_aircraft.TestAircraftInfoLookup" name="test_lookup_returns_aircraft_info" time="0.073" /><testcase classname="skyspy.tests.e2e.test_e2e_aircraft.TestAircraftInfoLookup" name="test_lookup_includes_manufacturer_model" time="0.057" /><testcase classname="skyspy.tests.e2e.test_e2e_aircraft.TestAircraftInfoLookup" name="test_lookup_includes_operator" time="0.068" /><testcase classname="skyspy.tests.e2e.test_e2e_aircraft.TestAircraftInfoLookup" name="test_lookup_includes_flags" time="0.055" /><testcase classname="skyspy.tests.e2e.test_e2e_aircraft.TestAircraftInfoLookup" name="test_lookup_military_aircraft" time="0.042" /><testcase classname="skyspy.tests.e2e.test_e2e_aircraft.TestAircraftInfoLookup" name="test_lookup_nonexistent_aircraft" time="2.176" /><testcase classname="skyspy.tests.e2e.test_e2e_aircraft.TestAircraftInfoLookup" name="test_lookup_case_insensitive" time="0.058" /><testcase classname="skyspy.tests.e2e.test_e2e_aircraft.TestAircraftInfoLookup" name="test_bulk_lookup" time="0.066" /><testcase classname="skyspy.tests.e2e.test_e2e_aircraft.TestAircraftInfoLookup" name="test_search_by_operator" time="0.056" /><testcase classname="skyspy.tests.e2e.test_e2e_aircraft.TestPermissionChecks" name="test_public_mode_aircraft_visible_without_auth" time="0.026" /><testcase classname="skyspy.tests.e2e.test_e2e_aircraft.TestPermissionChecks" name="test_public_mode_sightings_accessible" time="0.076" /><testcase classname="skyspy.tests.e2e.test_e2e_aircraft.TestPermissionChecks" name="test_public_mode_sessions_accessible" time="0.043" /><testcase classname="skyspy.tests.e2e.test_e2e_aircraft.TestPermissionChecks" name="test_authenticated_mode_requires_auth" time="0.166" /><testcase classname="skyspy.tests.e2e.test_e2e_aircraft.TestPermissionChecks" name="test_viewer_can_access_aircraft" time="0.035" /><testcase classname="skyspy.tests.e2e.test_e2e_aircraft.TestPermissionChecks" name="test_viewer_can_access_sightings" time="0.320" /><testcase classname="skyspy.tests.e2e.test_e2e_aircraft.TestPermissionChecks" name="test_operator_can_access_aircraft" time="0.051" /><testcase classname="skyspy.tests.e2e.test_e2e_aircraft.TestPermissionChecks" name="test_analyst_can_access_military_details" time="0.036" /><testcase classname="skyspy.tests.e2e.test_e2e_aircraft.TestPermissionChecks" name="test_hybrid_mode_respects_feature_access" time="0.051" /><testcase classname="skyspy.tests.e2e.test_e2e_aircraft.TestAircraftTrackingIntegration" name="test_full_aircraft_tracking_workflow" time="0.030" /><testcase classname="skyspy.tests.e2e.test_e2e_aircraft.TestAircraftTrackingIntegration" name="test_consistency_between_endpoints" time="0.044" /><testcase classname="skyspy.tests.e2e.test_e2e_aircraft.TestAircraftTrackingIntegration" name="test_sighting_to_session_relationship" time="0.100" /><testcase classname="skyspy.tests.e2e.test_e2e_aircraft.TestAircraftTrackingIntegration" name="test_all_aircraft_endpoints_return_json" time="0.032" /><testcase classname="skyspy.tests.e2e.test_e2e_aircraft.TestAircraftTrackingIntegration" name="test_emergency_aircraft_in_stats" time="0.020" /><testcase classname="skyspy.tests.e2e.test_e2e_alerts.TestAlertRuleCRUD" name="test_create_alert_rule_with_simple_condition" time="0.329" /><testcase classname="skyspy.tests.e2e.test_e2e_alerts.TestAlertRuleCRUD" name="test_create_alert_rule_with_complex_and_or_conditions" time="0.040" /><testcase classname="skyspy.tests.e2e.test_e2e_alerts.TestAlertRuleCRUD" name="test_read_own_alert_rules" time="0.059" /><testcase classname="skyspy.tests.e2e.test_e2e_alerts.TestAlertRuleCRUD" name="test_read_single_alert_rule" time="0.095" /><testcase classname="skyspy.tests.e2e.test_e2e_alerts.TestAlertRuleCRUD" name="test_update_own_alert_rule" time="0.115" /><testcase classname="skyspy.tests.e2e.test_e2e_alerts.TestAlertRuleCRUD" name="test_delete_own_alert_rule" time="0.230" /><testcase classname="skyspy.tests.e2e.test_e2e_alerts.TestAlertRuleCRUD" name="test_cannot_edit_other_users_private_rules" time="0.034" /><testcase classname="skyspy.tests.e2e.test_e2e_alerts.TestAlertRuleCRUD" name="test_cannot_delete_other_users_private_rules" time="0.054" /><testcase classname="skyspy.tests.e2e.test_e2e_alerts.TestAlertRuleCRUD" name="test_can_view_shared_rules" time="0.074" /><testcase classname="skyspy.tests.e2e.test_e2e_alerts.TestAlertRuleCRUD" name="test_can_view_public_rules" time="0.080" /><testcase classname="skyspy.tests.e2e.test_e2e_alerts.TestAlertRuleVisibility" name="test_private_rules_only_visible_to_owner" time="0.136" /><testcase classname="skyspy.tests.e2e.test_e2e_alerts.TestAlertRuleVisibility" name="test_shared_rules_visible_to_users_with_alerts_view_permission" time="0.056" /><testcase classname="skyspy.tests.e2e.test_e2e_alerts.TestAlertRuleVisibility" name="test_public_rules_visible_to_everyone" time="0.025" /><testcase classname="skyspy.tests.e2e.test_e2e_alerts.TestAlertRuleVisibility" name="test_admin_with_manage_all_can_edit_any_rule" time="0.055" /><testcase classname="skyspy.tests.e2e.test_e2e_alerts.TestAlertRuleVisibility" name="test_superadmin_can_manage_all_rules" time="0.081" /><testcase classname="skyspy.tests.e2e.test_e2e_alerts.TestAlertTesting" name="test_post_test_with_sample_aircraft_data" time="0.112" /><testcase classname="skyspy.tests.e2e.test_e2e_alerts.TestAlertTesting" name="test_test_returns_match_results" time="0.070" /><testcase classname="skyspy.tests.e2e.test_e2e_alerts.TestAlertTesting" name="test_complex_conditions_evaluate_correctly" time="0.052" /><testcase classname="skyspy.tests.e2e.test_e2e_alerts.TestAlertToggling" name="test_toggle_enables_disabled_rule" time="0.114" /><testcase classname="skyspy.tests.e2e.test_e2e_alerts.TestAlertToggling" name="test_toggle_disables_enabled_rule" time="0.150" /><testcase classname="skyspy.tests.e2e.test_e2e_alerts.TestAlertToggling" name="test_disabled_rules_dont_trigger" time="0.097" /><testcase classname="skyspy.tests.e2e.test_e2e_alerts.TestAlertToggling" name="test_toggle_returns_updated_rule_state" time="0.151" /><testcase classname="skyspy.tests.e2e.test_e2e_alerts.TestBulkOperations" name="test_bulk_create_multiple_rules" time="0.148" /><testcase classname="skyspy.tests.e2e.test_e2e_alerts.TestBulkOperations" name="test_bulk_delete_multiple_rules" time="0.040" /><testcase classname="skyspy.tests.e2e.test_e2e_alerts.TestBulkOperations" name="test_bulk_delete_only_deletes_owned_rules" time="0.031" /><testcase classname="skyspy.tests.e2e.test_e2e_alerts.TestAlertHistory" name="test_get_alert_history_returns_triggered_alerts" time="0.036" /><testcase classname="skyspy.tests.e2e.test_e2e_alerts.TestAlertHistory" name="test_filter_history_by_rule" time="0.080" /><testcase classname="skyspy.tests.e2e.test_e2e_alerts.TestAlertHistory" name="test_filter_history_by_time_range" time="0.050" /><testcase classname="skyspy.tests.e2e.test_e2e_alerts.TestAlertHistory" name="test_filter_history_by_icao_hex" time="0.077" /><testcase classname="skyspy.tests.e2e.test_e2e_alerts.TestAlertHistory" name="test_delete_clears_history_with_permission" time="0.052" /><testcase classname="skyspy.tests.e2e.test_e2e_alerts.TestAlertSubscriptions" name="test_subscribe_to_shared_alert_rule" time="0.141" /><testcase classname="skyspy.tests.e2e.test_e2e_alerts.TestAlertSubscriptions" name="test_unsubscribe_from_rule" time="0.102" /><testcase classname="skyspy.tests.e2e.test_e2e_alerts.TestAlertSubscriptions" name="test_list_subscriptions" time="0.046" /><testcase classname="skyspy.tests.e2e.test_e2e_alerts.TestAlertSubscriptions" name="test_cannot_subscribe_to_private_rule_not_owned" time="0.040" /><testcase classname="skyspy.tests.e2e.test_e2e_alerts.TestAlertScheduling" name="test_rules_with_starts_at_only_trigger_after_that_time" time="0.047" /><testcase classname="skyspy.tests.e2e.test_e2e_alerts.TestAlertScheduling" name="test_rules_with_expires_at_stop_triggering_after_that_time" time="0.116" /><testcase classname="skyspy.tests.e2e.test_e2e_alerts.TestAlertScheduling" name="test_cooldown_prevents_duplicate_triggers" time="0.073" /><testcase classname="skyspy.tests.e2e.test_e2e_alerts.TestAlertScheduling" name="test_rule_active_within_schedule_window" time="0.032" /><testcase classname="skyspy.tests.e2e.test_e2e_alerts.TestNotificationIntegration" name="test_alert_trigger_sends_to_configured_notification_channels" time="0.060" /><testcase classname="skyspy.tests.e2e.test_e2e_alerts.TestNotificationIntegration" name="test_multiple_channels_receive_notifications" time="0.042" /><testcase classname="skyspy.tests.e2e.test_e2e_alerts.TestNotificationIntegration" name="test_use_global_notifications_flag" time="0.086" /><testcase classname="skyspy.tests.e2e.test_e2e_alerts.TestEdgeCasesAndErrors" name="test_create_rule_with_invalid_operator" time="0.066" /><testcase classname="skyspy.tests.e2e.test_e2e_alerts.TestEdgeCasesAndErrors" name="test_create_rule_with_missing_name" time="0.036" /><testcase classname="skyspy.tests.e2e.test_e2e_alerts.TestEdgeCasesAndErrors" name="test_get_nonexistent_rule" time="0.052" /><testcase classname="skyspy.tests.e2e.test_e2e_alerts.TestEdgeCasesAndErrors" name="test_toggle_nonexistent_rule" time="0.054" /><testcase classname="skyspy.tests.e2e.test_e2e_alerts.TestEdgeCasesAndErrors" name="test_test_nonexistent_rule" time="0.034" /><testcase classname="skyspy.tests.e2e.test_e2e_alerts.TestEdgeCasesAndErrors" name="test_duplicate_subscription" time="0.052" /><testcase classname="skyspy.tests.e2e.test_e2e_alerts.TestEdgeCasesAndErrors" name="test_system_rule_cannot_be_deleted_by_regular_user" time="0.070" /><testcase classname="skyspy.tests.e2e.test_e2e_alerts.TestIntegrationWorkflows" name="test_complete_alert_rule_lifecycle" time="0.399" /><testcase classname="skyspy.tests.e2e.test_e2e_alerts.TestIntegrationWorkflows" name="test_shared_rule_subscription_workflow" time="0.158" /><testcase classname="skyspy.tests.e2e.test_e2e_alerts.TestIntegrationWorkflows" name="test_alert_with_notification_workflow" time="0.366" /><testcase classname="skyspy.tests.e2e.test_e2e_auth.TestJWTAuthenticationFlow" name="test_login_with_valid_credentials_returns_tokens" time="0.030" /><testcase classname="skyspy.tests.e2e.test_e2e_auth.TestJWTAuthenticationFlow" name="test_login_with_invalid_credentials_returns_401" time="0.030" /><testcase classname="skyspy.tests.e2e.test_e2e_auth.TestJWTAuthenticationFlow" name="test_login_with_nonexistent_user_returns_401" time="0.010" /><testcase classname="skyspy.tests.e2e.test_e2e_auth.TestJWTAuthenticationFlow" name="test_login_with_email_as_username" time="0.050" /><testcase classname="skyspy.tests.e2e.test_e2e_auth.TestJWTAuthenticationFlow" name="test_login_with_disabled_account_returns_403" time="0.032" /><testcase classname="skyspy.tests.e2e.test_e2e_auth.TestJWTAuthenticationFlow" name="test_access_protected_endpoint_with_valid_token_returns_200" time="0.041" /><testcase classname="skyspy.tests.e2e.test_e2e_auth.TestJWTAuthenticationFlow" name="test_access_protected_endpoint_without_token_returns_401" time="0.021" /><testcase classname="skyspy.tests.e2e.test_e2e_auth.TestJWTAuthenticationFlow" name="test_access_protected_endpoint_with_invalid_token_returns_401" time="0.007" /><testcase classname="skyspy.tests.e2e.test_e2e_auth.TestJWTAuthenticationFlow" name="test_access_protected_endpoint_with_expired_token_returns_401" time="0.012" /><testcase classname="skyspy.tests.e2e.test_e2e_auth.TestTokenRefreshFlow" name="test_refresh_with_valid_refresh_token_returns_new_access_token" time="0.103" /><testcase classname="skyspy.tests.e2e.test_e2e_auth.TestTokenRefreshFlow" name="test_refresh_with_invalid_refresh_token_returns_401" time="0.014" /><testcase classname="skyspy.tests.e2e.test_e2e_auth.TestTokenRefreshFlow" name="test_refresh_with_blacklisted_token_returns_401" time="0.073" /><testcase classname="skyspy.tests.e2e.test_e2e_auth.TestLogoutFlow" name="test_logout_invalidates_refresh_token" time="0.082" /><testcase classname="skyspy.tests.e2e.test_e2e_auth.TestLogoutFlow" name="test_subsequent_refresh_fails_after_logout" time="0.066" /><testcase classname="skyspy.tests.e2e.test_e2e_auth.TestLogoutFlow" name="test_logout_without_authentication_returns_401" time="0.028" /><testcase classname="skyspy.tests.e2e.test_e2e_auth.TestAPIKeyAuthentication" name="test_access_with_valid_api_key_returns_200" time="0.168" /><testcase classname="skyspy.tests.e2e.test_e2e_auth.TestAPIKeyAuthentication" name="test_access_with_invalid_api_key_returns_401" time="0.027" /><testcase classname="skyspy.tests.e2e.test_e2e_auth.TestAPIKeyAuthentication" name="test_access_with_expired_api_key_returns_401" time="0.038" /><testcase classname="skyspy.tests.e2e.test_e2e_auth.TestAPIKeyAuthentication" name="test_access_with_inactive_api_key_returns_401" time="0.037" /><testcase classname="skyspy.tests.e2e.test_e2e_auth.TestAPIKeyAuthentication" name="test_api_key_x_header_authentication" time="0.054" /><testcase classname="skyspy.tests.e2e.test_e2e_auth.TestAPIKeyAuthentication" name="test_api_key_scopes_are_respected" time="0.044" /><testcase classname="skyspy.tests.e2e.test_e2e_auth.TestAPIKeyAuthentication" name="test_api_key_last_used_is_updated" time="0.069" /><testcase classname="skyspy.tests.e2e.test_e2e_auth.TestPermissionChecks" name="test_viewer_can_read_alerts" time="0.100" /><testcase classname="skyspy.tests.e2e.test_e2e_auth.TestPermissionChecks" name="test_viewer_cannot_create_alerts" time="0.137" /><testcase classname="skyspy.tests.e2e.test_e2e_auth.TestPermissionChecks" name="test_operator_can_create_own_alerts" time="0.161" /><testcase classname="skyspy.tests.e2e.test_e2e_auth.TestPermissionChecks" name="test_operator_can_edit_own_alerts" time="0.091" /><testcase classname="skyspy.tests.e2e.test_e2e_auth.TestPermissionChecks" name="test_operator_can_delete_own_alerts" time="0.062" /><testcase classname="skyspy.tests.e2e.test_e2e_auth.TestPermissionChecks" name="test_admin_has_elevated_access" time="0.047" /><testcase classname="skyspy.tests.e2e.test_e2e_auth.TestPermissionChecks" name="test_superadmin_has_full_access" time="0.154" /><testcase classname="skyspy.tests.e2e.test_e2e_auth.TestPermissionChecks" name="test_no_role_user_has_limited_access" time="0.036" /><testcase classname="skyspy.tests.e2e.test_e2e_auth.TestPermissionChecks" name="test_permissions_endpoint_returns_user_permissions" time="0.116" /><testcase classname="skyspy.tests.e2e.test_e2e_auth.TestAuthModeBehavior" name="test_public_mode_no_auth_required" time="0.045" /><testcase classname="skyspy.tests.e2e.test_e2e_auth.TestAuthModeBehavior" name="test_public_mode_allows_anonymous_access" time="0.012" /><testcase classname="skyspy.tests.e2e.test_e2e_auth.TestAuthModeBehavior" name="test_authenticated_mode_requires_auth" time="0.023" /><testcase classname="skyspy.tests.e2e.test_e2e_auth.TestAuthModeBehavior" name="test_authenticated_mode_allows_authenticated_users" time="0.030" /><testcase classname="skyspy.tests.e2e.test_e2e_auth.TestAuthModeBehavior" name="test_hybrid_mode_config_endpoint_public" time="0.007" /><testcase classname="skyspy.tests.e2e.test_e2e_auth.TestAuthModeBehavior" name="test_auth_config_returns_correct_settings" time="0.007" /><testcase classname="skyspy.tests.e2e.test_e2e_auth.TestProfileEndpoint" name="test_get_profile_returns_user_info" time="0.028" /><testcase classname="skyspy.tests.e2e.test_e2e_auth.TestProfileEndpoint" name="test_patch_profile_updates_display_name" time="0.040" /><testcase classname="skyspy.tests.e2e.test_e2e_auth.TestProfileEndpoint" name="test_patch_profile_updates_preferences" time="0.052" /><testcase classname="skyspy.tests.e2e.test_e2e_auth.TestFeatureAccessConfiguration" name="test_feature_public_access_allows_anonymous" time="0.156" /><testcase classname="skyspy.tests.e2e.test_e2e_auth.TestFeatureAccessConfiguration" name="test_feature_authenticated_access_requires_login" time="0.144"><failure message="assert 200 in [401, 403]&#10; +  where 200 = &lt;Response status_code=200, &quot;application/json&quot;&gt;.status_code">skyspy/tests/e2e/test_e2e_auth.py:596: in test_feature_authenticated_access_requires_login
    assert response.status_code in [
E   assert 200 in [401, 403]
E    +  where 200 = &lt;Response status_code=200, "application/json"&gt;.status_code</failure></testcase><testcase classname="skyspy.tests.e2e.test_e2e_auth.TestFeatureAccessConfiguration" name="test_feature_permission_access_requires_specific_permission" time="0.107" /><testcase classname="skyspy.tests.e2e.test_e2e_auth.TestAuthEdgeCasesAndSecurity" name="test_login_creates_profile_if_missing" time="0.065" /><testcase classname="skyspy.tests.e2e.test_e2e_auth.TestAuthEdgeCasesAndSecurity" name="test_malformed_authorization_header_rejected" time="0.035" /><testcase classname="skyspy.tests.e2e.test_e2e_auth.TestAuthEdgeCasesAndSecurity" name="test_empty_bearer_token_rejected" time="0.032" /><testcase classname="skyspy.tests.e2e.test_e2e_auth.TestAuthEdgeCasesAndSecurity" name="test_token_for_deleted_user_fails" time="0.135" /><testcase classname="skyspy.tests.e2e.test_e2e_auth.TestAuthEdgeCasesAndSecurity" name="test_concurrent_logins_allowed" time="0.167" /><testcase classname="skyspy.tests.e2e.test_e2e_auth.TestAuthEdgeCasesAndSecurity" name="test_local_auth_can_be_disabled" time="0.032" /><testcase classname="skyspy.tests.e2e.test_e2e_auth.TestPasswordChange" name="test_password_change_with_correct_current_password" time="0.030" /><testcase classname="skyspy.tests.e2e.test_e2e_auth.TestPasswordChange" name="test_password_change_with_wrong_current_password_fails" time="0.015" /><testcase classname="skyspy.tests.e2e.test_e2e_auth.TestPasswordChange" name="test_password_change_requires_authentication" time="0.005" /><testcase classname="skyspy.tests.e2e.test_e2e_auth.TestRoleExpiration" name="test_expired_role_not_included_in_permissions" time="0.016" /><testcase classname="skyspy.tests.e2e.test_e2e_auth.TestRoleExpiration" name="test_active_role_included_in_permissions" time="0.012" /><testcase classname="skyspy.tests.e2e.test_e2e_auth.TestRoleExpiration" name="test_permanent_role_always_active" time="0.021" /><testcase classname="skyspy.tests.e2e.test_e2e_notifications.TestNotificationChannelCRUD" name="test_create_discord_channel" time="0.024" /><testcase classname="skyspy.tests.e2e.test_e2e_notifications.TestNotificationChannelCRUD" name="test_create_slack_channel" time="0.019" /><testcase classname="skyspy.tests.e2e.test_e2e_notifications.TestNotificationChannelCRUD" name="test_create_email_channel" time="0.018" /><testcase classname="skyspy.tests.e2e.test_e2e_notifications.TestNotificationChannelCRUD" name="test_create_pushover_channel" time="0.017" /><testcase classname="skyspy.tests.e2e.test_e2e_notifications.TestNotificationChannelCRUD" name="test_create_ntfy_channel" time="0.019" /><testcase classname="skyspy.tests.e2e.test_e2e_notifications.TestNotificationChannelCRUD" name="test_create_gotify_channel" time="0.022" /><testcase classname="skyspy.tests.e2e.test_e2e_notifications.TestNotificationChannelCRUD" name="test_create_telegram_channel" time="0.034" /><testcase classname="skyspy.tests.e2e.test_e2e_notifications.TestNotificationChannelCRUD" name="test_create_webhook_channel" time="0.046" /><testcase classname="skyspy.tests.e2e.test_e2e_notifications.TestNotificationChannelCRUD" name="test_create_home_assistant_channel" time="0.041" /><testcase classname="skyspy.tests.e2e.test_e2e_notifications.TestNotificationChannelCRUD" name="test_create_custom_apprise_channel" time="0.026" /><testcase classname="skyspy.tests.e2e.test_e2e_notifications.TestNotificationChannelCRUD" name="test_list_own_notification_channels" time="0.062" /><testcase classname="skyspy.tests.e2e.test_e2e_notifications.TestNotificationChannelCRUD" name="test_list_my_channels_endpoint" time="0.043" /><testcase classname="skyspy.tests.e2e.test_e2e_notifications.TestNotificationChannelCRUD" name="test_retrieve_notification_channel" time="0.086" /><testcase classname="skyspy.tests.e2e.test_e2e_notifications.TestNotificationChannelCRUD" name="test_update_notification_channel" time="0.078" /><testcase classname="skyspy.tests.e2e.test_e2e_notifications.TestNotificationChannelCRUD" name="test_update_channel_url_resets_verification" time="0.076" /><testcase classname="skyspy.tests.e2e.test_e2e_notifications.TestNotificationChannelCRUD" name="test_delete_notification_channel" time="0.054" /><testcase classname="skyspy.tests.e2e.test_e2e_notifications.TestNotificationChannelCRUD" name="test_cannot_access_other_users_channels" time="0.035" /><testcase classname="skyspy.tests.e2e.test_e2e_notifications.TestNotificationChannelCRUD" name="test_cannot_update_other_users_channels" time="0.040" /><testcase classname="skyspy.tests.e2e.test_e2e_notifications.TestNotificationChannelCRUD" name="test_cannot_delete_other_users_channels" time="0.040" /><testcase classname="skyspy.tests.e2e.test_e2e_notifications.TestNotificationChannelCRUD" name="test_non_admin_cannot_create_global_channel" time="0.021" /><testcase classname="skyspy.tests.e2e.test_e2e_notifications.TestNotificationChannelTypes" name="test_get_channel_types" time="0.015" /><testcase classname="skyspy.tests.e2e.test_e2e_notifications.TestNotificationChannelTypes" name="test_channel_types_include_required_fields" time="0.005" /><testcase classname="skyspy.tests.e2e.test_e2e_notifications.TestNotificationChannelTypes" name="test_channel_types_include_expected_services" time="0.007" /><testcase classname="skyspy.tests.e2e.test_e2e_notifications.TestNotificationChannelTypes" name="test_discord_type_info" time="0.012" /><testcase classname="skyspy.tests.e2e.test_e2e_notifications.TestNotificationChannelTypes" name="test_slack_type_info" time="0.010" /><testcase classname="skyspy.tests.e2e.test_e2e_notifications.TestNotificationChannelTest" name="test_send_test_notification_success" time="0.035" /><testcase classname="skyspy.tests.e2e.test_e2e_notifications.TestNotificationChannelTest" name="test_send_test_notification_updates_channel_status" time="0.069" /><testcase classname="skyspy.tests.e2e.test_e2e_notifications.TestNotificationChannelTest" name="test_send_test_notification_logs_result" time="0.084" /><testcase classname="skyspy.tests.e2e.test_e2e_notifications.TestNotificationChannelTest" name="test_send_test_notification_disabled_channel" time="0.063" /><testcase classname="skyspy.tests.e2e.test_e2e_notifications.TestNotificationChannelTest" name="test_send_test_notification_failure" time="0.064" /><testcase classname="skyspy.tests.e2e.test_e2e_notifications.TestNotificationChannelTest" name="test_send_test_notification_validates_channel_config" time="0.130" /><testcase classname="skyspy.tests.e2e.test_e2e_notifications.TestNotificationHistory" name="test_get_notification_history" time="0.106" /><testcase classname="skyspy.tests.e2e.test_e2e_notifications.TestNotificationHistory" name="test_filter_history_by_notification_type_alert" time="0.110" /><testcase classname="skyspy.tests.e2e.test_e2e_notifications.TestNotificationHistory" name="test_filter_history_by_status" time="0.172" /><testcase classname="skyspy.tests.e2e.test_e2e_notifications.TestNotificationHistory" name="test_filter_history_by_channel_id" time="0.033" /><testcase classname="skyspy.tests.e2e.test_e2e_notifications.TestNotificationHistory" name="test_history_includes_delivery_status" time="0.068" /><testcase classname="skyspy.tests.e2e.test_e2e_notifications.TestNotificationHistory" name="test_history_limit_parameter" time="0.206" /><testcase classname="skyspy.tests.e2e.test_e2e_notifications.TestNotificationHistory" name="test_history_ordered_by_timestamp" time="0.039" /><testcase classname="skyspy.tests.e2e.test_e2e_notifications.TestAlertChannelIntegration" name="test_alert_rule_can_reference_notification_channels" time="0.060" /><testcase classname="skyspy.tests.e2e.test_e2e_notifications.TestAlertChannelIntegration" name="test_create_alert_with_notification_channels" time="0.068" /><testcase classname="skyspy.tests.e2e.test_e2e_notifications.TestAlertChannelIntegration" name="test_alert_trigger_sends_notifications" time="0.247" /><testcase classname="skyspy.tests.e2e.test_e2e_notifications.TestAlertChannelIntegration" name="test_failed_notifications_are_logged" time="0.134" /><testcase classname="skyspy.tests.e2e.test_e2e_notifications.TestGlobalNotificationConfig" name="test_get_global_notification_config" time="0.056" /><testcase classname="skyspy.tests.e2e.test_e2e_notifications.TestGlobalNotificationConfig" name="test_update_global_notification_config" time="0.051" /><testcase classname="skyspy.tests.e2e.test_e2e_notifications.TestGlobalNotificationConfig" name="test_global_config_cooldown_prevents_spam" time="0.034" /><testcase classname="skyspy.tests.e2e.test_e2e_notifications.TestGlobalNotificationConfig" name="test_global_config_can_be_disabled" time="0.090" /><testcase classname="skyspy.tests.e2e.test_e2e_notifications.TestGlobalNotificationConfig" name="test_global_test_notification" time="0.177" /><testcase classname="skyspy.tests.e2e.test_e2e_notifications.TestGlobalNotificationConfig" name="test_global_test_notification_no_urls_configured" time="0.077" /><testcase classname="skyspy.tests.e2e.test_e2e_notifications.TestGlobalNotificationConfig" name="test_global_test_notification_disabled" time="0.058" /><testcase classname="skyspy.tests.e2e.test_e2e_notifications.TestRichMessageFormatting" name="test_notification_includes_aircraft_details" time="0.022" /><testcase classname="skyspy.tests.e2e.test_e2e_notifications.TestRichMessageFormatting" name="test_safety_event_notification_includes_severity" time="0.104" /><testcase classname="skyspy.tests.e2e.test_e2e_notifications.TestRichMessageFormatting" name="test_alert_notification_includes_rule_info" time="0.096" /><testcase classname="skyspy.tests.e2e.test_e2e_notifications.TestNotificationPermissions" name="test_users_can_only_manage_own_channels" time="0.143" /><testcase classname="skyspy.tests.e2e.test_e2e_notifications.TestNotificationPermissions" name="test_admin_can_see_all_channels" time="0.029" /><testcase classname="skyspy.tests.e2e.test_e2e_notifications.TestNotificationPermissions" name="test_admin_can_update_any_channel" time="0.094" /><testcase classname="skyspy.tests.e2e.test_e2e_notifications.TestNotificationPermissions" name="test_admin_can_delete_any_channel" time="0.074" /><testcase classname="skyspy.tests.e2e.test_e2e_notifications.TestNotificationPermissions" name="test_admin_can_create_global_channel" time="0.030" /><testcase classname="skyspy.tests.e2e.test_e2e_notifications.TestNotificationPermissions" name="test_view_notifications_requires_auth" time="0.012" /><testcase classname="skyspy.tests.e2e.test_e2e_notifications.TestNotificationPermissions" name="test_global_channels_visible_to_all_authenticated_users" time="0.038" /><testcase classname="skyspy.tests.e2e.test_e2e_notifications.TestNotificationStatistics" name="test_get_notification_stats" time="0.037" /><testcase classname="skyspy.tests.e2e.test_e2e_notifications.TestNotificationStatistics" name="test_notification_stats_totals" time="0.069" /><testcase classname="skyspy.tests.e2e.test_e2e_notifications.TestNotificationStatistics" name="test_notification_stats_by_type" time="0.041" /><testcase classname="skyspy.tests.e2e.test_e2e_notifications.TestNotificationStatistics" name="test_notification_stats_by_channel" time="0.059" /><testcase classname="skyspy.tests.e2e.test_e2e_notifications.TestNotificationServices" name="test_get_notification_services" time="0.012" /><testcase classname="skyspy.tests.e2e.test_e2e_notifications.TestNotificationServices" name="test_services_include_expected_providers" time="0.016" /><testcase classname="skyspy.tests.e2e.test_e2e_notifications.TestNotificationEdgeCases" name="test_create_channel_missing_required_fields" time="0.027" /><testcase classname="skyspy.tests.e2e.test_e2e_notifications.TestNotificationEdgeCases" name="test_create_channel_invalid_type" time="0.065" /><testcase classname="skyspy.tests.e2e.test_e2e_notifications.TestNotificationEdgeCases" name="test_get_nonexistent_channel" time="0.065" /><testcase classname="skyspy.tests.e2e.test_e2e_notifications.TestNotificationEdgeCases" name="test_delete_nonexistent_channel" time="0.056" /><testcase classname="skyspy.tests.e2e.test_e2e_notifications.TestNotificationEdgeCases" name="test_test_nonexistent_channel" time="0.111" /><testcase classname="skyspy.tests.e2e.test_e2e_notifications.TestNotificationEdgeCases" name="test_channel_with_very_long_name" time="0.070" /><testcase classname="skyspy.tests.e2e.test_e2e_notifications.TestNotificationEdgeCases" name="test_empty_history" time="0.021" /><testcase classname="skyspy.tests.e2e.test_e2e_notifications.TestNotificationWorkflows" name="test_complete_channel_workflow" time="0.146" /><testcase classname="skyspy.tests.e2e.test_e2e_notifications.TestNotificationWorkflows" name="test_alert_notification_workflow" time="0.067" /><testcase classname="skyspy.tests.e2e.test_e2e_safety.TestSafetyEventListing" name="test_list_returns_200" time="0.036" /><testcase classname="skyspy.tests.e2e.test_e2e_safety.TestSafetyEventListing" name="test_list_returns_events_structure" time="0.055" /><testcase classname="skyspy.tests.e2e.test_e2e_safety.TestSafetyEventListing" name="test_list_event_fields" time="0.090" /><testcase classname="skyspy.tests.e2e.test_e2e_safety.TestSafetyEventListing" name="test_filter_by_event_type_tcas_ra" time="0.055" /><testcase classname="skyspy.tests.e2e.test_e2e_safety.TestSafetyEventListing" name="test_filter_by_event_type_tcas_ta" time="0.043" /><testcase classname="skyspy.tests.e2e.test_e2e_safety.TestSafetyEventListing" name="test_filter_by_event_type_7500_hijack" time="0.048" /><testcase classname="skyspy.tests.e2e.test_e2e_safety.TestSafetyEventListing" name="test_filter_by_event_type_7600_radio_failure" time="0.064" /><testcase classname="skyspy.tests.e2e.test_e2e_safety.TestSafetyEventListing" name="test_filter_by_event_type_7700_emergency" time="0.103" /><testcase classname="skyspy.tests.e2e.test_e2e_safety.TestSafetyEventListing" name="test_filter_by_event_type_proximity_conflict" time="0.120" /><testcase classname="skyspy.tests.e2e.test_e2e_safety.TestSafetyEventListing" name="test_filter_by_event_type_extreme_vs" time="0.082" /><testcase classname="skyspy.tests.e2e.test_e2e_safety.TestSafetyEventListing" name="test_filter_by_severity_info" time="0.033" /><testcase classname="skyspy.tests.e2e.test_e2e_safety.TestSafetyEventListing" name="test_filter_by_severity_warning" time="0.035" /><testcase classname="skyspy.tests.e2e.test_e2e_safety.TestSafetyEventListing" name="test_filter_by_severity_critical" time="0.034" /><testcase classname="skyspy.tests.e2e.test_e2e_safety.TestSafetyEventListing" name="test_filter_by_time_range_24_hours" time="0.063" /><testcase classname="skyspy.tests.e2e.test_e2e_safety.TestSafetyEventListing" name="test_filter_by_time_range_1_hour" time="0.066" /><testcase classname="skyspy.tests.e2e.test_e2e_safety.TestSafetyEventListing" name="test_filter_by_acknowledged_true" time="0.060" /><testcase classname="skyspy.tests.e2e.test_e2e_safety.TestSafetyEventListing" name="test_filter_by_acknowledged_false" time="0.068" /><testcase classname="skyspy.tests.e2e.test_e2e_safety.TestSafetyEventListing" name="test_filter_by_icao_hex" time="0.072" /><testcase classname="skyspy.tests.e2e.test_e2e_safety.TestSafetyEventListing" name="test_list_ordered_by_timestamp_descending" time="0.056" /><testcase classname="skyspy.tests.e2e.test_e2e_safety.TestSafetyEventListing" name="test_combine_multiple_filters" time="0.023" /><testcase classname="skyspy.tests.e2e.test_e2e_safety.TestSafetyEventDetails" name="test_retrieve_existing_event" time="0.046" /><testcase classname="skyspy.tests.e2e.test_e2e_safety.TestSafetyEventDetails" name="test_retrieve_event_data" time="0.084" /><testcase classname="skyspy.tests.e2e.test_e2e_safety.TestSafetyEventDetails" name="test_retrieve_event_with_aircraft_snapshot" time="0.073" /><testcase classname="skyspy.tests.e2e.test_e2e_safety.TestSafetyEventDetails" name="test_retrieve_proximity_event_with_both_snapshots" time="0.069" /><testcase classname="skyspy.tests.e2e.test_e2e_safety.TestSafetyEventDetails" name="test_retrieve_nonexistent_event" time="0.076" /><testcase classname="skyspy.tests.e2e.test_e2e_safety.TestEventAcknowledgment" name="test_acknowledge_event" time="0.067" /><testcase classname="skyspy.tests.e2e.test_e2e_safety.TestEventAcknowledgment" name="test_acknowledge_sets_timestamp" time="0.950" /><testcase classname="skyspy.tests.e2e.test_e2e_safety.TestEventAcknowledgment" name="test_acknowledge_returns_updated_event" time="0.140" /><testcase classname="skyspy.tests.e2e.test_e2e_safety.TestEventAcknowledgment" name="test_acknowledge_already_acknowledged_is_idempotent" time="0.036" /><testcase classname="skyspy.tests.e2e.test_e2e_safety.TestEventAcknowledgment" name="test_acknowledge_nonexistent_event" time="0.043" /><testcase classname="skyspy.tests.e2e.test_e2e_safety.TestEventAcknowledgment" name="test_viewer_can_read_but_not_acknowledge" time="0.152" /><testcase classname="skyspy.tests.e2e.test_e2e_safety.TestSafetyStatistics" name="test_stats_returns_200" time="0.100" /><testcase classname="skyspy.tests.e2e.test_e2e_safety.TestSafetyStatistics" name="test_stats_response_structure" time="0.123" /><testcase classname="skyspy.tests.e2e.test_e2e_safety.TestSafetyStatistics" name="test_stats_thresholds" time="0.149" /><testcase classname="skyspy.tests.e2e.test_e2e_safety.TestSafetyStatistics" name="test_stats_counts_by_event_type" time="0.138" /><testcase classname="skyspy.tests.e2e.test_e2e_safety.TestSafetyStatistics" name="test_stats_counts_by_severity" time="0.194" /><testcase classname="skyspy.tests.e2e.test_e2e_safety.TestSafetyStatistics" name="test_stats_total_events" time="0.260" /><testcase classname="skyspy.tests.e2e.test_e2e_safety.TestSafetyStatistics" name="test_stats_unique_aircraft" time="0.217" /><testcase classname="skyspy.tests.e2e.test_e2e_safety.TestSafetyStatistics" name="test_stats_event_rate_per_hour" time="0.235" /><testcase classname="skyspy.tests.e2e.test_e2e_safety.TestSafetyStatistics" name="test_stats_top_aircraft" time="0.144" /><testcase classname="skyspy.tests.e2e.test_e2e_safety.TestSafetyStatistics" name="test_stats_recent_events" time="0.086" /><testcase classname="skyspy.tests.e2e.test_e2e_safety.TestSafetyStatistics" name="test_stats_time_filter" time="0.207" /><testcase classname="skyspy.tests.e2e.test_e2e_safety.TestSafetyStatistics" name="test_stats_time_series_data" time="0.053" /><testcase classname="skyspy.tests.e2e.test_e2e_safety.TestEventDeletion" name="test_delete_event" time="0.046" /><testcase classname="skyspy.tests.e2e.test_e2e_safety.TestEventDeletion" name="test_delete_removes_from_database" time="0.067" /><testcase classname="skyspy.tests.e2e.test_e2e_safety.TestEventDeletion" name="test_delete_nonexistent_event" time="0.086" /><testcase classname="skyspy.tests.e2e.test_e2e_safety.TestEventDeletion" name="test_bulk_delete_by_event_type" time="0.154" /><testcase classname="skyspy.tests.e2e.test_e2e_safety.TestRealTimeDetectionWorkflow" name="test_emergency_squawk_7700_creates_safety_event" time="0.030" /><testcase classname="skyspy.tests.e2e.test_e2e_safety.TestRealTimeDetectionWorkflow" name="test_emergency_squawk_7500_hijack_creates_event" time="0.031" /><testcase classname="skyspy.tests.e2e.test_e2e_safety.TestRealTimeDetectionWorkflow" name="test_emergency_squawk_7600_radio_failure_creates_event" time="0.027" /><testcase classname="skyspy.tests.e2e.test_e2e_safety.TestRealTimeDetectionWorkflow" name="test_tcas_ra_creates_critical_event" time="0.013" /><testcase classname="skyspy.tests.e2e.test_e2e_safety.TestRealTimeDetectionWorkflow" name="test_proximity_conflict_detects_close_aircraft" time="0.016" /><testcase classname="skyspy.tests.e2e.test_e2e_safety.TestRealTimeDetectionWorkflow" name="test_extreme_vertical_speed_creates_event" time="0.010" /><testcase classname="skyspy.tests.e2e.test_e2e_safety.TestPermissionChecks" name="test_viewer_can_read_events" time="0.050" /><testcase classname="skyspy.tests.e2e.test_e2e_safety.TestPermissionChecks" name="test_viewer_can_read_single_event" time="0.088" /><testcase classname="skyspy.tests.e2e.test_e2e_safety.TestPermissionChecks" name="test_viewer_can_read_stats" time="0.059" /><testcase classname="skyspy.tests.e2e.test_e2e_safety.TestPermissionChecks" name="test_operator_can_acknowledge_events" time="0.020" /><testcase classname="skyspy.tests.e2e.test_e2e_safety.TestPermissionChecks" name="test_admin_can_delete_events" time="0.024" /><testcase classname="skyspy.tests.e2e.test_e2e_safety.TestPermissionChecks" name="test_unauthenticated_gets_403_on_protected_endpoint" time="0.028" /><testcase classname="skyspy.tests.e2e.test_e2e_safety.TestPermissionChecks" name="test_no_role_user_has_limited_access" time="0.039" /><testcase classname="skyspy.tests.e2e.test_e2e_safety.TestPermissionChecks" name="test_superadmin_has_full_access" time="0.082" /><testcase classname="skyspy.tests.e2e.test_e2e_safety.TestSafetyEventsIntegration" name="test_complete_acknowledge_workflow" time="0.107" /><testcase classname="skyspy.tests.e2e.test_e2e_safety.TestSafetyEventsIntegration" name="test_stats_consistency_with_list" time="0.038" /><testcase classname="skyspy.tests.e2e.test_e2e_safety.TestSafetyEventsIntegration" name="test_all_endpoints_return_json" time="0.048" /><testcase classname="skyspy.tests.e2e.test_e2e_safety.TestSafetyEventsIntegration" name="test_http_methods_restricted" time="0.016" /><testcase classname="skyspy.tests.e2e.test_e2e_safety.TestEdgeCasesAndErrorHandling" name="test_invalid_hours_parameter_defaults" time="0.028" /><testcase classname="skyspy.tests.e2e.test_e2e_safety.TestEdgeCasesAndErrorHandling" name="test_empty_database_returns_empty_list" time="0.014" /><testcase classname="skyspy.tests.e2e.test_e2e_safety.TestEdgeCasesAndErrorHandling" name="test_stats_with_no_events" time="0.022" /><testcase classname="skyspy.tests.e2e.test_e2e_safety.TestEdgeCasesAndErrorHandling" name="test_aircraft_stats_with_no_events" time="0.020" /><testcase classname="skyspy.tests.e2e.test_e2e_safety.TestEdgeCasesAndErrorHandling" name="test_large_number_of_events" time="0.045" /><testcase classname="skyspy.tests.e2e.test_e2e_safety.TestEdgeCasesAndErrorHandling" name="test_special_characters_in_callsign" time="0.018" /><testcase classname="skyspy.tests.e2e.test_e2e_safety.TestEdgeCasesAndErrorHandling" name="test_null_optional_fields" time="0.023" /><testcase classname="skyspy.tests.e2e.test_e2e_safety.TestEdgeCasesAndErrorHandling" name="test_concurrent_acknowledge_requests" time="0.023" /><testcase classname="skyspy.tests.e2e.test_e2e_safety.TestAPIKeyAuthentication" name="test_api_key_can_read_events" time="0.018" /><testcase classname="skyspy.tests.e2e.test_e2e_safety.TestAPIKeyAuthentication" name="test_api_key_can_read_stats" time="0.025" /><testcase classname="skyspy.tests.e2e.test_e2e_safety.TestAPIKeyAuthentication" name="test_expired_api_key_denied" time="0.105"><failure message="assert 200 in [401, 403]&#10; +  where 200 = &lt;Response status_code=200, &quot;application/json&quot;&gt;.status_code">skyspy/tests/e2e/test_e2e_safety.py:1280: in test_expired_api_key_denied
    assert response.status_code in [
E   assert 200 in [401, 403]
E    +  where 200 = &lt;Response status_code=200, "application/json"&gt;.status_code</failure></testcase><testcase classname="skyspy.tests.e2e.test_e2e_stats.TestTrackingQualityStats" name="test_tracking_quality_returns_200_ok" time="0.868" /><testcase classname="skyspy.tests.e2e.test_e2e_stats.TestTrackingQualityStats" name="test_tracking_quality_response_structure" time="0.350" /><testcase classname="skyspy.tests.e2e.test_e2e_stats.TestTrackingQualityStats" name="test_tracking_quality_includes_quality_grades" time="0.564" /><testcase classname="skyspy.tests.e2e.test_e2e_stats.TestTrackingQualityStats" name="test_tracking_quality_filter_by_hours" time="1.106" /><testcase classname="skyspy.tests.e2e.test_e2e_stats.TestTrackingQualityStats" name="test_tracking_quality_refresh_param" time="0.672" /><testcase classname="skyspy.tests.e2e.test_e2e_stats.TestTrackingQualityStats" name="test_tracking_quality_gaps_endpoint" time="0.540" /><testcase classname="skyspy.tests.e2e.test_e2e_stats.TestTrackingQualityStats" name="test_tracking_quality_session_detail" time="0.754" /><testcase classname="skyspy.tests.e2e.test_e2e_stats.TestTrackingQualityStats" name="test_tracking_quality_session_not_found" time="0.018" /><testcase classname="skyspy.tests.e2e.test_e2e_stats.TestEngagementStats" name="test_engagement_stats_returns_200_ok" time="0.310" /><testcase classname="skyspy.tests.e2e.test_e2e_stats.TestEngagementStats" name="test_engagement_stats_response_structure" time="0.150" /><testcase classname="skyspy.tests.e2e.test_e2e_stats.TestEngagementStats" name="test_engagement_stats_filter_by_hours" time="0.559" /><testcase classname="skyspy.tests.e2e.test_e2e_stats.TestEngagementStats" name="test_engagement_most_watched" time="0.436" /><testcase classname="skyspy.tests.e2e.test_e2e_stats.TestEngagementStats" name="test_engagement_return_visitors" time="0.220" /><testcase classname="skyspy.tests.e2e.test_e2e_stats.TestEngagementStats" name="test_engagement_return_visitors_min_sessions" time="0.314" /><testcase classname="skyspy.tests.e2e.test_e2e_stats.TestEngagementStats" name="test_engagement_peak_tracking" time="0.187" /><testcase classname="skyspy.tests.e2e.test_e2e_stats.TestAircraftFavorites" name="test_list_favorites_returns_200_ok" time="0.125" /><testcase classname="skyspy.tests.e2e.test_e2e_stats.TestAircraftFavorites" name="test_list_favorites_response_structure" time="0.237" /><testcase classname="skyspy.tests.e2e.test_e2e_stats.TestAircraftFavorites" name="test_favorites_include_required_fields" time="0.126" /><testcase classname="skyspy.tests.e2e.test_e2e_stats.TestAircraftFavorites" name="test_toggle_favorite_add" time="0.157" /><testcase classname="skyspy.tests.e2e.test_e2e_stats.TestAircraftFavorites" name="test_toggle_favorite_remove" time="0.258" /><testcase classname="skyspy.tests.e2e.test_e2e_stats.TestAircraftFavorites" name="test_check_favorite_status" time="0.122" /><testcase classname="skyspy.tests.e2e.test_e2e_stats.TestAircraftFavorites" name="test_check_non_favorite" time="0.040" /><testcase classname="skyspy.tests.e2e.test_e2e_stats.TestAircraftFavorites" name="test_update_favorite_notes" time="0.167" /><testcase classname="skyspy.tests.e2e.test_e2e_stats.TestAircraftFavorites" name="test_favorites_unauthenticated_empty" time="0.065" /><testcase classname="skyspy.tests.e2e.test_e2e_stats.TestFlightPatternStats" name="test_flight_patterns_returns_200_ok" time="0.383" /><testcase classname="skyspy.tests.e2e.test_e2e_stats.TestFlightPatternStats" name="test_flight_patterns_response_structure" time="0.380" /><testcase classname="skyspy.tests.e2e.test_e2e_stats.TestFlightPatternStats" name="test_flight_patterns_busiest_hours" time="0.214" /><testcase classname="skyspy.tests.e2e.test_e2e_stats.TestFlightPatternStats" name="test_flight_patterns_aircraft_types" time="0.352" /><testcase classname="skyspy.tests.e2e.test_e2e_stats.TestFlightPatternStats" name="test_flight_patterns_duration_by_type" time="0.570" /><testcase classname="skyspy.tests.e2e.test_e2e_stats.TestFlightPatternStats" name="test_flight_patterns_routes" time="0.577" /><testcase classname="skyspy.tests.e2e.test_e2e_stats.TestFlightPatternStats" name="test_flight_patterns_filter_by_hours" time="0.430" /><testcase classname="skyspy.tests.e2e.test_e2e_stats.TestFlightPatternStats" name="test_flight_patterns_refresh" time="0.404" /><testcase classname="skyspy.tests.e2e.test_e2e_stats.TestGeographicStats" name="test_geographic_stats_returns_200_ok" time="0.274" /><testcase classname="skyspy.tests.e2e.test_e2e_stats.TestGeographicStats" name="test_geographic_stats_response_structure" time="0.223" /><testcase classname="skyspy.tests.e2e.test_e2e_stats.TestGeographicStats" name="test_geographic_countries" time="0.244" /><testcase classname="skyspy.tests.e2e.test_e2e_stats.TestGeographicStats" name="test_geographic_operators" time="0.193" /><testcase classname="skyspy.tests.e2e.test_e2e_stats.TestGeographicStats" name="test_geographic_military_breakdown" time="0.111" /><testcase classname="skyspy.tests.e2e.test_e2e_stats.TestGeographicStats" name="test_geographic_locations" time="0.302" /><testcase classname="skyspy.tests.e2e.test_e2e_stats.TestGeographicStats" name="test_geographic_summary" time="0.210" /><testcase classname="skyspy.tests.e2e.test_e2e_stats.TestGeographicStats" name="test_geographic_filter_by_hours" time="0.125" /><testcase classname="skyspy.tests.e2e.test_e2e_stats.TestCombinedStats" name="test_combined_stats_returns_200_ok" time="0.388" /><testcase classname="skyspy.tests.e2e.test_e2e_stats.TestCombinedStats" name="test_combined_stats_includes_both_categories" time="0.354" /><testcase classname="skyspy.tests.e2e.test_e2e_stats.TestCombinedStats" name="test_combined_stats_summary" time="0.617" /><testcase classname="skyspy.tests.e2e.test_e2e_stats.TestCombinedStats" name="test_combined_stats_filter_by_hours" time="0.285" /><testcase classname="skyspy.tests.e2e.test_e2e_stats.TestCombinedStats" name="test_combined_stats_refresh" time="0.560" /><testcase classname="skyspy.tests.e2e.test_e2e_stats.TestPersonalRecords" name="test_personal_records_model_exists" time="0.024" /><testcase classname="skyspy.tests.e2e.test_e2e_stats.TestPersonalRecords" name="test_max_distance_record" time="0.013" /><testcase classname="skyspy.tests.e2e.test_e2e_stats.TestPersonalRecords" name="test_max_altitude_record" time="0.025" /><testcase classname="skyspy.tests.e2e.test_e2e_stats.TestPersonalRecords" name="test_max_speed_record" time="0.041" /><testcase classname="skyspy.tests.e2e.test_e2e_stats.TestPersonalRecords" name="test_longest_session_record" time="0.197" /><testcase classname="skyspy.tests.e2e.test_e2e_stats.TestPersonalRecords" name="test_most_positions_record" time="0.036" /><testcase classname="skyspy.tests.e2e.test_e2e_stats.TestPersonalRecords" name="test_closest_approach_record" time="0.052" /><testcase classname="skyspy.tests.e2e.test_e2e_stats.TestRareSightings" name="test_rare_sightings_created" time="0.054" /><testcase classname="skyspy.tests.e2e.test_e2e_stats.TestRareSightings" name="test_first_time_hex_sighting" time="0.039" /><testcase classname="skyspy.tests.e2e.test_e2e_stats.TestRareSightings" name="test_military_sighting" time="0.029" /><testcase classname="skyspy.tests.e2e.test_e2e_stats.TestRareSightings" name="test_test_flight_sighting" time="0.011" /><testcase classname="skyspy.tests.e2e.test_e2e_stats.TestRareSightings" name="test_government_sighting" time="0.009" /><testcase classname="skyspy.tests.e2e.test_e2e_stats.TestRareSightings" name="test_rare_type_sighting" time="0.016" /><testcase classname="skyspy.tests.e2e.test_e2e_stats.TestRareSightings" name="test_sighting_acknowledgement" time="0.054" /><testcase classname="skyspy.tests.e2e.test_e2e_stats.TestRareSightings" name="test_filter_by_rarity_type" time="0.079" /><testcase classname="skyspy.tests.e2e.test_e2e_stats.TestRareSightings" name="test_filter_unacknowledged" time="0.015" /><testcase classname="skyspy.tests.e2e.test_e2e_stats.TestSpottedAircraftCollection" name="test_spotted_aircraft_created" time="0.047" /><testcase classname="skyspy.tests.e2e.test_e2e_stats.TestSpottedAircraftCollection" name="test_spotted_counts_created" time="0.025" /><testcase classname="skyspy.tests.e2e.test_e2e_stats.TestSpottedAircraftCollection" name="test_spotted_by_operator" time="0.061" /><testcase classname="skyspy.tests.e2e.test_e2e_stats.TestSpottedAircraftCollection" name="test_spotted_by_aircraft_type" time="0.053" /><testcase classname="skyspy.tests.e2e.test_e2e_stats.TestSpottedAircraftCollection" name="test_spotted_by_country" time="0.092" /><testcase classname="skyspy.tests.e2e.test_e2e_stats.TestSpottedAircraftCollection" name="test_spotted_aircraft_tracking" time="0.104" /><testcase classname="skyspy.tests.e2e.test_e2e_stats.TestSpottedAircraftCollection" name="test_collection_progress" time="0.069" /><testcase classname="skyspy.tests.e2e.test_e2e_stats.TestSpottedAircraftCollection" name="test_filter_by_aircraft_type" time="0.110" /><testcase classname="skyspy.tests.e2e.test_e2e_stats.TestSpottedAircraftCollection" name="test_filter_by_operator" time="0.142" /><testcase classname="skyspy.tests.e2e.test_e2e_stats.TestDailyStats" name="test_daily_stats_created" time="0.092" /><testcase classname="skyspy.tests.e2e.test_e2e_stats.TestDailyStats" name="test_daily_stats_structure" time="0.065" /><testcase classname="skyspy.tests.e2e.test_e2e_stats.TestDailyStats" name="test_daily_stats_ordering" time="0.081" /><testcase classname="skyspy.tests.e2e.test_e2e_stats.TestDailyStats" name="test_daily_stats_aircraft_types_json" time="0.247" /><testcase classname="skyspy.tests.e2e.test_e2e_stats.TestDailyStats" name="test_daily_stats_operators_json" time="0.117" /><testcase classname="skyspy.tests.e2e.test_e2e_stats.TestDailyStats" name="test_filter_by_date_range" time="0.185" /><testcase classname="skyspy.tests.e2e.test_e2e_stats.TestDailyStats" name="test_sighting_streaks" time="0.079" /><testcase classname="skyspy.tests.e2e.test_e2e_stats.TestDailyStats" name="test_military_streak" time="0.085" /><testcase classname="skyspy.tests.e2e.test_e2e_stats.TestDailyStats" name="test_comparison_with_previous_days" time="0.199" /><testcase classname="skyspy.tests.e2e.test_e2e_stats.TestAcarsStatistics" name="test_acars_stats_returns_200_ok" time="0.208" /><testcase classname="skyspy.tests.e2e.test_e2e_stats.TestAcarsStatistics" name="test_acars_stats_response_structure" time="0.115" /><testcase classname="skyspy.tests.e2e.test_e2e_stats.TestAcarsStatistics" name="test_acars_stats_by_source" time="0.069" /><testcase classname="skyspy.tests.e2e.test_e2e_stats.TestAcarsStatistics" name="test_acars_stats_top_labels" time="0.016" /><testcase classname="skyspy.tests.e2e.test_e2e_stats.TestAcarsStatistics" name="test_acars_stats_breakdown" time="0.057" /><testcase classname="skyspy.tests.e2e.test_e2e_stats.TestAcarsStatistics" name="test_acars_stats_airlines" time="0.180" /><testcase classname="skyspy.tests.e2e.test_e2e_stats.TestAcarsStatistics" name="test_acars_stats_trends" time="0.055" /><testcase classname="skyspy.tests.e2e.test_e2e_stats.TestAcarsStatistics" name="test_acars_stats_filter_by_hours" time="0.021" /><testcase classname="skyspy.tests.e2e.test_e2e_stats.TestAcarsStatistics" name="test_acars_labels_reference" time="0.012" /><testcase classname="skyspy.tests.e2e.test_e2e_stats.TestAcarsStatistics" name="test_acars_stats_summary" time="0.028" /><testcase classname="skyspy.tests.e2e.test_e2e_stats.TestAcarsStatistics" name="test_acars_category_trends" time="0.024" /><testcase classname="skyspy.tests.e2e.test_e2e_stats.TestAcarsStatistics" name="test_acars_text_analysis" time="0.024" /><testcase classname="skyspy.tests.e2e.test_e2e_stats.TestStatsIntegration" name="test_all_stats_endpoints_return_json" time="1.796" /><testcase classname="skyspy.tests.e2e.test_e2e_stats.TestStatsIntegration" name="test_stats_with_authenticated_user" time="0.221" /><testcase classname="skyspy.tests.e2e.test_e2e_stats.TestStatsIntegration" name="test_stats_cache_behavior" time="0.063" /><testcase classname="skyspy.tests.e2e.test_e2e_stats.TestStatsIntegration" name="test_stats_time_range_consistency" time="0.216" /><testcase classname="skyspy.tests.e2e.test_e2e_stats.TestStatsPermissions" name="test_public_stats_accessible_without_auth" time="0.170" /><testcase classname="skyspy.tests.e2e.test_e2e_stats.TestStatsPermissions" name="test_viewer_can_access_stats" time="1.353" /><testcase classname="skyspy.tests.e2e.test_e2e_stats.TestStatsPermissions" name="test_operator_can_manage_favorites" time="0.251" /><testcase classname="skyspy.tests.e2e.test_e2e_stats.TestStatsPermissions" name="test_analyst_has_full_stats_access" time="1.107" /><testcase classname="skyspy.tests.e2e.test_e2e_stats.TestConfigurationModels" name="test_notable_registration_creation" time="0.026" /><testcase classname="skyspy.tests.e2e.test_e2e_stats.TestConfigurationModels" name="test_notable_callsign_creation" time="0.014" /><testcase classname="skyspy.tests.e2e.test_e2e_stats.TestConfigurationModels" name="test_rare_aircraft_type_creation" time="0.009" /><testcase classname="skyspy.tests.e2e.test_e2e_stats.TestConfigurationModels" name="test_filter_active_patterns" time="0.024" /><testcase classname="skyspy.tests.e2e.test_e2e_system.TestHealthCheckEndpoints" name="test_health_check_returns_200" time="0.308" /><testcase classname="skyspy.tests.e2e.test_e2e_system.TestHealthCheckEndpoints" name="test_health_check_with_trailing_slash" time="0.006" /><testcase classname="skyspy.tests.e2e.test_e2e_system.TestHealthCheckEndpoints" name="test_health_check_response_structure" time="0.008" /><testcase classname="skyspy.tests.e2e.test_e2e_system.TestHealthCheckEndpoints" name="test_health_check_services_include_database" time="0.005" /><testcase classname="skyspy.tests.e2e.test_e2e_system.TestHealthCheckEndpoints" name="test_health_check_services_include_cache" time="0.007" /><testcase classname="skyspy.tests.e2e.test_e2e_system.TestHealthCheckEndpoints" name="test_health_check_services_include_celery" time="0.022" /><testcase classname="skyspy.tests.e2e.test_e2e_system.TestHealthCheckEndpoints" name="test_health_check_celery_up_with_heartbeat" time="0.062" /><testcase classname="skyspy.tests.e2e.test_e2e_system.TestHealthCheckEndpoints" name="test_health_check_database_connectivity" time="0.031" /><testcase classname="skyspy.tests.e2e.test_e2e_system.TestHealthCheckEndpoints" name="test_health_check_cache_connectivity" time="0.036" /><testcase classname="skyspy.tests.e2e.test_e2e_system.TestHealthCheckEndpoints" name="test_health_check_returns_json" time="0.016" /><testcase classname="skyspy.tests.e2e.test_e2e_system.TestHealthCheckEndpoints" name="test_health_check_timestamp_format" time="0.020" /><testcase classname="skyspy.tests.e2e.test_e2e_system.TestHealthCheckEndpoints" name="test_health_check_is_public_no_auth_required" time="0.056" /><testcase classname="skyspy.tests.e2e.test_e2e_system.TestHealthCheckEndpoints" name="test_health_check_overall_status_healthy" time="0.020" /><testcase classname="skyspy.tests.e2e.test_e2e_system.TestSystemStatusEndpoint" name="test_status_returns_200" time="0.052" /><testcase classname="skyspy.tests.e2e.test_e2e_system.TestSystemStatusEndpoint" name="test_status_with_trailing_slash" time="0.023" /><testcase classname="skyspy.tests.e2e.test_e2e_system.TestSystemStatusEndpoint" name="test_status_includes_version_info" time="0.015" /><testcase classname="skyspy.tests.e2e.test_e2e_system.TestSystemStatusEndpoint" name="test_status_includes_uptime" time="0.017" /><testcase classname="skyspy.tests.e2e.test_e2e_system.TestSystemStatusEndpoint" name="test_status_includes_component_statuses" time="0.014" /><testcase classname="skyspy.tests.e2e.test_e2e_system.TestSystemStatusEndpoint" name="test_status_includes_aircraft_count" time="0.015" /><testcase classname="skyspy.tests.e2e.test_e2e_system.TestSystemStatusEndpoint" name="test_status_includes_session_count" time="0.017" /><testcase classname="skyspy.tests.e2e.test_e2e_system.TestSystemStatusEndpoint" name="test_status_includes_alert_count" time="0.023" /><testcase classname="skyspy.tests.e2e.test_e2e_system.TestSystemStatusEndpoint" name="test_status_includes_safety_event_count" time="0.015" /><testcase classname="skyspy.tests.e2e.test_e2e_system.TestSystemStatusEndpoint" name="test_status_includes_location" time="0.016" /><testcase classname="skyspy.tests.e2e.test_e2e_system.TestSystemStatusEndpoint" name="test_status_with_cached_aircraft_data" time="0.024" /><testcase classname="skyspy.tests.e2e.test_e2e_system.TestSystemStatusEndpoint" name="test_status_adsb_offline_when_no_data" time="0.019" /><testcase classname="skyspy.tests.e2e.test_e2e_system.TestSystemHealthDetailEndpoint" name="test_health_detail_returns_200" time="0.010" /><testcase classname="skyspy.tests.e2e.test_e2e_system.TestSystemHealthDetailEndpoint" name="test_health_detail_includes_database_stats" time="0.007" /><testcase classname="skyspy.tests.e2e.test_e2e_system.TestSystemHealthDetailEndpoint" name="test_health_detail_database_latency" time="0.009" /><testcase classname="skyspy.tests.e2e.test_e2e_system.TestSystemHealthDetailEndpoint" name="test_health_detail_cache_stats" time="0.011" /><testcase classname="skyspy.tests.e2e.test_e2e_system.TestSystemHealthDetailEndpoint" name="test_health_detail_external_service_connectivity" time="0.007" /><testcase classname="skyspy.tests.e2e.test_e2e_system.TestSystemInfoEndpoint" name="test_info_returns_200" time="0.006" /><testcase classname="skyspy.tests.e2e.test_e2e_system.TestSystemInfoEndpoint" name="test_info_includes_version" time="0.005" /><testcase classname="skyspy.tests.e2e.test_e2e_system.TestSystemInfoEndpoint" name="test_info_includes_environment" time="0.007" /><testcase classname="skyspy.tests.e2e.test_e2e_system.TestSystemInfoEndpoint" name="test_info_includes_feature_flags" time="0.007" /><testcase classname="skyspy.tests.e2e.test_e2e_system.TestSystemInfoEndpoint" name="test_info_includes_auth_mode_configuration" time="0.005" /><testcase classname="skyspy.tests.e2e.test_e2e_system.TestSystemInfoEndpoint" name="test_info_includes_endpoints_documentation" time="0.005" /><testcase classname="skyspy.tests.e2e.test_e2e_system.TestPrometheusMetricsEndpoint" name="test_metrics_endpoint_exists" time="0.006" /><testcase classname="skyspy.tests.e2e.test_e2e_system.TestPrometheusMetricsEndpoint" name="test_metrics_returns_prometheus_format_when_enabled" time="0.052" /><testcase classname="skyspy.tests.e2e.test_e2e_system.TestPrometheusMetricsEndpoint" name="test_metrics_includes_http_request_counts" time="0.004" /><testcase classname="skyspy.tests.e2e.test_e2e_system.TestPrometheusMetricsEndpoint" name="test_metrics_requires_permission_when_protected" time="0.027" /><testcase classname="skyspy.tests.e2e.test_e2e_system.TestPrometheusMetricsEndpoint" name="test_metrics_disabled_returns_503" time="0.007" /><testcase classname="skyspy.tests.e2e.test_e2e_system.TestDatabaseStatsEndpoint" name="test_databases_returns_200_or_requires_auth" time="0.018" /><testcase classname="skyspy.tests.e2e.test_e2e_system.TestDatabaseStatsEndpoint" name="test_databases_includes_table_row_counts" time="0.023" /><testcase classname="skyspy.tests.e2e.test_e2e_system.TestDatabaseStatsEndpoint" name="test_databases_includes_connection_pool_status" time="0.033" /><testca
[...]
estAircraftConsumerRequests" name="test_request_aircraft_missing_icao" time="1.021" /><testcase classname="skyspy.tests.test_consumers_aircraft.TestAircraftConsumerRequests" name="test_request_aircraft_list" time="2.670" /><testcase classname="skyspy.tests.test_consumers_aircraft.TestAircraftConsumerRequests" name="test_request_aircraft_list_with_filters" time="1.152" /><testcase classname="skyspy.tests.test_consumers_aircraft.TestAircraftConsumerRequests" name="test_request_aircraft_list_altitude_filter" time="1.420" /><testcase classname="skyspy.tests.test_consumers_aircraft.TestAircraftConsumerRequests" name="test_request_unknown_type" time="1.748" /><testcase classname="skyspy.tests.test_consumers_aircraft.TestAircraftConsumerErrorHandling" name="test_unknown_action_returns_error" time="1.469" /><testcase classname="skyspy.tests.test_consumers_aircraft.TestAircraftConsumerErrorHandling" name="test_ping_pong" time="1.164" /><testcase classname="skyspy.tests.test_consumers_aircraft.TestAircraftConsumerErrorHandling" name="test_subscribe_unsupported_topic_ignored" time="1.372" /><testcase classname="skyspy.tests.test_consumers_aircraft.TestAircraftConsumerErrorHandling" name="test_empty_cache_returns_empty_snapshot" time="1.389" /><testcase classname="skyspy.tests.test_consumers_audio.TestAudioConsumerConnection" name="test_connect_accepts_websocket" time="1.209" /><testcase classname="skyspy.tests.test_consumers_audio.TestAudioConsumerConnection" name="test_connect_sends_initial_snapshot" time="1.488" /><testcase classname="skyspy.tests.test_consumers_audio.TestAudioConsumerConnection" name="test_connect_joins_default_all_topic" time="0.740" /><testcase classname="skyspy.tests.test_consumers_audio.TestAudioConsumerConnection" name="test_connect_with_specific_topics" time="0.865" /><testcase classname="skyspy.tests.test_consumers_audio.TestAudioConsumerConnection" name="test_disconnect_leaves_groups" time="1.093" /><testcase classname="skyspy.tests.test_consumers_audio.TestAudioConsumerSubscription" name="test_subscribe_to_topics" time="2.103" /><testcase classname="skyspy.tests.test_consumers_audio.TestAudioConsumerSubscription" name="test_unsubscribe_from_topics" time="1.859" /><testcase classname="skyspy.tests.test_consumers_audio.TestAudioConsumerSubscription" name="test_subscribe_all_supported_topics" time="1.499" /><testcase classname="skyspy.tests.test_consumers_audio.TestAudioConsumerBroadcast" name="test_audio_transmission_broadcast" time="0.916" /><testcase classname="skyspy.tests.test_consumers_audio.TestAudioConsumerBroadcast" name="test_transcription_started_broadcast" time="1.334" /><testcase classname="skyspy.tests.test_consumers_audio.TestAudioConsumerBroadcast" name="test_transcription_completed_broadcast" time="0.944" /><testcase classname="skyspy.tests.test_consumers_audio.TestAudioConsumerBroadcast" name="test_transcription_failed_broadcast" time="1.126" /><testcase classname="skyspy.tests.test_consumers_audio.TestAudioConsumerBroadcast" name="test_audio_snapshot_broadcast" time="1.859"><failure message="TimeoutError">/opt/venv/lib/python3.12/site-packages/asgiref/testing.py:110: in receive_output
    return await self.output_queue.get()
           ^^^^^^^^^^^^^^^^^^^^^^^^^^^^^
/usr/local/lib/python3.12/asyncio/queues.py:158: in get
    await getter
E   asyncio.exceptions.CancelledError

During handling of the above exception, another exception occurred:
skyspy/tests/test_consumers_audio.py:389: in test_audio_snapshot_broadcast
    response = await communicator.receive_json_from()
               ^^^^^^^^^^^^^^^^^^^^^^^^^^^^^^^^^^^^^^
/opt/venv/lib/python3.12/site-packages/channels/testing/websocket.py:104: in receive_json_from
    payload = await self.receive_from(timeout)
              ^^^^^^^^^^^^^^^^^^^^^^^^^^^^^^^^
/opt/venv/lib/python3.12/site-packages/channels/testing/websocket.py:79: in receive_from
    response = await self.receive_output(timeout)
               ^^^^^^^^^^^^^^^^^^^^^^^^^^^^^^^^^^
/opt/venv/lib/python3.12/site-packages/channels/testing/application.py:17: in receive_output
    return await super().receive_output(timeout)
           ^^^^^^^^^^^^^^^^^^^^^^^^^^^^^^^^^^^^^
/opt/venv/lib/python3.12/site-packages/asgiref/testing.py:121: in receive_output
    raise e
/opt/venv/lib/python3.12/site-packages/asgiref/testing.py:109: in receive_output
    async with async_timeout(timeout):
               ^^^^^^^^^^^^^^^^^^^^^^
/opt/venv/lib/python3.12/site-packages/asgiref/timeout.py:71: in __aexit__
    self._do_exit(exc_type)
/opt/venv/lib/python3.12/site-packages/asgiref/timeout.py:108: in _do_exit
    raise asyncio.TimeoutError
E   TimeoutError</failure></testcase><testcase classname="skyspy.tests.test_consumers_audio.TestAudioConsumerBroadcast" name="test_multiple_consumers_receive_broadcast" time="0.930" /><testcase classname="skyspy.tests.test_consumers_audio.TestAudioConsumerRequests" name="test_request_transmissions" time="0.529" /><testcase classname="skyspy.tests.test_consumers_audio.TestAudioConsumerRequests" name="test_request_transmissions_by_frequency" time="1.053" /><testcase classname="skyspy.tests.test_consumers_audio.TestAudioConsumerRequests" name="test_request_transmissions_by_channel_name" time="0.659" /><testcase classname="skyspy.tests.test_consumers_audio.TestAudioConsumerRequests" name="test_request_transmissions_by_status" time="0.255" /><testcase classname="skyspy.tests.test_consumers_audio.TestAudioConsumerRequests" name="test_request_transmissions_with_limit" time="0.188" /><testcase classname="skyspy.tests.test_consumers_audio.TestAudioConsumerRequests" name="test_request_single_transmission" time="0.192" /><testcase classname="skyspy.tests.test_consumers_audio.TestAudioConsumerRequests" name="test_request_single_transmission_missing_id" time="0.184" /><testcase classname="skyspy.tests.test_consumers_audio.TestAudioConsumerRequests" name="test_request_nonexistent_transmission" time="0.164" /><testcase classname="skyspy.tests.test_consumers_audio.TestAudioConsumerRequests" name="test_request_stats" time="0.187" /><testcase classname="skyspy.tests.test_consumers_audio.TestAudioConsumerRequests" name="test_request_unknown_type" time="0.182" /><testcase classname="skyspy.tests.test_consumers_audio.TestAudioConsumerErrorHandling" name="test_unknown_action_returns_error" time="0.152" /><testcase classname="skyspy.tests.test_consumers_audio.TestAudioConsumerErrorHandling" name="test_ping_pong" time="0.159" /><testcase classname="skyspy.tests.test_consumers_audio.TestAudioConsumerErrorHandling" name="test_empty_database_returns_empty_snapshot" time="0.225" /><testcase classname="skyspy.tests.test_consumers_audio.TestAudioConsumerErrorHandling" name="test_transmission_serialization" time="0.175" /><testcase classname="skyspy.tests.test_consumers_audio.TestAudioConsumerErrorHandling" name="test_subscribe_unsupported_topic_ignored" time="0.177" /><testcase classname="skyspy.tests.test_consumers_audio.TestAudioConsumerErrorHandling" name="test_pending_transcriptions_count" time="0.181" /><testcase classname="skyspy.tests.test_consumers_safety.TestSafetyConsumerConnection" name="test_connect_accepts_websocket" time="0.150" /><testcase classname="skyspy.tests.test_consumers_safety.TestSafetyConsumerConnection" name="test_connect_sends_initial_snapshot" time="0.150" /><testcase classname="skyspy.tests.test_consumers_safety.TestSafetyConsumerConnection" name="test_connect_joins_default_all_topic" time="0.144" /><testcase classname="skyspy.tests.test_consumers_safety.TestSafetyConsumerConnection" name="test_connect_with_specific_topics" time="1.168"><failure message="TimeoutError">/opt/venv/lib/python3.12/site-packages/asgiref/testing.py:110: in receive_output
    return await self.output_queue.get()
           ^^^^^^^^^^^^^^^^^^^^^^^^^^^^^
/usr/local/lib/python3.12/asyncio/queues.py:158: in get
    await getter
E   asyncio.exceptions.CancelledError

During handling of the above exception, another exception occurred:
skyspy/tests/test_consumers_safety.py:145: in test_connect_with_specific_topics
    response = await communicator.receive_json_from()
               ^^^^^^^^^^^^^^^^^^^^^^^^^^^^^^^^^^^^^^
/opt/venv/lib/python3.12/site-packages/channels/testing/websocket.py:104: in receive_json_from
    payload = await self.receive_from(timeout)
              ^^^^^^^^^^^^^^^^^^^^^^^^^^^^^^^^
/opt/venv/lib/python3.12/site-packages/channels/testing/websocket.py:79: in receive_from
    response = await self.receive_output(timeout)
               ^^^^^^^^^^^^^^^^^^^^^^^^^^^^^^^^^^
/opt/venv/lib/python3.12/site-packages/channels/testing/application.py:17: in receive_output
    return await super().receive_output(timeout)
           ^^^^^^^^^^^^^^^^^^^^^^^^^^^^^^^^^^^^^
/opt/venv/lib/python3.12/site-packages/asgiref/testing.py:121: in receive_output
    raise e
/opt/venv/lib/python3.12/site-packages/asgiref/testing.py:109: in receive_output
    async with async_timeout(timeout):
               ^^^^^^^^^^^^^^^^^^^^^^
/opt/venv/lib/python3.12/site-packages/asgiref/timeout.py:71: in __aexit__
    self._do_exit(exc_type)
/opt/venv/lib/python3.12/site-packages/asgiref/timeout.py:108: in _do_exit
    raise asyncio.TimeoutError
E   TimeoutError</failure></testcase><testcase classname="skyspy.tests.test_consumers_safety.TestSafetyConsumerConnection" name="test_disconnect_leaves_groups" time="0.146" /><testcase classname="skyspy.tests.test_consumers_safety.TestSafetyConsumerSubscription" name="test_subscribe_to_topics" time="0.144" /><testcase classname="skyspy.tests.test_consumers_safety.TestSafetyConsumerSubscription" name="test_unsubscribe_from_topics" time="0.185" /><testcase classname="skyspy.tests.test_consumers_safety.TestSafetyConsumerSubscription" name="test_subscribe_all_supported_topics" time="0.153" /><testcase classname="skyspy.tests.test_consumers_safety.TestSafetyConsumerBroadcast" name="test_safety_event_broadcast" time="0.142" /><testcase classname="skyspy.tests.test_consumers_safety.TestSafetyConsumerBroadcast" name="test_safety_event_updated_broadcast" time="0.144" /><testcase classname="skyspy.tests.test_consumers_safety.TestSafetyConsumerBroadcast" name="test_safety_event_resolved_broadcast" time="0.163" /><testcase classname="skyspy.tests.test_consumers_safety.TestSafetyConsumerBroadcast" name="test_safety_snapshot_broadcast" time="1.157"><failure message="TimeoutError">/opt/venv/lib/python3.12/site-packages/asgiref/testing.py:110: in receive_output
    return await self.output_queue.get()
           ^^^^^^^^^^^^^^^^^^^^^^^^^^^^^
/usr/local/lib/python3.12/asyncio/queues.py:158: in get
    await getter
E   asyncio.exceptions.CancelledError

During handling of the above exception, another exception occurred:
skyspy/tests/test_consumers_safety.py:342: in test_safety_snapshot_broadcast
    response = await communicator.receive_json_from()
               ^^^^^^^^^^^^^^^^^^^^^^^^^^^^^^^^^^^^^^
/opt/venv/lib/python3.12/site-packages/channels/testing/websocket.py:104: in receive_json_from
    payload = await self.receive_from(timeout)
              ^^^^^^^^^^^^^^^^^^^^^^^^^^^^^^^^
/opt/venv/lib/python3.12/site-packages/channels/testing/websocket.py:79: in receive_from
    response = await self.receive_output(timeout)
               ^^^^^^^^^^^^^^^^^^^^^^^^^^^^^^^^^^
/opt/venv/lib/python3.12/site-packages/channels/testing/application.py:17: in receive_output
    return await super().receive_output(timeout)
           ^^^^^^^^^^^^^^^^^^^^^^^^^^^^^^^^^^^^^
/opt/venv/lib/python3.12/site-packages/asgiref/testing.py:121: in receive_output
    raise e
/opt/venv/lib/python3.12/site-packages/asgiref/testing.py:109: in receive_output
    async with async_timeout(timeout):
               ^^^^^^^^^^^^^^^^^^^^^^
/opt/venv/lib/python3.12/site-packages/asgiref/timeout.py:71: in __aexit__
    self._do_exit(exc_type)
/opt/venv/lib/python3.12/site-packages/asgiref/timeout.py:108: in _do_exit
    raise asyncio.TimeoutError
E   TimeoutError</failure></testcase><testcase classname="skyspy.tests.test_consumers_safety.TestSafetyConsumerBroadcast" name="test_tcas_specific_topic_broadcast" time="0.143" /><testcase classname="skyspy.tests.test_consumers_safety.TestSafetyConsumerRequests" name="test_request_active_events" time="0.161" /><testcase classname="skyspy.tests.test_consumers_safety.TestSafetyConsumerRequests" name="test_request_active_events_with_type_filter" time="0.145" /><testcase classname="skyspy.tests.test_consumers_safety.TestSafetyConsumerRequests" name="test_request_active_events_with_severity_filter" time="0.145" /><testcase classname="skyspy.tests.test_consumers_safety.TestSafetyConsumerRequests" name="test_request_event_history" time="0.144" /><testcase classname="skyspy.tests.test_consumers_safety.TestSafetyConsumerRequests" name="test_request_event_history_by_icao" time="0.145" /><testcase classname="skyspy.tests.test_consumers_safety.TestSafetyConsumerRequests" name="test_acknowledge_event" time="0.148" /><testcase classname="skyspy.tests.test_consumers_safety.TestSafetyConsumerRequests" name="test_acknowledge_event_missing_id" time="0.149" /><testcase classname="skyspy.tests.test_consumers_safety.TestSafetyConsumerRequests" name="test_acknowledge_nonexistent_event" time="0.152" /><testcase classname="skyspy.tests.test_consumers_safety.TestSafetyConsumerRequests" name="test_request_unknown_type" time="0.138" /><testcase classname="skyspy.tests.test_consumers_safety.TestSafetyConsumerErrorHandling" name="test_unknown_action_returns_error" time="0.153" /><testcase classname="skyspy.tests.test_consumers_safety.TestSafetyConsumerErrorHandling" name="test_ping_pong" time="0.162" /><testcase classname="skyspy.tests.test_consumers_safety.TestSafetyConsumerErrorHandling" name="test_empty_database_returns_empty_snapshot" time="0.147" /><testcase classname="skyspy.tests.test_consumers_safety.TestSafetyConsumerErrorHandling" name="test_multiple_consumers_receive_broadcast" time="0.149" /><testcase classname="skyspy.tests.test_integration.TestAircraftPollingFlow" name="test_calculate_distance" time="0.136" /><testcase classname="skyspy.tests.test_integration.TestAircraftPollingFlow" name="test_store_aircraft_sightings" time="0.137" /><testcase classname="skyspy.tests.test_integration.TestAircraftPollingFlow" name="test_update_aircraft_sessions_new" time="0.168" /><testcase classname="skyspy.tests.test_integration.TestAircraftPollingFlow" name="test_update_aircraft_sessions_existing" time="0.178" /><testcase classname="skyspy.tests.test_integration.TestAircraftPollingFlow" name="test_poll_aircraft_success" time="1.333" /><testcase classname="skyspy.tests.test_integration.TestAircraftPollingFlow" name="test_poll_aircraft_failure" time="0.160" /><testcase classname="skyspy.tests.test_integration.TestAlertFlow" name="test_create_alert_rule" time="0.153" /><testcase classname="skyspy.tests.test_integration.TestAlertFlow" name="test_evaluate_simple_alert" time="0.201" /><testcase classname="skyspy.tests.test_integration.TestAlertFlow" name="test_evaluate_military_alert" time="0.195" /><testcase classname="skyspy.tests.test_integration.TestAlertFlow" name="test_evaluate_complex_conditions" time="0.195" /><testcase classname="skyspy.tests.test_integration.TestAlertFlow" name="test_alert_creates_history" time="0.184" /><testcase classname="skyspy.tests.test_integration.TestAlertFlow" name="test_alert_cooldown" time="0.174" /><testcase classname="skyspy.tests.test_integration.TestAlertFlow" name="test_disabled_rule_not_evaluated" time="0.153" /><testcase classname="skyspy.tests.test_integration.TestAlertFlow" name="test_scheduled_rule_outside_window" time="0.151" /><testcase classname="skyspy.tests.test_integration.TestSafetyEventFlow" name="test_detect_emergency_squawk" time="0.160" /><testcase classname="skyspy.tests.test_integration.TestSafetyEventFlow" name="test_detect_extreme_vertical_speed" time="0.175" /><testcase classname="skyspy.tests.test_integration.TestSafetyEventFlow" name="test_detect_proximity_conflict" time="0.149" /><testcase classname="skyspy.tests.test_integration.TestSafetyEventFlow" name="test_detect_vs_reversal" time="0.257" /><testcase classname="skyspy.tests.test_integration.TestSafetyEventFlow" name="test_safety_event_cooldown" time="0.146" /><testcase classname="skyspy.tests.test_integration.TestSafetyEventFlow" name="test_safety_monitoring_disabled" time="0.154" /><testcase classname="skyspy.tests.test_integration.TestAcarsFlow" name="test_normalize_acars_message" time="0.173" /><testcase classname="skyspy.tests.test_integration.TestAcarsFlow" name="test_normalize_vdlm2_message" time="0.153" /><testcase classname="skyspy.tests.test_integration.TestAcarsFlow" name="test_store_acars_message" time="0.152" /><testcase classname="skyspy.tests.test_integration.TestAcarsFlow" name="test_message_deduplication" time="0.174" /><testcase classname="skyspy.tests.test_integration.TestAcarsFlow" name="test_get_recent_messages" time="0.183" /><testcase classname="skyspy.tests.test_integration.TestAcarsFlow" name="test_get_stats" time="0.174" /><testcase classname="skyspy.tests.test_integration.TestTranscriptionFlow" name="test_create_audio_transmission" time="0.203" /><testcase classname="skyspy.tests.test_integration.TestTranscriptionFlow" name="test_queue_transcription" time="0.167" /><testcase classname="skyspy.tests.test_integration.TestTranscriptionFlow" name="test_transcription_success" time="0.211" /><testcase classname="skyspy.tests.test_integration.TestTranscriptionFlow" name="test_transcription_file_not_found" time="0.170" /><testcase classname="skyspy.tests.test_integration.TestTranscriptionFlow" name="test_process_transcription_queue" time="0.155" /><testcase classname="skyspy.tests.test_integration.TestWebSocketIntegration" name="test_aircraft_consumer_connect" time="0.424" /><testcase classname="skyspy.tests.test_integration.TestWebSocketIntegration" name="test_aircraft_consumer_with_cached_data" time="0.508" /><testcase classname="skyspy.tests.test_integration.TestWebSocketIntegration" name="test_safety_consumer_connect" time="0.224" /><testcase classname="skyspy.tests.test_integration.TestWebSocketIntegration" name="test_acars_consumer_connect" time="0.171" /><testcase classname="skyspy.tests.test_integration.TestWebSocketIntegration" name="test_ping_pong" time="0.592" /><testcase classname="skyspy.tests.test_integration.TestWebSocketIntegration" name="test_subscribe_topics" time="0.562" /><testcase classname="skyspy.tests.test_integration.TestEndToEndFlows" name="test_aircraft_poll_to_storage_flow" time="0.163" /><testcase classname="skyspy.tests.test_integration.TestEndToEndFlows" name="test_alert_to_notification_flow" time="0.174" /><testcase classname="skyspy.tests.test_integration.TestEndToEndFlows" name="test_safety_event_broadcast_flow" time="0.148" /><testcase classname="skyspy.tests.test_integration.TestPerformance" name="test_bulk_sighting_storage" time="0.303" /><testcase classname="skyspy.tests.test_integration.TestPerformance" name="test_alert_evaluation_performance" time="26.990" /><testcase classname="skyspy.tests.test_integration.TestPerformance" name="test_safety_monitor_performance" time="3.760"><failure message="assert 3.0207300186157227 &lt; 3.0">skyspy/tests/test_integration.py:985: in test_safety_monitor_performance
    assert elapsed &lt; 3.0  # 3 seconds max
    ^^^^^^^^^^^^^^^^^^^^
E   assert 3.0207300186157227 &lt; 3.0</failure></testcase><testcase classname="skyspy.tests.test_integration.TestErrorHandling" name="test_invalid_alert_conditions" time="0.690" /><testcase classname="skyspy.tests.test_integration.TestErrorHandling" name="test_missing_aircraft_fields" time="0.299" /><testcase classname="skyspy.tests.test_integration.TestErrorHandling" name="test_acars_invalid_json" time="0.738" /><testcase classname="skyspy.tests.test_integration.TestErrorHandling" name="test_database_integrity_on_duplicate" time="0.961" /></testsuite></testsuites>