mode: set
github.com/skyspy/skyspy-go/internal/ui/spectrum.go:20.63,27.2 1 1
github.com/skyspy/skyspy-go/internal/ui/spectrum.go:30.60,31.50 1 1
github.com/skyspy/skyspy-go/internal/ui/spectrum.go:31.50,33.19 2 1
github.com/skyspy/skyspy-go/internal/ui/spectrum.go:33.19,35.4 1 1
github.com/skyspy/skyspy-go/internal/ui/spectrum.go:36.3,36.17 1 1
github.com/skyspy/skyspy-go/internal/ui/spectrum.go:36.17,38.4 1 1
github.com/skyspy/skyspy-go/internal/ui/spectrum.go:39.3,39.49 1 1
github.com/skyspy/skyspy-go/internal/ui/spectrum.go:44.55,45.39 1 1
github.com/skyspy/skyspy-go/internal/ui/spectrum.go:45.39,46.18 1 1
github.com/skyspy/skyspy-go/internal/ui/spectrum.go:46.18,48.4 1 1
github.com/skyspy/skyspy-go/internal/ui/spectrum.go:49.3,49.16 1 1
github.com/skyspy/skyspy-go/internal/ui/spectrum.go:49.16,51.4 1 1
github.com/skyspy/skyspy-go/internal/ui/spectrum.go:52.3,52.24 1 1
github.com/skyspy/skyspy-go/internal/ui/spectrum.go:57.38,65.38 6 1
github.com/skyspy/skyspy-go/internal/ui/spectrum.go:65.38,69.38 3 1
github.com/skyspy/skyspy-go/internal/ui/spectrum.go:69.38,71.25 2 1
github.com/skyspy/skyspy-go/internal/ui/spectrum.go:71.25,73.5 1 1
github.com/skyspy/skyspy-go/internal/ui/spectrum.go:75.4,75.26 1 1
github.com/skyspy/skyspy-go/internal/ui/spectrum.go:75.26,77.25 1 1
github.com/skyspy/skyspy-go/internal/ui/spectrum.go:77.25,79.6 1 1
github.com/skyspy/skyspy-go/internal/ui/spectrum.go:79.11,79.34 1 1
github.com/skyspy/skyspy-go/internal/ui/spectrum.go:79.34,81.6 1 1
github.com/skyspy/skyspy-go/internal/ui/spectrum.go:81.11,83.6 1 1
github.com/skyspy/skyspy-go/internal/ui/spectrum.go:84.10,86.5 1 1
github.com/skyspy/skyspy-go/internal/ui/spectrum.go:88.3,88.27 1 1
github.com/skyspy/skyspy-go/internal/ui/spectrum.go:91.2,91.14 1 1
github.com/skyspy/skyspy-go/internal/ui/spectrum.go:95.43,102.31 6 1
github.com/skyspy/skyspy-go/internal/ui/spectrum.go:102.31,104.22 2 1
github.com/skyspy/skyspy-go/internal/ui/spectrum.go:104.22,106.4 1 1
github.com/skyspy/skyspy-go/internal/ui/spectrum.go:108.3,108.18 1 1
github.com/skyspy/skyspy-go/internal/ui/spectrum.go:108.18,110.4 1 1
github.com/skyspy/skyspy-go/internal/ui/spectrum.go:110.9,110.25 1 1
github.com/skyspy/skyspy-go/internal/ui/spectrum.go:110.25,112.4 1 1
github.com/skyspy/skyspy-go/internal/ui/spectrum.go:112.9,112.25 1 1
github.com/skyspy/skyspy-go/internal/ui/spectrum.go:112.25,114.4 1 1
github.com/skyspy/skyspy-go/internal/ui/spectrum.go:114.9,116.4 1 1
github.com/skyspy/skyspy-go/internal/ui/spectrum.go:118.2,118.20 1 1
github.com/skyspy/skyspy-go/internal/ui/spectrum.go:130.65,132.25 2 1
github.com/skyspy/skyspy-go/internal/ui/spectrum.go:132.25,134.3 1 1
github.com/skyspy/skyspy-go/internal/ui/spectrum.go:135.2,140.3 1 1
github.com/skyspy/skyspy-go/internal/ui/spectrum.go:144.44,146.40 1 1
github.com/skyspy/skyspy-go/internal/ui/spectrum.go:146.40,148.3 1 1
github.com/skyspy/skyspy-go/internal/ui/spectrum.go:151.2,152.50 2 1
github.com/skyspy/skyspy-go/internal/ui/spectrum.go:152.50,154.3 1 1
github.com/skyspy/skyspy-go/internal/ui/spectrum.go:155.2,155.39 1 1
github.com/skyspy/skyspy-go/internal/ui/spectrum.go:159.39,174.38 3 1
github.com/skyspy/skyspy-go/internal/ui/spectrum.go:174.38,178.38 3 1
github.com/skyspy/skyspy-go/internal/ui/spectrum.go:178.38,180.23 2 1
github.com/skyspy/skyspy-go/internal/ui/spectrum.go:180.23,182.5 1 1
github.com/skyspy/skyspy-go/internal/ui/spectrum.go:185.4,186.20 2 1
github.com/skyspy/skyspy-go/internal/ui/spectrum.go:186.20,188.5 1 1
github.com/skyspy/skyspy-go/internal/ui/spectrum.go:189.4,189.31 1 1
github.com/skyspy/skyspy-go/internal/ui/spectrum.go:189.31,191.5 1 1
github.com/skyspy/skyspy-go/internal/ui/spectrum.go:193.4,197.19 3 1
github.com/skyspy/skyspy-go/internal/ui/spectrum.go:197.19,199.5 1 1
github.com/skyspy/skyspy-go/internal/ui/spectrum.go:200.4,200.19 1 1
github.com/skyspy/skyspy-go/internal/ui/spectrum.go:200.19,202.5 1 1
github.com/skyspy/skyspy-go/internal/ui/spectrum.go:203.4,203.19 1 1
github.com/skyspy/skyspy-go/internal/ui/spectrum.go:203.19,205.5 1 1
github.com/skyspy/skyspy-go/internal/ui/spectrum.go:206.4,206.19 1 1
github.com/skyspy/skyspy-go/internal/ui/spectrum.go:206.19,208.5 1 1
github.com/skyspy/skyspy-go/internal/ui/spectrum.go:210.4,210.38 1 1
github.com/skyspy/skyspy-go/internal/ui/spectrum.go:212.3,212.27 1 1
github.com/skyspy/skyspy-go/internal/ui/spectrum.go:215.2,215.14 1 1
github.com/skyspy/skyspy-go/internal/ui/spectrum.go:234.60,246.2 1 1
github.com/skyspy/skyspy-go/internal/ui/spectrum.go:249.66,251.2 1 1
github.com/skyspy/skyspy-go/internal/ui/spectrum.go:254.38,255.28 1 1
github.com/skyspy/skyspy-go/internal/ui/spectrum.go:255.28,258.3 2 1
github.com/skyspy/skyspy-go/internal/ui/spectrum.go:262.44,273.37 9 1
github.com/skyspy/skyspy-go/internal/ui/spectrum.go:273.37,275.21 2 1
github.com/skyspy/skyspy-go/internal/ui/spectrum.go:276.16,277.24 1 1
github.com/skyspy/skyspy-go/internal/ui/spectrum.go:278.16,279.21 1 1
github.com/skyspy/skyspy-go/internal/ui/spectrum.go:280.15,281.27 1 1
github.com/skyspy/skyspy-go/internal/ui/spectrum.go:282.16,283.22 1 1
github.com/skyspy/skyspy-go/internal/ui/spectrum.go:284.11,285.19 1 1
github.com/skyspy/skyspy-go/internal/ui/spectrum.go:288.3,288.24 1 1
github.com/skyspy/skyspy-go/internal/ui/spectrum.go:288.24,290.4 1 1
github.com/skyspy/skyspy-go/internal/ui/spectrum.go:290.9,292.4 1 1
github.com/skyspy/skyspy-go/internal/ui/spectrum.go:294.3,294.31 1 1
github.com/skyspy/skyspy-go/internal/ui/spectrum.go:294.31,296.4 1 1
github.com/skyspy/skyspy-go/internal/ui/spectrum.go:299.2,299.20 1 1
github.com/skyspy/skyspy-go/internal/ui/spectrum.go:303.60,311.37 7 1
github.com/skyspy/skyspy-go/internal/ui/spectrum.go:311.37,313.21 2 1
github.com/skyspy/skyspy-go/internal/ui/spectrum.go:314.16,315.24 1 1
github.com/skyspy/skyspy-go/internal/ui/spectrum.go:316.16,317.21 1 1
github.com/skyspy/skyspy-go/internal/ui/spectrum.go:318.15,319.27 1 1
github.com/skyspy/skyspy-go/internal/ui/spectrum.go:320.16,321.22 1 1
github.com/skyspy/skyspy-go/internal/ui/spectrum.go:322.11,323.19 1 1
github.com/skyspy/skyspy-go/internal/ui/spectrum.go:326.3,328.27 3 1
github.com/skyspy/skyspy-go/internal/ui/spectrum.go:328.27,331.4 2 1
github.com/skyspy/skyspy-go/internal/ui/spectrum.go:333.3,333.129 1 1
github.com/skyspy/skyspy-go/internal/ui/spectrum.go:336.2,336.14 1 1
github.com/skyspy/skyspy-go/internal/ui/vumeter.go:20.53,27.2 1 1
github.com/skyspy/skyspy-go/internal/ui/vumeter.go:30.48,31.15 1 1
github.com/skyspy/skyspy-go/internal/ui/vumeter.go:31.15,33.3 1 1
github.com/skyspy/skyspy-go/internal/ui/vumeter.go:34.2,34.15 1 1
github.com/skyspy/skyspy-go/internal/ui/vumeter.go:34.15,36.3 1 1
github.com/skyspy/skyspy-go/internal/ui/vumeter.go:38.2,39.22 2 1
github.com/skyspy/skyspy-go/internal/ui/vumeter.go:39.22,41.3 1 0
github.com/skyspy/skyspy-go/internal/ui/vumeter.go:43.2,52.31 8 1
github.com/skyspy/skyspy-go/internal/ui/vumeter.go:52.31,53.17 1 1
github.com/skyspy/skyspy-go/internal/ui/vumeter.go:53.17,54.20 1 1
github.com/skyspy/skyspy-go/internal/ui/vumeter.go:54.20,56.5 1 1
github.com/skyspy/skyspy-go/internal/ui/vumeter.go:56.10,56.28 1 1
github.com/skyspy/skyspy-go/internal/ui/vumeter.go:56.28,58.5 1 1
github.com/skyspy/skyspy-go/internal/ui/vumeter.go:58.10,60.5 1 1
github.com/skyspy/skyspy-go/internal/ui/vumeter.go:61.9,63.4 1 1
github.com/skyspy/skyspy-go/internal/ui/vumeter.go:65.2,65.20 1 1
github.com/skyspy/skyspy-go/internal/ui/vumeter.go:69.70,70.15 1 1
github.com/skyspy/skyspy-go/internal/ui/vumeter.go:70.15,72.3 1 1
github.com/skyspy/skyspy-go/internal/ui/vumeter.go:73.2,73.15 1 1
github.com/skyspy/skyspy-go/internal/ui/vumeter.go:73.15,75.3 1 1
github.com/skyspy/skyspy-go/internal/ui/vumeter.go:77.2,88.30 9 1
github.com/skyspy/skyspy-go/internal/ui/vumeter.go:88.30,90.19 2 1
github.com/skyspy/skyspy-go/internal/ui/vumeter.go:90.19,91.22 1 1
github.com/skyspy/skyspy-go/internal/ui/vumeter.go:91.22,93.5 1 1
github.com/skyspy/skyspy-go/internal/ui/vumeter.go:93.10,93.30 1 1
github.com/skyspy/skyspy-go/internal/ui/vumeter.go:93.30,95.5 1 1
github.com/skyspy/skyspy-go/internal/ui/vumeter.go:95.10,97.5 1 1
github.com/skyspy/skyspy-go/internal/ui/vumeter.go:98.9,100.4 1 1
github.com/skyspy/skyspy-go/internal/ui/vumeter.go:102.2,102.14 1 1
github.com/skyspy/skyspy-go/internal/ui/vumeter.go:106.76,111.2 3 1
github.com/skyspy/skyspy-go/internal/ui/vumeter.go:120.60,125.2 1 1
github.com/skyspy/skyspy-go/internal/ui/vumeter.go:129.51,131.15 2 1
github.com/skyspy/skyspy-go/internal/ui/vumeter.go:131.15,133.3 1 1
github.com/skyspy/skyspy-go/internal/ui/vumeter.go:133.8,133.22 1 1
github.com/skyspy/skyspy-go/internal/ui/vumeter.go:133.22,135.3 1 1
github.com/skyspy/skyspy-go/internal/ui/vumeter.go:135.8,135.23 1 1
github.com/skyspy/skyspy-go/internal/ui/vumeter.go:135.23,137.3 1 1
github.com/skyspy/skyspy-go/internal/ui/vumeter.go:137.8,137.23 1 1
github.com/skyspy/skyspy-go/internal/ui/vumeter.go:137.23,139.3 1 1
github.com/skyspy/skyspy-go/internal/ui/vumeter.go:139.8,139.23 1 1
github.com/skyspy/skyspy-go/internal/ui/vumeter.go:139.23,141.3 1 1
github.com/skyspy/skyspy-go/internal/ui/vumeter.go:141.8,143.3 1 1
github.com/skyspy/skyspy-go/internal/ui/vumeter.go:145.2,145.19 1 1
github.com/skyspy/skyspy-go/internal/ui/vumeter.go:145.19,147.3 1 1
github.com/skyspy/skyspy-go/internal/ui/vumeter.go:149.2,155.30 6 1
github.com/skyspy/skyspy-go/internal/ui/vumeter.go:155.30,156.15 1 1
github.com/skyspy/skyspy-go/internal/ui/vumeter.go:156.15,157.17 1 1
github.com/skyspy/skyspy-go/internal/ui/vumeter.go:157.17,159.5 1 1
github.com/skyspy/skyspy-go/internal/ui/vumeter.go:159.10,159.24 1 1
github.com/skyspy/skyspy-go/internal/ui/vumeter.go:159.24,161.5 1 1
github.com/skyspy/skyspy-go/internal/ui/vumeter.go:161.10,163.5 1 1
github.com/skyspy/skyspy-go/internal/ui/vumeter.go:164.9,166.4 1 1
github.com/skyspy/skyspy-go/internal/ui/vumeter.go:168.2,168.20 1 1
github.com/skyspy/skyspy-go/internal/ui/vumeter.go:172.61,173.15 1 1
github.com/skyspy/skyspy-go/internal/ui/vumeter.go:173.15,175.3 1 1
github.com/skyspy/skyspy-go/internal/ui/vumeter.go:176.2,176.15 1 1
github.com/skyspy/skyspy-go/internal/ui/vumeter.go:176.15,178.3 1 1
github.com/skyspy/skyspy-go/internal/ui/vumeter.go:180.2,191.30 9 1
github.com/skyspy/skyspy-go/internal/ui/vumeter.go:191.30,192.15 1 1
github.com/skyspy/skyspy-go/internal/ui/vumeter.go:192.15,193.25 1 1
github.com/skyspy/skyspy-go/internal/ui/vumeter.go:193.25,195.5 1 1
github.com/skyspy/skyspy-go/internal/ui/vumeter.go:195.10,195.39 1 1
github.com/skyspy/skyspy-go/internal/ui/vumeter.go:195.39,197.5 1 1
github.com/skyspy/skyspy-go/internal/ui/vumeter.go:197.10,199.5 1 1
github.com/skyspy/skyspy-go/internal/ui/vumeter.go:200.9,202.4 1 1
github.com/skyspy/skyspy-go/internal/ui/vumeter.go:204.2,204.20 1 1
