mode: set
github.com/skyspy/skyspy-go/internal/spectrum/analyzer.go:71.30,73.23 2 1
github.com/skyspy/skyspy-go/internal/spectrum/analyzer.go:73.23,79.3 1 1
github.com/skyspy/skyspy-go/internal/spectrum/analyzer.go:81.2,89.3 1 1
github.com/skyspy/skyspy-go/internal/spectrum/analyzer.go:93.59,95.26 2 1
github.com/skyspy/skyspy-go/internal/spectrum/analyzer.go:95.26,101.3 1 1
github.com/skyspy/skyspy-go/internal/spectrum/analyzer.go:103.2,111.3 1 1
github.com/skyspy/skyspy-go/internal/spectrum/analyzer.go:115.47,119.2 3 1
github.com/skyspy/skyspy-go/internal/spectrum/analyzer.go:122.49,126.2 3 1
github.com/skyspy/skyspy-go/internal/spectrum/analyzer.go:129.45,134.17 4 1
github.com/skyspy/skyspy-go/internal/spectrum/analyzer.go:134.17,136.3 1 1
github.com/skyspy/skyspy-go/internal/spectrum/analyzer.go:138.2,142.32 4 1
github.com/skyspy/skyspy-go/internal/spectrum/analyzer.go:142.32,144.3 1 1
github.com/skyspy/skyspy-go/internal/spectrum/analyzer.go:145.2,145.32 1 1
github.com/skyspy/skyspy-go/internal/spectrum/analyzer.go:145.32,147.3 1 1
github.com/skyspy/skyspy-go/internal/spectrum/analyzer.go:149.2,149.69 1 1
github.com/skyspy/skyspy-go/internal/spectrum/analyzer.go:149.69,152.3 2 1
github.com/skyspy/skyspy-go/internal/spectrum/analyzer.go:156.60,161.2 1 1
github.com/skyspy/skyspy-go/internal/spectrum/analyzer.go:164.75,170.2 1 1
github.com/skyspy/skyspy-go/internal/spectrum/analyzer.go:173.51,174.39 1 1
github.com/skyspy/skyspy-go/internal/spectrum/analyzer.go:174.39,175.66 1 1
github.com/skyspy/skyspy-go/internal/spectrum/analyzer.go:175.66,177.4 1 1
github.com/skyspy/skyspy-go/internal/spectrum/analyzer.go:180.2,180.69 1 1
github.com/skyspy/skyspy-go/internal/spectrum/analyzer.go:180.69,182.3 1 1
github.com/skyspy/skyspy-go/internal/spectrum/analyzer.go:183.2,183.11 1 1
github.com/skyspy/skyspy-go/internal/spectrum/analyzer.go:187.28,191.25 3 1
github.com/skyspy/skyspy-go/internal/spectrum/analyzer.go:191.25,196.27 3 1
github.com/skyspy/skyspy-go/internal/spectrum/analyzer.go:196.27,198.4 1 0
github.com/skyspy/skyspy-go/internal/spectrum/analyzer.go:201.3,205.25 3 1
github.com/skyspy/skyspy-go/internal/spectrum/analyzer.go:205.25,207.4 1 1
github.com/skyspy/skyspy-go/internal/spectrum/analyzer.go:210.3,210.28 1 1
github.com/skyspy/skyspy-go/internal/spectrum/analyzer.go:210.28,213.4 2 1
github.com/skyspy/skyspy-go/internal/spectrum/analyzer.go:217.2,217.30 1 1
github.com/skyspy/skyspy-go/internal/spectrum/analyzer.go:217.30,219.26 2 1
github.com/skyspy/skyspy-go/internal/spectrum/analyzer.go:219.26,221.4 1 0
github.com/skyspy/skyspy-go/internal/spectrum/analyzer.go:226.28,230.25 3 1
github.com/skyspy/skyspy-go/internal/spectrum/analyzer.go:230.25,236.3 1 1
github.com/skyspy/skyspy-go/internal/spectrum/analyzer.go:237.2,237.32 1 1
github.com/skyspy/skyspy-go/internal/spectrum/analyzer.go:237.32,239.3 1 1
github.com/skyspy/skyspy-go/internal/spectrum/analyzer.go:240.2,240.30 1 1
github.com/skyspy/skyspy-go/internal/spectrum/analyzer.go:240.30,242.3 1 1
github.com/skyspy/skyspy-go/internal/spectrum/analyzer.go:247.52,251.15 3 1
github.com/skyspy/skyspy-go/internal/spectrum/analyzer.go:251.15,253.3 1 1
github.com/skyspy/skyspy-go/internal/spectrum/analyzer.go:255.2,258.26 2 1
github.com/skyspy/skyspy-go/internal/spectrum/analyzer.go:258.26,259.32 1 1
github.com/skyspy/skyspy-go/internal/spectrum/analyzer.go:259.32,261.4 1 1
github.com/skyspy/skyspy-go/internal/spectrum/analyzer.go:262.8,265.32 2 1
github.com/skyspy/skyspy-go/internal/spectrum/analyzer.go:265.32,267.4 1 1
github.com/skyspy/skyspy-go/internal/spectrum/analyzer.go:269.3,269.29 1 1
github.com/skyspy/skyspy-go/internal/spectrum/analyzer.go:269.29,274.31 4 1
github.com/skyspy/skyspy-go/internal/spectrum/analyzer.go:274.31,276.5 1 1
github.com/skyspy/skyspy-go/internal/spectrum/analyzer.go:277.4,278.76 2 1
github.com/skyspy/skyspy-go/internal/spectrum/analyzer.go:282.2,282.17 1 1
github.com/skyspy/skyspy-go/internal/spectrum/analyzer.go:286.60,290.15 3 1
github.com/skyspy/skyspy-go/internal/spectrum/analyzer.go:290.15,292.3 1 1
github.com/skyspy/skyspy-go/internal/spectrum/analyzer.go:295.2,295.33 1 1
github.com/skyspy/skyspy-go/internal/spectrum/analyzer.go:295.33,297.3 1 1
github.com/skyspy/skyspy-go/internal/spectrum/analyzer.go:298.2,298.31 1 1
github.com/skyspy/skyspy-go/internal/spectrum/analyzer.go:298.31,300.3 1 1
github.com/skyspy/skyspy-go/internal/spectrum/analyzer.go:302.2,306.31 3 1
github.com/skyspy/skyspy-go/internal/spectrum/analyzer.go:306.31,308.3 1 1
github.com/skyspy/skyspy-go/internal/spectrum/analyzer.go:311.2,311.28 1 1
github.com/skyspy/skyspy-go/internal/spectrum/analyzer.go:311.28,313.27 2 1
github.com/skyspy/skyspy-go/internal/spectrum/analyzer.go:313.27,315.4 1 1
github.com/skyspy/skyspy-go/internal/spectrum/analyzer.go:315.9,319.31 4 1
github.com/skyspy/skyspy-go/internal/spectrum/analyzer.go:319.31,321.5 1 1
github.com/skyspy/skyspy-go/internal/spectrum/analyzer.go:322.4,323.66 2 1
github.com/skyspy/skyspy-go/internal/spectrum/analyzer.go:327.3,332.33 4 1
github.com/skyspy/skyspy-go/internal/spectrum/analyzer.go:332.33,334.4 1 1
github.com/skyspy/skyspy-go/internal/spectrum/analyzer.go:337.2,337.17 1 1
github.com/skyspy/skyspy-go/internal/spectrum/analyzer.go:341.49,345.44 3 1
github.com/skyspy/skyspy-go/internal/spectrum/analyzer.go:345.44,349.3 3 1
github.com/skyspy/skyspy-go/internal/spectrum/analyzer.go:352.2,353.28 2 1
github.com/skyspy/skyspy-go/internal/spectrum/analyzer.go:353.28,357.35 4 1
github.com/skyspy/skyspy-go/internal/spectrum/analyzer.go:357.35,359.4 1 1
github.com/skyspy/skyspy-go/internal/spectrum/analyzer.go:360.3,361.72 2 1
github.com/skyspy/skyspy-go/internal/spectrum/analyzer.go:363.2,363.14 1 1
github.com/skyspy/skyspy-go/internal/spectrum/analyzer.go:367.45,372.39 4 1
github.com/skyspy/skyspy-go/internal/spectrum/analyzer.go:372.39,374.3 1 1
github.com/skyspy/skyspy-go/internal/spectrum/analyzer.go:375.2,375.15 1 1
github.com/skyspy/skyspy-go/internal/spectrum/analyzer.go:379.45,388.31 4 1
github.com/skyspy/skyspy-go/internal/spectrum/analyzer.go:388.31,390.27 2 1
github.com/skyspy/skyspy-go/internal/spectrum/analyzer.go:390.27,392.4 1 1
github.com/skyspy/skyspy-go/internal/spectrum/analyzer.go:393.3,401.44 3 1
github.com/skyspy/skyspy-go/internal/spectrum/analyzer.go:404.2,404.14 1 1
github.com/skyspy/skyspy-go/internal/spectrum/analyzer.go:410.57,411.54 1 1
github.com/skyspy/skyspy-go/internal/spectrum/analyzer.go:411.54,413.3 1 1
github.com/skyspy/skyspy-go/internal/spectrum/analyzer.go:416.2,417.26 2 1
github.com/skyspy/skyspy-go/internal/spectrum/analyzer.go:417.26,419.3 1 1
github.com/skyspy/skyspy-go/internal/spectrum/analyzer.go:423.2,431.26 5 1
github.com/skyspy/skyspy-go/internal/spectrum/analyzer.go:431.26,433.3 1 1
github.com/skyspy/skyspy-go/internal/spectrum/analyzer.go:434.2,434.27 1 1
github.com/skyspy/skyspy-go/internal/spectrum/analyzer.go:455.45,456.17 1 1
github.com/skyspy/skyspy-go/internal/spectrum/analyzer.go:456.17,458.3 1 1
github.com/skyspy/skyspy-go/internal/spectrum/analyzer.go:459.2,459.17 1 1
github.com/skyspy/skyspy-go/internal/spectrum/analyzer.go:459.17,461.3 1 1
github.com/skyspy/skyspy-go/internal/spectrum/analyzer.go:462.2,462.14 1 1
github.com/skyspy/skyspy-go/internal/spectrum/analyzer.go:468.76,469.19 1 1
github.com/skyspy/skyspy-go/internal/spectrum/analyzer.go:469.19,471.3 1 1
github.com/skyspy/skyspy-go/internal/spectrum/analyzer.go:473.2,476.32 2 1
github.com/skyspy/skyspy-go/internal/spectrum/analyzer.go:476.32,489.3 5 1
github.com/skyspy/skyspy-go/internal/spectrum/analyzer.go:491.2,491.14 1 1
github.com/skyspy/skyspy-go/internal/spectrum/analyzer.go:495.51,496.13 1 1
github.com/skyspy/skyspy-go/internal/spectrum/analyzer.go:496.13,498.3 1 1
github.com/skyspy/skyspy-go/internal/spectrum/analyzer.go:499.2,499.17 1 1
github.com/skyspy/skyspy-go/internal/spectrum/analyzer.go:499.17,501.3 1 1
github.com/skyspy/skyspy-go/internal/spectrum/analyzer.go:502.2,504.22 3 1
github.com/skyspy/skyspy-go/internal/spectrum/analyzer.go:504.22,506.3 1 1
github.com/skyspy/skyspy-go/internal/spectrum/analyzer.go:507.2,507.42 1 1
github.com/skyspy/skyspy-go/internal/spectrum/analyzer.go:511.25,512.12 1 1
github.com/skyspy/skyspy-go/internal/spectrum/analyzer.go:512.12,514.3 1 1
github.com/skyspy/skyspy-go/internal/spectrum/analyzer.go:515.2,516.9 2 1
github.com/skyspy/skyspy-go/internal/spectrum/analyzer.go:516.9,518.3 1 1
github.com/skyspy/skyspy-go/internal/spectrum/analyzer.go:519.2,521.12 3 1
github.com/skyspy/skyspy-go/internal/spectrum/analyzer.go:521.12,525.3 3 1
github.com/skyspy/skyspy-go/internal/spectrum/analyzer.go:526.2,526.9 1 1
github.com/skyspy/skyspy-go/internal/spectrum/analyzer.go:526.9,529.3 2 1
github.com/skyspy/skyspy-go/internal/spectrum/analyzer.go:530.2,530.24 1 1
