mode: set
github.com/skyspy/skyspy-go/internal/auth/auth.go:27.58,33.16 4 1
github.com/skyspy/skyspy-go/internal/auth/auth.go:33.16,39.3 1 1
github.com/skyspy/skyspy-go/internal/auth/auth.go:42.2,43.16 2 1
github.com/skyspy/skyspy-go/internal/auth/auth.go:43.16,45.3 1 0
github.com/skyspy/skyspy-go/internal/auth/auth.go:47.2,56.33 3 1
github.com/skyspy/skyspy-go/internal/auth/auth.go:56.33,58.3 1 1
github.com/skyspy/skyspy-go/internal/auth/auth.go:60.2,60.15 1 1
github.com/skyspy/skyspy-go/internal/auth/auth.go:64.41,68.2 3 1
github.com/skyspy/skyspy-go/internal/auth/auth.go:71.39,73.2 1 1
github.com/skyspy/skyspy-go/internal/auth/auth.go:76.42,81.20 3 1
github.com/skyspy/skyspy-go/internal/auth/auth.go:81.20,83.3 1 1
github.com/skyspy/skyspy-go/internal/auth/auth.go:86.2,86.21 1 1
github.com/skyspy/skyspy-go/internal/auth/auth.go:86.21,88.3 1 1
github.com/skyspy/skyspy-go/internal/auth/auth.go:91.2,91.33 1 1
github.com/skyspy/skyspy-go/internal/auth/auth.go:91.33,93.3 1 1
github.com/skyspy/skyspy-go/internal/auth/auth.go:95.2,95.30 1 1
github.com/skyspy/skyspy-go/internal/auth/auth.go:99.47,101.2 1 1
github.com/skyspy/skyspy-go/internal/auth/auth.go:104.40,107.21 3 1
github.com/skyspy/skyspy-go/internal/auth/auth.go:107.21,109.3 1 1
github.com/skyspy/skyspy-go/internal/auth/auth.go:110.2,110.11 1 1
github.com/skyspy/skyspy-go/internal/auth/auth.go:114.52,115.27 1 1
github.com/skyspy/skyspy-go/internal/auth/auth.go:115.27,117.3 1 1
github.com/skyspy/skyspy-go/internal/auth/auth.go:119.2,119.26 1 1
github.com/skyspy/skyspy-go/internal/auth/auth.go:119.26,121.3 1 1
github.com/skyspy/skyspy-go/internal/auth/auth.go:123.2,123.31 1 1
github.com/skyspy/skyspy-go/internal/auth/auth.go:123.31,125.3 1 1
github.com/skyspy/skyspy-go/internal/auth/auth.go:127.2,127.67 1 1
github.com/skyspy/skyspy-go/internal/auth/auth.go:131.56,134.16 2 1
github.com/skyspy/skyspy-go/internal/auth/auth.go:134.16,136.3 1 0
github.com/skyspy/skyspy-go/internal/auth/auth.go:137.2,139.47 2 1
github.com/skyspy/skyspy-go/internal/auth/auth.go:139.47,141.3 1 0
github.com/skyspy/skyspy-go/internal/auth/auth.go:144.2,146.16 3 1
github.com/skyspy/skyspy-go/internal/auth/auth.go:146.16,148.3 1 1
github.com/skyspy/skyspy-go/internal/auth/auth.go:151.2,152.22 2 1
github.com/skyspy/skyspy-go/internal/auth/auth.go:152.22,153.64 1 1
github.com/skyspy/skyspy-go/internal/auth/auth.go:153.64,156.4 2 0
github.com/skyspy/skyspy-go/internal/auth/auth.go:157.8,159.3 1 0
github.com/skyspy/skyspy-go/internal/auth/auth.go:162.2,164.16 3 1
github.com/skyspy/skyspy-go/internal/auth/auth.go:164.16,166.3 1 1
github.com/skyspy/skyspy-go/internal/auth/auth.go:169.2,170.16 2 1
github.com/skyspy/skyspy-go/internal/auth/auth.go:170.16,172.3 1 1
github.com/skyspy/skyspy-go/internal/auth/auth.go:175.2,179.58 4 1
github.com/skyspy/skyspy-go/internal/auth/auth.go:179.58,181.3 1 1
github.com/skyspy/skyspy-go/internal/auth/auth.go:183.2,183.12 1 1
github.com/skyspy/skyspy-go/internal/auth/auth.go:187.93,198.69 2 1
github.com/skyspy/skyspy-go/internal/auth/auth.go:198.69,201.4 1 1
github.com/skyspy/skyspy-go/internal/auth/auth.go:204.2,205.16 2 1
github.com/skyspy/skyspy-go/internal/auth/auth.go:205.16,207.3 1 1
github.com/skyspy/skyspy-go/internal/auth/auth.go:208.2,212.38 2 1
github.com/skyspy/skyspy-go/internal/auth/auth.go:212.38,220.59 2 1
github.com/skyspy/skyspy-go/internal/auth/auth.go:220.59,222.4 1 1
github.com/skyspy/skyspy-go/internal/auth/auth.go:224.3,225.31 2 1
github.com/skyspy/skyspy-go/internal/auth/auth.go:225.31,227.4 1 1
github.com/skyspy/skyspy-go/internal/auth/auth.go:229.3,238.82 2 1
github.com/skyspy/skyspy-go/internal/auth/auth.go:238.82,240.29 2 1
github.com/skyspy/skyspy-go/internal/auth/auth.go:240.29,242.5 1 1
github.com/skyspy/skyspy-go/internal/auth/auth.go:245.3,245.21 1 1
github.com/skyspy/skyspy-go/internal/auth/auth.go:249.2,249.92 1 1
github.com/skyspy/skyspy-go/internal/auth/auth.go:249.92,251.21 2 1
github.com/skyspy/skyspy-go/internal/auth/auth.go:251.21,254.4 1 1
github.com/skyspy/skyspy-go/internal/auth/auth.go:257.2,257.75 1 1
github.com/skyspy/skyspy-go/internal/auth/auth.go:261.82,263.16 2 1
github.com/skyspy/skyspy-go/internal/auth/auth.go:263.16,265.3 1 1
github.com/skyspy/skyspy-go/internal/auth/auth.go:268.2,269.27 2 1
github.com/skyspy/skyspy-go/internal/auth/auth.go:269.27,271.17 2 1
github.com/skyspy/skyspy-go/internal/auth/auth.go:271.17,272.37 1 1
github.com/skyspy/skyspy-go/internal/auth/auth.go:272.37,274.5 1 1
github.com/skyspy/skyspy-go/internal/auth/auth.go:278.2,279.23 2 1
github.com/skyspy/skyspy-go/internal/auth/auth.go:279.23,281.3 1 1
github.com/skyspy/skyspy-go/internal/auth/auth.go:283.2,285.48 3 1
github.com/skyspy/skyspy-go/internal/auth/auth.go:285.48,287.3 1 1
github.com/skyspy/skyspy-go/internal/auth/auth.go:289.2,298.81 2 1
github.com/skyspy/skyspy-go/internal/auth/auth.go:298.81,300.28 2 1
github.com/skyspy/skyspy-go/internal/auth/auth.go:300.28,302.4 1 1
github.com/skyspy/skyspy-go/internal/auth/auth.go:305.2,305.20 1 1
github.com/skyspy/skyspy-go/internal/auth/auth.go:309.52,314.20 3 1
github.com/skyspy/skyspy-go/internal/auth/auth.go:314.20,316.3 1 1
github.com/skyspy/skyspy-go/internal/auth/auth.go:318.2,318.21 1 1
github.com/skyspy/skyspy-go/internal/auth/auth.go:318.21,320.3 1 1
github.com/skyspy/skyspy-go/internal/auth/auth.go:323.2,323.60 1 1
github.com/skyspy/skyspy-go/internal/auth/auth.go:323.60,324.48 1 1
github.com/skyspy/skyspy-go/internal/auth/auth.go:324.48,326.28 1 1
github.com/skyspy/skyspy-go/internal/auth/auth.go:326.28,328.5 1 1
github.com/skyspy/skyspy-go/internal/auth/auth.go:333.2,333.26 1 1
github.com/skyspy/skyspy-go/internal/auth/auth.go:333.26,335.3 1 1
github.com/skyspy/skyspy-go/internal/auth/auth.go:337.2,337.34 1 1
github.com/skyspy/skyspy-go/internal/auth/auth.go:341.51,346.18 4 1
github.com/skyspy/skyspy-go/internal/auth/auth.go:346.18,348.39 1 1
github.com/skyspy/skyspy-go/internal/auth/auth.go:348.39,350.4 1 1
github.com/skyspy/skyspy-go/internal/auth/auth.go:351.3,351.33 1 1
github.com/skyspy/skyspy-go/internal/auth/auth.go:354.2,355.16 2 1
github.com/skyspy/skyspy-go/internal/auth/auth.go:355.16,357.3 1 1
github.com/skyspy/skyspy-go/internal/auth/auth.go:359.2,359.31 1 1
github.com/skyspy/skyspy-go/internal/auth/auth.go:363.46,365.16 2 1
github.com/skyspy/skyspy-go/internal/auth/auth.go:365.16,367.3 1 1
github.com/skyspy/skyspy-go/internal/auth/auth.go:369.2,370.34 2 1
github.com/skyspy/skyspy-go/internal/auth/auth.go:370.34,372.3 1 1
github.com/skyspy/skyspy-go/internal/auth/auth.go:374.2,375.30 2 1
github.com/skyspy/skyspy-go/internal/auth/auth.go:375.30,377.3 1 1
github.com/skyspy/skyspy-go/internal/auth/auth.go:378.2,381.60 2 1
github.com/skyspy/skyspy-go/internal/auth/auth.go:381.60,384.3 1 1
github.com/skyspy/skyspy-go/internal/auth/auth.go:386.2,386.12 1 1
github.com/skyspy/skyspy-go/internal/auth/auth.go:390.34,398.2 5 1
github.com/skyspy/skyspy-go/internal/auth/auth.go:401.57,412.20 9 1
github.com/skyspy/skyspy-go/internal/auth/auth.go:412.20,415.3 2 1
github.com/skyspy/skyspy-go/internal/auth/auth.go:415.8,415.28 1 1
github.com/skyspy/skyspy-go/internal/auth/auth.go:415.28,421.3 5 1
github.com/skyspy/skyspy-go/internal/auth/auth.go:421.8,423.3 1 1
github.com/skyspy/skyspy-go/internal/auth/auth.go:425.2,425.13 1 1
github.com/skyspy/skyspy-go/internal/auth/auth.go:429.51,431.2 1 1
github.com/skyspy/skyspy-go/internal/auth/auth.go:433.24,434.11 1 1
github.com/skyspy/skyspy-go/internal/auth/auth.go:434.11,436.3 1 1
github.com/skyspy/skyspy-go/internal/auth/auth.go:437.2,437.10 1 1
github.com/skyspy/skyspy-go/internal/auth/browser.go:10.36,13.22 2 1
github.com/skyspy/skyspy-go/internal/auth/browser.go:14.16,15.34 1 1
github.com/skyspy/skyspy-go/internal/auth/browser.go:16.15,18.54 1 0
github.com/skyspy/skyspy-go/internal/auth/browser.go:18.54,20.4 1 0
github.com/skyspy/skyspy-go/internal/auth/browser.go:20.9,20.66 1 0
github.com/skyspy/skyspy-go/internal/auth/browser.go:20.66,22.4 1 0
github.com/skyspy/skyspy-go/internal/auth/browser.go:22.9,22.69 1 0
github.com/skyspy/skyspy-go/internal/auth/browser.go:22.69,24.4 1 0
github.com/skyspy/skyspy-go/internal/auth/browser.go:24.9,24.60 1 0
github.com/skyspy/skyspy-go/internal/auth/browser.go:24.60,26.4 1 0
github.com/skyspy/skyspy-go/internal/auth/browser.go:26.9,26.69 1 0
github.com/skyspy/skyspy-go/internal/auth/browser.go:26.69,28.4 1 0
github.com/skyspy/skyspy-go/internal/auth/browser.go:28.9,28.66 1 0
github.com/skyspy/skyspy-go/internal/auth/browser.go:28.66,30.4 1 0
github.com/skyspy/skyspy-go/internal/auth/browser.go:30.9,32.4 1 0
github.com/skyspy/skyspy-go/internal/auth/browser.go:33.17,34.48 1 0
github.com/skyspy/skyspy-go/internal/auth/browser.go:35.10,36.86 1 0
github.com/skyspy/skyspy-go/internal/auth/browser.go:39.2,39.20 1 1
github.com/skyspy/skyspy-go/internal/auth/browser.go:43.28,44.22 1 1
github.com/skyspy/skyspy-go/internal/auth/browser.go:45.27,46.14 1 1
github.com/skyspy/skyspy-go/internal/auth/browser.go:47.15,49.36 2 0
github.com/skyspy/skyspy-go/internal/auth/browser.go:49.36,50.52 1 0
github.com/skyspy/skyspy-go/internal/auth/browser.go:50.52,52.5 1 0
github.com/skyspy/skyspy-go/internal/auth/browser.go:54.3,54.15 1 0
github.com/skyspy/skyspy-go/internal/auth/browser.go:55.10,56.15 1 0
github.com/skyspy/skyspy-go/internal/auth/callback.go:30.51,36.32 4 1
github.com/skyspy/skyspy-go/internal/auth/callback.go:36.32,38.17 2 1
github.com/skyspy/skyspy-go/internal/auth/callback.go:38.17,40.9 2 1
github.com/skyspy/skyspy-go/internal/auth/callback.go:44.2,44.21 1 1
github.com/skyspy/skyspy-go/internal/auth/callback.go:44.21,46.3 1 1
github.com/skyspy/skyspy-go/internal/auth/callback.go:48.2,53.8 1 1
github.com/skyspy/skyspy-go/internal/auth/callback.go:57.37,59.2 1 1
github.com/skyspy/skyspy-go/internal/auth/callback.go:62.47,64.2 1 1
github.com/skyspy/skyspy-go/internal/auth/callback.go:67.40,79.12 6 1
github.com/skyspy/skyspy-go/internal/auth/callback.go:79.12,81.69 2 1
github.com/skyspy/skyspy-go/internal/auth/callback.go:81.70,83.4 0 0
github.com/skyspy/skyspy-go/internal/auth/callback.go:86.2,86.12 1 1
github.com/skyspy/skyspy-go/internal/auth/callback.go:90.111,94.9 3 1
github.com/skyspy/skyspy-go/internal/auth/callback.go:95.30,96.25 1 1
github.com/skyspy/skyspy-go/internal/auth/callback.go:96.25,98.4 1 1
github.com/skyspy/skyspy-go/internal/auth/callback.go:99.3,99.22 1 1
github.com/skyspy/skyspy-go/internal/auth/callback.go:100.20,101.53 1 1
github.com/skyspy/skyspy-go/internal/auth/callback.go:102.22,103.44 1 1
github.com/skyspy/skyspy-go/internal/auth/callback.go:108.39,110.21 2 1
github.com/skyspy/skyspy-go/internal/auth/callback.go:110.21,113.48 3 1
github.com/skyspy/skyspy-go/internal/auth/callback.go:113.48,115.4 1 1
github.com/skyspy/skyspy-go/internal/auth/callback.go:117.2,118.12 2 1
github.com/skyspy/skyspy-go/internal/auth/callback.go:121.81,125.48 2 1
github.com/skyspy/skyspy-go/internal/auth/callback.go:125.48,127.20 2 1
github.com/skyspy/skyspy-go/internal/auth/callback.go:127.20,129.4 1 1
github.com/skyspy/skyspy-go/internal/auth/callback.go:130.3,132.9 3 1
github.com/skyspy/skyspy-go/internal/auth/callback.go:135.2,138.16 3 1
github.com/skyspy/skyspy-go/internal/auth/callback.go:138.16,142.3 3 1
github.com/skyspy/skyspy-go/internal/auth/callback.go:144.2,149.20 2 1
github.com/skyspy/skyspy-go/internal/auth/callback.go:152.77,181.2 3 1
github.com/skyspy/skyspy-go/internal/auth/callback.go:183.63,240.2 3 1
github.com/skyspy/skyspy-go/internal/auth/callback.go:242.78,286.2 3 1
github.com/skyspy/skyspy-go/internal/auth/config.go:53.59,57.16 3 1
github.com/skyspy/skyspy-go/internal/auth/config.go:57.16,59.3 1 1
github.com/skyspy/skyspy-go/internal/auth/config.go:60.2,62.38 2 1
github.com/skyspy/skyspy-go/internal/auth/config.go:62.38,64.3 1 1
github.com/skyspy/skyspy-go/internal/auth/config.go:66.2,67.67 2 1
github.com/skyspy/skyspy-go/internal/auth/config.go:67.67,69.3 1 1
github.com/skyspy/skyspy-go/internal/auth/config.go:71.2,71.21 1 1
github.com/skyspy/skyspy-go/internal/auth/config.go:75.91,79.23 3 1
github.com/skyspy/skyspy-go/internal/auth/config.go:79.23,81.3 1 1
github.com/skyspy/skyspy-go/internal/auth/config.go:83.2,84.16 2 1
github.com/skyspy/skyspy-go/internal/auth/config.go:84.16,86.3 1 1
github.com/skyspy/skyspy-go/internal/auth/config.go:87.2,89.38 2 1
github.com/skyspy/skyspy-go/internal/auth/config.go:89.38,91.3 1 1
github.com/skyspy/skyspy-go/internal/auth/config.go:93.2,94.69 2 1
github.com/skyspy/skyspy-go/internal/auth/config.go:94.69,96.3 1 1
github.com/skyspy/skyspy-go/internal/auth/config.go:98.2,98.23 1 1
github.com/skyspy/skyspy-go/internal/auth/config.go:102.79,106.16 3 1
github.com/skyspy/skyspy-go/internal/auth/config.go:106.16,108.3 1 1
github.com/skyspy/skyspy-go/internal/auth/config.go:109.2,113.16 4 1
github.com/skyspy/skyspy-go/internal/auth/config.go:113.16,115.3 1 1
github.com/skyspy/skyspy-go/internal/auth/config.go:116.2,118.38 2 1
github.com/skyspy/skyspy-go/internal/auth/config.go:118.38,120.3 1 1
github.com/skyspy/skyspy-go/internal/auth/config.go:122.2,123.70 2 1
github.com/skyspy/skyspy-go/internal/auth/config.go:123.70,125.3 1 1
github.com/skyspy/skyspy-go/internal/auth/config.go:127.2,127.24 1 1
github.com/skyspy/skyspy-go/internal/auth/config.go:131.74,135.16 3 1
github.com/skyspy/skyspy-go/internal/auth/config.go:135.16,137.3 1 1
github.com/skyspy/skyspy-go/internal/auth/config.go:138.2,141.16 3 1
github.com/skyspy/skyspy-go/internal/auth/config.go:141.16,143.3 1 1
github.com/skyspy/skyspy-go/internal/auth/config.go:144.2,146.38 2 1
github.com/skyspy/skyspy-go/internal/auth/config.go:146.38,148.3 1 1
github.com/skyspy/skyspy-go/internal/auth/config.go:150.2,151.68 2 1
github.com/skyspy/skyspy-go/internal/auth/config.go:151.68,153.3 1 1
github.com/skyspy/skyspy-go/internal/auth/config.go:155.2,155.22 1 1
github.com/skyspy/skyspy-go/internal/auth/tokens.go:29.37,31.2 1 1
github.com/skyspy/skyspy-go/internal/auth/tokens.go:34.40,36.2 1 1
github.com/skyspy/skyspy-go/internal/auth/tokens.go:53.51,55.16 2 1
github.com/skyspy/skyspy-go/internal/auth/tokens.go:55.16,57.3 1 0
github.com/skyspy/skyspy-go/internal/auth/tokens.go:59.2,60.47 2 1
github.com/skyspy/skyspy-go/internal/auth/tokens.go:60.47,62.3 1 0
github.com/skyspy/skyspy-go/internal/auth/tokens.go:65.2,70.8 2 1
github.com/skyspy/skyspy-go/internal/auth/tokens.go:74.34,82.2 4 1
github.com/skyspy/skyspy-go/internal/auth/tokens.go:85.41,91.2 4 1
github.com/skyspy/skyspy-go/internal/auth/tokens.go:94.68,98.16 3 1
github.com/skyspy/skyspy-go/internal/auth/tokens.go:98.16,100.3 1 0
github.com/skyspy/skyspy-go/internal/auth/tokens.go:102.2,103.16 2 1
github.com/skyspy/skyspy-go/internal/auth/tokens.go:103.16,105.3 1 1
github.com/skyspy/skyspy-go/internal/auth/tokens.go:107.2,108.48 2 1
github.com/skyspy/skyspy-go/internal/auth/tokens.go:112.63,116.16 3 1
github.com/skyspy/skyspy-go/internal/auth/tokens.go:116.16,117.25 1 1
github.com/skyspy/skyspy-go/internal/auth/tokens.go:117.25,119.4 1 1
github.com/skyspy/skyspy-go/internal/auth/tokens.go:120.3,120.18 1 1
github.com/skyspy/skyspy-go/internal/auth/tokens.go:123.2,124.16 2 1
github.com/skyspy/skyspy-go/internal/auth/tokens.go:124.16,126.3 1 1
github.com/skyspy/skyspy-go/internal/auth/tokens.go:128.2,129.54 2 1
github.com/skyspy/skyspy-go/internal/auth/tokens.go:129.54,131.3 1 1
github.com/skyspy/skyspy-go/internal/auth/tokens.go:133.2,133.21 1 1
github.com/skyspy/skyspy-go/internal/auth/tokens.go:137.52,140.24 3 1
github.com/skyspy/skyspy-go/internal/auth/tokens.go:140.24,142.3 1 1
github.com/skyspy/skyspy-go/internal/auth/tokens.go:143.2,143.12 1 1
github.com/skyspy/skyspy-go/internal/auth/tokens.go:147.51,149.16 2 1
github.com/skyspy/skyspy-go/internal/auth/tokens.go:149.16,150.25 1 1
github.com/skyspy/skyspy-go/internal/auth/tokens.go:150.25,152.4 1 1
github.com/skyspy/skyspy-go/internal/auth/tokens.go:153.3,153.18 1 1
github.com/skyspy/skyspy-go/internal/auth/tokens.go:156.2,157.32 2 1
github.com/skyspy/skyspy-go/internal/auth/tokens.go:157.32,158.65 1 1
github.com/skyspy/skyspy-go/internal/auth/tokens.go:158.65,165.4 3 1
github.com/skyspy/skyspy-go/internal/auth/tokens.go:168.2,168.19 1 1
github.com/skyspy/skyspy-go/internal/auth/tokens.go:172.68,174.16 2 1
github.com/skyspy/skyspy-go/internal/auth/tokens.go:174.16,176.3 1 1
github.com/skyspy/skyspy-go/internal/auth/tokens.go:178.2,179.16 2 1
github.com/skyspy/skyspy-go/internal/auth/tokens.go:179.16,181.3 1 0
github.com/skyspy/skyspy-go/internal/auth/tokens.go:183.2,184.59 2 1
github.com/skyspy/skyspy-go/internal/auth/tokens.go:184.59,186.3 1 0
github.com/skyspy/skyspy-go/internal/auth/tokens.go:188.2,189.67 2 1
github.com/skyspy/skyspy-go/internal/auth/tokens.go:193.63,195.16 2 1
github.com/skyspy/skyspy-go/internal/auth/tokens.go:195.16,197.3 1 1
github.com/skyspy/skyspy-go/internal/auth/tokens.go:199.2,200.16 2 1
github.com/skyspy/skyspy-go/internal/auth/tokens.go:200.16,202.3 1 1
github.com/skyspy/skyspy-go/internal/auth/tokens.go:204.2,205.16 2 1
github.com/skyspy/skyspy-go/internal/auth/tokens.go:205.16,207.3 1 0
github.com/skyspy/skyspy-go/internal/auth/tokens.go:209.2,210.33 2 1
github.com/skyspy/skyspy-go/internal/auth/tokens.go:210.33,212.3 1 1
github.com/skyspy/skyspy-go/internal/auth/tokens.go:214.2,215.46 2 1
