mode: set
github.com/skyspy/skyspy-go/internal/geo/kml.go:126.49,129.34 2 1
github.com/skyspy/skyspy-go/internal/geo/kml.go:129.34,132.3 2 1
github.com/skyspy/skyspy-go/internal/geo/kml.go:134.2,135.16 2 1
github.com/skyspy/skyspy-go/internal/geo/kml.go:135.16,137.3 1 1
github.com/skyspy/skyspy-go/internal/geo/kml.go:139.2,139.33 1 1
github.com/skyspy/skyspy-go/internal/geo/kml.go:143.49,146.34 2 1
github.com/skyspy/skyspy-go/internal/geo/kml.go:146.34,149.3 2 1
github.com/skyspy/skyspy-go/internal/geo/kml.go:152.2,153.16 2 1
github.com/skyspy/skyspy-go/internal/geo/kml.go:153.16,155.3 1 1
github.com/skyspy/skyspy-go/internal/geo/kml.go:156.2,160.27 3 1
github.com/skyspy/skyspy-go/internal/geo/kml.go:160.27,162.24 2 1
github.com/skyspy/skyspy-go/internal/geo/kml.go:162.24,164.9 2 1
github.com/skyspy/skyspy-go/internal/geo/kml.go:166.3,166.56 1 1
github.com/skyspy/skyspy-go/internal/geo/kml.go:166.56,168.4 1 1
github.com/skyspy/skyspy-go/internal/geo/kml.go:171.2,171.20 1 1
github.com/skyspy/skyspy-go/internal/geo/kml.go:171.20,173.3 1 1
github.com/skyspy/skyspy-go/internal/geo/kml.go:176.2,177.16 2 1
github.com/skyspy/skyspy-go/internal/geo/kml.go:177.16,179.3 1 0
github.com/skyspy/skyspy-go/internal/geo/kml.go:180.2,183.16 3 1
github.com/skyspy/skyspy-go/internal/geo/kml.go:183.16,185.3 1 0
github.com/skyspy/skyspy-go/internal/geo/kml.go:187.2,187.33 1 1
github.com/skyspy/skyspy-go/internal/geo/kml.go:191.72,193.50 2 1
github.com/skyspy/skyspy-go/internal/geo/kml.go:193.50,195.3 1 1
github.com/skyspy/skyspy-go/internal/geo/kml.go:197.2,205.29 2 1
github.com/skyspy/skyspy-go/internal/geo/kml.go:205.29,207.3 1 1
github.com/skyspy/skyspy-go/internal/geo/kml.go:210.2,219.46 4 1
github.com/skyspy/skyspy-go/internal/geo/kml.go:219.46,221.3 1 1
github.com/skyspy/skyspy-go/internal/geo/kml.go:224.2,224.23 1 1
github.com/skyspy/skyspy-go/internal/geo/kml.go:224.23,226.3 1 1
github.com/skyspy/skyspy-go/internal/geo/kml.go:229.2,229.32 1 1
github.com/skyspy/skyspy-go/internal/geo/kml.go:229.32,232.3 2 1
github.com/skyspy/skyspy-go/internal/geo/kml.go:234.2,234.21 1 1
github.com/skyspy/skyspy-go/internal/geo/kml.go:238.57,242.43 3 1
github.com/skyspy/skyspy-go/internal/geo/kml.go:242.43,244.3 1 1
github.com/skyspy/skyspy-go/internal/geo/kml.go:246.2,246.15 1 1
github.com/skyspy/skyspy-go/internal/geo/kml.go:250.63,259.21 3 1
github.com/skyspy/skyspy-go/internal/geo/kml.go:259.21,261.22 2 1
github.com/skyspy/skyspy-go/internal/geo/kml.go:261.22,268.4 1 1
github.com/skyspy/skyspy-go/internal/geo/kml.go:272.2,272.26 1 1
github.com/skyspy/skyspy-go/internal/geo/kml.go:272.26,274.22 2 1
github.com/skyspy/skyspy-go/internal/geo/kml.go:274.22,281.4 1 1
github.com/skyspy/skyspy-go/internal/geo/kml.go:285.2,285.23 1 1
github.com/skyspy/skyspy-go/internal/geo/kml.go:285.23,287.22 2 1
github.com/skyspy/skyspy-go/internal/geo/kml.go:287.22,294.4 1 1
github.com/skyspy/skyspy-go/internal/geo/kml.go:298.2,298.25 1 1
github.com/skyspy/skyspy-go/internal/geo/kml.go:298.25,300.42 1 1
github.com/skyspy/skyspy-go/internal/geo/kml.go:300.42,302.23 2 1
github.com/skyspy/skyspy-go/internal/geo/kml.go:302.23,309.5 1 1
github.com/skyspy/skyspy-go/internal/geo/kml.go:313.3,313.47 1 1
github.com/skyspy/skyspy-go/internal/geo/kml.go:313.47,315.23 2 1
github.com/skyspy/skyspy-go/internal/geo/kml.go:315.23,322.5 1 1
github.com/skyspy/skyspy-go/internal/geo/kml.go:326.3,326.46 1 1
github.com/skyspy/skyspy-go/internal/geo/kml.go:326.46,328.23 2 1
github.com/skyspy/skyspy-go/internal/geo/kml.go:328.23,335.5 1 1
github.com/skyspy/skyspy-go/internal/geo/kml.go:339.2,339.17 1 1
github.com/skyspy/skyspy-go/internal/geo/kml.go:344.54,349.20 3 1
github.com/skyspy/skyspy-go/internal/geo/kml.go:349.20,351.3 1 1
github.com/skyspy/skyspy-go/internal/geo/kml.go:354.2,361.31 5 1
github.com/skyspy/skyspy-go/internal/geo/kml.go:361.31,363.18 2 1
github.com/skyspy/skyspy-go/internal/geo/kml.go:363.18,364.12 1 0
github.com/skyspy/skyspy-go/internal/geo/kml.go:367.3,368.21 2 1
github.com/skyspy/skyspy-go/internal/geo/kml.go:368.21,369.12 1 1
github.com/skyspy/skyspy-go/internal/geo/kml.go:372.3,375.33 3 1
github.com/skyspy/skyspy-go/internal/geo/kml.go:375.33,377.4 1 1
github.com/skyspy/skyspy-go/internal/geo/kml.go:380.2,380.15 1 1
github.com/skyspy/skyspy-go/internal/geo/overlay.go:64.42,69.2 1 1
github.com/skyspy/skyspy-go/internal/geo/overlay.go:72.77,73.15 1 1
github.com/skyspy/skyspy-go/internal/geo/overlay.go:73.15,75.3 1 1
github.com/skyspy/skyspy-go/internal/geo/overlay.go:76.2,78.72 3 1
github.com/skyspy/skyspy-go/internal/geo/overlay.go:78.72,81.3 2 1
github.com/skyspy/skyspy-go/internal/geo/overlay.go:83.2,85.12 3 1
github.com/skyspy/skyspy-go/internal/geo/overlay.go:89.57,90.43 1 1
github.com/skyspy/skyspy-go/internal/geo/overlay.go:90.43,92.3 1 1
github.com/skyspy/skyspy-go/internal/geo/overlay.go:93.2,94.35 2 1
github.com/skyspy/skyspy-go/internal/geo/overlay.go:94.35,95.15 1 1
github.com/skyspy/skyspy-go/internal/geo/overlay.go:95.15,97.9 2 1
github.com/skyspy/skyspy-go/internal/geo/overlay.go:100.2,100.13 1 1
github.com/skyspy/skyspy-go/internal/geo/overlay.go:104.57,105.48 1 1
github.com/skyspy/skyspy-go/internal/geo/overlay.go:105.48,108.3 2 1
github.com/skyspy/skyspy-go/internal/geo/overlay.go:109.2,109.14 1 1
github.com/skyspy/skyspy-go/internal/geo/overlay.go:113.61,114.48 1 1
github.com/skyspy/skyspy-go/internal/geo/overlay.go:114.48,116.3 1 1
github.com/skyspy/skyspy-go/internal/geo/overlay.go:120.61,122.37 2 1
github.com/skyspy/skyspy-go/internal/geo/overlay.go:122.37,123.68 1 1
github.com/skyspy/skyspy-go/internal/geo/overlay.go:123.68,125.4 1 1
github.com/skyspy/skyspy-go/internal/geo/overlay.go:127.2,127.15 1 1
github.com/skyspy/skyspy-go/internal/geo/overlay.go:131.72,133.16 2 1
github.com/skyspy/skyspy-go/internal/geo/overlay.go:133.16,135.3 1 1
github.com/skyspy/skyspy-go/internal/geo/overlay.go:136.2,136.39 1 1
github.com/skyspy/skyspy-go/internal/geo/overlay.go:147.57,149.37 2 1
github.com/skyspy/skyspy-go/internal/geo/overlay.go:149.37,150.49 1 1
github.com/skyspy/skyspy-go/internal/geo/overlay.go:150.49,156.4 1 1
github.com/skyspy/skyspy-go/internal/geo/overlay.go:158.2,158.15 1 1
github.com/skyspy/skyspy-go/internal/geo/overlay.go:162.62,164.37 2 1
github.com/skyspy/skyspy-go/internal/geo/overlay.go:164.37,165.49 1 1
github.com/skyspy/skyspy-go/internal/geo/overlay.go:165.49,172.27 2 1
github.com/skyspy/skyspy-go/internal/geo/overlay.go:172.27,174.5 1 1
github.com/skyspy/skyspy-go/internal/geo/overlay.go:175.4,175.33 1 1
github.com/skyspy/skyspy-go/internal/geo/overlay.go:178.2,178.15 1 1
github.com/skyspy/skyspy-go/internal/geo/overlay.go:182.38,184.2 1 1
github.com/skyspy/skyspy-go/internal/geo/overlay.go:187.52,189.34 2 1
github.com/skyspy/skyspy-go/internal/geo/overlay.go:189.34,192.3 2 1
github.com/skyspy/skyspy-go/internal/geo/overlay.go:194.2,194.49 1 1
github.com/skyspy/skyspy-go/internal/geo/overlay.go:194.49,196.3 1 1
github.com/skyspy/skyspy-go/internal/geo/overlay.go:198.2,199.13 2 1
github.com/skyspy/skyspy-go/internal/geo/overlay.go:200.27,201.27 1 1
github.com/skyspy/skyspy-go/internal/geo/overlay.go:202.14,203.30 1 1
github.com/skyspy/skyspy-go/internal/geo/overlay.go:204.14,205.24 1 1
github.com/skyspy/skyspy-go/internal/geo/overlay.go:206.14,207.24 1 1
github.com/skyspy/skyspy-go/internal/geo/overlay.go:208.10,211.52 1 1
github.com/skyspy/skyspy-go/internal/geo/overlay.go:211.52,213.4 1 1
github.com/skyspy/skyspy-go/internal/geo/overlay.go:215.3,215.49 1 1
github.com/skyspy/skyspy-go/internal/geo/overlay.go:215.49,217.4 1 1
github.com/skyspy/skyspy-go/internal/geo/overlay.go:219.3,219.55 1 1
github.com/skyspy/skyspy-go/internal/geo/overlay.go:219.55,221.4 1 1
github.com/skyspy/skyspy-go/internal/geo/overlay.go:222.3,222.121 1 1
github.com/skyspy/skyspy-go/internal/geo/overlay.go:227.52,229.16 2 1
github.com/skyspy/skyspy-go/internal/geo/overlay.go:229.16,231.3 1 1
github.com/skyspy/skyspy-go/internal/geo/overlay.go:233.2,234.51 2 1
github.com/skyspy/skyspy-go/internal/geo/overlay.go:234.51,236.3 1 1
github.com/skyspy/skyspy-go/internal/geo/overlay.go:238.2,245.42 2 1
github.com/skyspy/skyspy-go/internal/geo/overlay.go:245.42,247.3 1 1
github.com/skyspy/skyspy-go/internal/geo/overlay.go:249.2,251.57 2 1
github.com/skyspy/skyspy-go/internal/geo/overlay.go:251.57,253.3 1 1
github.com/skyspy/skyspy-go/internal/geo/overlay.go:253.8,253.52 1 1
github.com/skyspy/skyspy-go/internal/geo/overlay.go:253.52,256.62 1 1
github.com/skyspy/skyspy-go/internal/geo/overlay.go:256.62,264.4 1 1
github.com/skyspy/skyspy-go/internal/geo/overlay.go:267.2,267.39 1 1
github.com/skyspy/skyspy-go/internal/geo/overlay.go:267.39,268.55 1 1
github.com/skyspy/skyspy-go/internal/geo/overlay.go:268.55,271.4 2 1
github.com/skyspy/skyspy-go/internal/geo/overlay.go:274.2,274.21 1 1
github.com/skyspy/skyspy-go/internal/geo/overlay.go:277.71,281.9 3 1
github.com/skyspy/skyspy-go/internal/geo/overlay.go:281.9,283.3 1 1
github.com/skyspy/skyspy-go/internal/geo/overlay.go:285.2,286.23 2 1
github.com/skyspy/skyspy-go/internal/geo/overlay.go:286.23,288.3 1 1
github.com/skyspy/skyspy-go/internal/geo/overlay.go:290.2,294.61 4 1
github.com/skyspy/skyspy-go/internal/geo/overlay.go:294.61,295.44 1 1
github.com/skyspy/skyspy-go/internal/geo/overlay.go:295.44,297.9 2 1
github.com/skyspy/skyspy-go/internal/geo/overlay.go:301.2,301.17 1 1
github.com/skyspy/skyspy-go/internal/geo/overlay.go:302.15,303.23 1 1
github.com/skyspy/skyspy-go/internal/geo/overlay.go:303.23,312.4 3 1
github.com/skyspy/skyspy-go/internal/geo/overlay.go:314.20,316.22 2 1
github.com/skyspy/skyspy-go/internal/geo/overlay.go:316.22,323.4 1 1
github.com/skyspy/skyspy-go/internal/geo/overlay.go:325.17,326.22 1 1
github.com/skyspy/skyspy-go/internal/geo/overlay.go:326.22,329.23 3 1
github.com/skyspy/skyspy-go/internal/geo/overlay.go:329.23,336.5 1 1
github.com/skyspy/skyspy-go/internal/geo/overlay.go:339.22,340.34 1 1
github.com/skyspy/skyspy-go/internal/geo/overlay.go:340.34,341.64 1 1
github.com/skyspy/skyspy-go/internal/geo/overlay.go:341.64,344.24 3 1
github.com/skyspy/skyspy-go/internal/geo/overlay.go:344.24,351.6 1 1
github.com/skyspy/skyspy-go/internal/geo/overlay.go:355.25,356.31 1 1
github.com/skyspy/skyspy-go/internal/geo/overlay.go:356.31,357.50 1 1
github.com/skyspy/skyspy-go/internal/geo/overlay.go:357.50,359.24 2 1
github.com/skyspy/skyspy-go/internal/geo/overlay.go:359.24,366.6 1 1
github.com/skyspy/skyspy-go/internal/geo/overlay.go:371.2,371.15 1 1
github.com/skyspy/skyspy-go/internal/geo/overlay.go:374.56,376.31 2 1
github.com/skyspy/skyspy-go/internal/geo/overlay.go:376.31,377.56 1 1
github.com/skyspy/skyspy-go/internal/geo/overlay.go:377.56,381.4 3 1
github.com/skyspy/skyspy-go/internal/geo/overlay.go:383.2,383.15 1 1
github.com/skyspy/skyspy-go/internal/geo/overlay.go:388.64,398.2 7 1
github.com/skyspy/skyspy-go/internal/geo/overlay.go:401.61,410.2 7 1
github.com/skyspy/skyspy-go/internal/geo/overlay.go:413.81,431.2 8 1
github.com/skyspy/skyspy-go/internal/geo/overlay.go:434.98,435.25 1 1
github.com/skyspy/skyspy-go/internal/geo/overlay.go:435.25,437.3 1 1
github.com/skyspy/skyspy-go/internal/geo/overlay.go:439.2,445.13 5 1
github.com/skyspy/skyspy-go/internal/geo/overlay.go:449.49,455.14 5 1
github.com/skyspy/skyspy-go/internal/geo/overlay.go:455.14,457.3 1 1
github.com/skyspy/skyspy-go/internal/geo/overlay.go:458.2,459.14 2 1
github.com/skyspy/skyspy-go/internal/geo/overlay.go:459.14,461.3 1 1
github.com/skyspy/skyspy-go/internal/geo/overlay.go:462.2,467.24 4 1
github.com/skyspy/skyspy-go/internal/geo/overlay.go:467.24,471.27 3 1
github.com/skyspy/skyspy-go/internal/geo/overlay.go:471.27,472.9 1 1
github.com/skyspy/skyspy-go/internal/geo/overlay.go:475.3,476.15 2 1
github.com/skyspy/skyspy-go/internal/geo/overlay.go:476.15,479.4 2 1
github.com/skyspy/skyspy-go/internal/geo/overlay.go:480.3,480.14 1 1
github.com/skyspy/skyspy-go/internal/geo/overlay.go:480.14,483.4 2 1
github.com/skyspy/skyspy-go/internal/geo/overlay.go:486.2,486.15 1 1
github.com/skyspy/skyspy-go/internal/geo/overlay.go:489.21,490.11 1 1
github.com/skyspy/skyspy-go/internal/geo/overlay.go:490.11,492.3 1 1
github.com/skyspy/skyspy-go/internal/geo/overlay.go:493.2,493.10 1 1
github.com/skyspy/skyspy-go/internal/geo/overlay.go:498.64,502.17 3 1
github.com/skyspy/skyspy-go/internal/geo/overlay.go:502.17,504.3 1 1
github.com/skyspy/skyspy-go/internal/geo/overlay.go:506.2,510.43 4 1
github.com/skyspy/skyspy-go/internal/geo/overlay.go:510.43,511.23 1 1
github.com/skyspy/skyspy-go/internal/geo/overlay.go:512.21,513.41 1 1
github.com/skyspy/skyspy-go/internal/geo/overlay.go:513.41,515.25 2 1
github.com/skyspy/skyspy-go/internal/geo/overlay.go:515.25,518.63 3 1
github.com/skyspy/skyspy-go/internal/geo/overlay.go:518.63,520.28 2 1
github.com/skyspy/skyspy-go/internal/geo/overlay.go:520.28,522.8 1 1
github.com/skyspy/skyspy-go/internal/geo/overlay.go:523.7,523.81 1 1
github.com/skyspy/skyspy-go/internal/geo/overlay.go:528.36,530.64 2 1
github.com/skyspy/skyspy-go/internal/geo/overlay.go:530.64,532.64 1 1
github.com/skyspy/skyspy-go/internal/geo/overlay.go:532.64,534.6 1 1
github.com/skyspy/skyspy-go/internal/geo/overlay.go:537.4,537.46 1 1
github.com/skyspy/skyspy-go/internal/geo/overlay.go:537.46,544.53 4 1
github.com/skyspy/skyspy-go/internal/geo/overlay.go:544.53,545.14 1 1
github.com/skyspy/skyspy-go/internal/geo/overlay.go:548.5,555.35 6 1
github.com/skyspy/skyspy-go/internal/geo/overlay.go:555.35,556.79 1 1
github.com/skyspy/skyspy-go/internal/geo/overlay.go:556.79,558.7 1 1
github.com/skyspy/skyspy-go/internal/geo/overlay.go:564.2,564.15 1 1
github.com/skyspy/skyspy-go/internal/geo/overlay.go:568.108,575.33 2 1
github.com/skyspy/skyspy-go/internal/geo/overlay.go:575.33,577.39 2 1
github.com/skyspy/skyspy-go/internal/geo/overlay.go:577.39,581.4 3 1
github.com/skyspy/skyspy-go/internal/geo/overlay.go:582.3,586.5 1 1
github.com/skyspy/skyspy-go/internal/geo/overlay.go:589.2,589.16 1 1
github.com/skyspy/skyspy-go/internal/geo/overlay.go:592.24,593.11 1 1
github.com/skyspy/skyspy-go/internal/geo/overlay.go:593.11,595.3 1 1
github.com/skyspy/skyspy-go/internal/geo/overlay.go:596.2,596.10 1 1
github.com/skyspy/skyspy-go/internal/geo/shapefile.go:77.55,80.34 2 1
github.com/skyspy/skyspy-go/internal/geo/shapefile.go:80.34,83.3 2 1
github.com/skyspy/skyspy-go/internal/geo/shapefile.go:86.2,87.16 2 1
github.com/skyspy/skyspy-go/internal/geo/shapefile.go:87.16,89.3 1 1
github.com/skyspy/skyspy-go/internal/geo/shapefile.go:90.2,94.16 3 1
github.com/skyspy/skyspy-go/internal/geo/shapefile.go:94.16,96.3 1 1
github.com/skyspy/skyspy-go/internal/geo/shapefile.go:98.2,98.21 1 1
github.com/skyspy/skyspy-go/internal/geo/shapefile.go:98.21,100.3 1 1
github.com/skyspy/skyspy-go/internal/geo/shapefile.go:103.2,104.16 2 1
github.com/skyspy/skyspy-go/internal/geo/shapefile.go:104.16,106.3 1 1
github.com/skyspy/skyspy-go/internal/geo/shapefile.go:109.2,119.44 4 1
github.com/skyspy/skyspy-go/internal/geo/shapefile.go:119.44,121.3 1 1
github.com/skyspy/skyspy-go/internal/geo/shapefile.go:124.2,126.25 3 1
github.com/skyspy/skyspy-go/internal/geo/shapefile.go:126.25,127.27 1 1
github.com/skyspy/skyspy-go/internal/geo/shapefile.go:127.27,128.9 1 1
github.com/skyspy/skyspy-go/internal/geo/shapefile.go:132.3,139.38 4 1
github.com/skyspy/skyspy-go/internal/geo/shapefile.go:139.38,140.9 1 1
github.com/skyspy/skyspy-go/internal/geo/shapefile.go:143.3,146.26 3 1
github.com/skyspy/skyspy-go/internal/geo/shapefile.go:146.26,147.12 1 1
github.com/skyspy/skyspy-go/internal/geo/shapefile.go:151.3,156.36 4 1
github.com/skyspy/skyspy-go/internal/geo/shapefile.go:156.36,158.46 2 1
github.com/skyspy/skyspy-go/internal/geo/shapefile.go:158.46,162.116 3 1
github.com/skyspy/skyspy-go/internal/geo/shapefile.go:162.116,164.6 1 1
github.com/skyspy/skyspy-go/internal/geo/shapefile.go:167.3,167.19 1 1
github.com/skyspy/skyspy-go/internal/geo/shapefile.go:167.19,169.4 1 1
github.com/skyspy/skyspy-go/internal/geo/shapefile.go:171.3,172.35 2 1
github.com/skyspy/skyspy-go/internal/geo/shapefile.go:172.35,176.4 3 1
github.com/skyspy/skyspy-go/internal/geo/shapefile.go:178.3,178.16 1 1
github.com/skyspy/skyspy-go/internal/geo/shapefile.go:181.2,181.21 1 1
github.com/skyspy/skyspy-go/internal/geo/shapefile.go:185.66,186.21 1 1
github.com/skyspy/skyspy-go/internal/geo/shapefile.go:186.21,188.3 1 1
github.com/skyspy/skyspy-go/internal/geo/shapefile.go:190.2,194.29 3 1
github.com/skyspy/skyspy-go/internal/geo/shapefile.go:194.29,196.3 1 1
github.com/skyspy/skyspy-go/internal/geo/shapefile.go:199.2,217.20 12 1
github.com/skyspy/skyspy-go/internal/geo/shapefile.go:221.41,224.2 2 1
github.com/skyspy/skyspy-go/internal/geo/shapefile.go:227.43,233.2 5 1
github.com/skyspy/skyspy-go/internal/geo/shapefile.go:236.89,237.28 1 1
github.com/skyspy/skyspy-go/internal/geo/shapefile.go:237.28,239.3 1 1
github.com/skyspy/skyspy-go/internal/geo/shapefile.go:241.2,241.19 1 1
github.com/skyspy/skyspy-go/internal/geo/shapefile.go:242.44,243.26 1 1
github.com/skyspy/skyspy-go/internal/geo/shapefile.go:244.53,245.29 1 1
github.com/skyspy/skyspy-go/internal/geo/shapefile.go:246.50,247.28 1 1
github.com/skyspy/skyspy-go/internal/geo/shapefile.go:248.59,249.31 1 1
github.com/skyspy/skyspy-go/internal/geo/shapefile.go:250.10,251.66 1 1
github.com/skyspy/skyspy-go/internal/geo/shapefile.go:256.51,258.20 1 1
github.com/skyspy/skyspy-go/internal/geo/shapefile.go:258.20,260.3 1 1
github.com/skyspy/skyspy-go/internal/geo/shapefile.go:262.2,270.8 3 1
github.com/skyspy/skyspy-go/internal/geo/shapefile.go:274.54,277.20 1 1
github.com/skyspy/skyspy-go/internal/geo/shapefile.go:277.20,279.3 1 1
github.com/skyspy/skyspy-go/internal/geo/shapefile.go:282.2,285.37 3 1
github.com/skyspy/skyspy-go/internal/geo/shapefile.go:285.37,287.3 1 1
github.com/skyspy/skyspy-go/internal/geo/shapefile.go:292.2,293.30 2 1
github.com/skyspy/skyspy-go/internal/geo/shapefile.go:293.30,295.3 1 1
github.com/skyspy/skyspy-go/internal/geo/shapefile.go:298.2,300.32 3 1
github.com/skyspy/skyspy-go/internal/geo/shapefile.go:300.32,303.3 2 1
github.com/skyspy/skyspy-go/internal/geo/shapefile.go:306.2,307.33 2 1
github.com/skyspy/skyspy-go/internal/geo/shapefile.go:307.33,312.3 4 1
github.com/skyspy/skyspy-go/internal/geo/shapefile.go:316.2,319.8 1 1
github.com/skyspy/skyspy-go/internal/geo/shapefile.go:323.53,325.20 1 1
github.com/skyspy/skyspy-go/internal/geo/shapefile.go:325.20,327.3 1 1
github.com/skyspy/skyspy-go/internal/geo/shapefile.go:329.2,332.37 3 1
github.com/skyspy/skyspy-go/internal/geo/shapefile.go:332.37,334.3 1 1
github.com/skyspy/skyspy-go/internal/geo/shapefile.go:336.2,337.30 2 1
github.com/skyspy/skyspy-go/internal/geo/shapefile.go:337.30,339.3 1 1
github.com/skyspy/skyspy-go/internal/geo/shapefile.go:342.2,344.32 3 1
github.com/skyspy/skyspy-go/internal/geo/shapefile.go:344.32,347.3 2 1
github.com/skyspy/skyspy-go/internal/geo/shapefile.go:351.2,352.18 2 1
github.com/skyspy/skyspy-go/internal/geo/shapefile.go:352.18,354.3 1 1
github.com/skyspy/skyspy-go/internal/geo/shapefile.go:356.2,357.38 2 1
github.com/skyspy/skyspy-go/internal/geo/shapefile.go:357.38,362.3 4 1
github.com/skyspy/skyspy-go/internal/geo/shapefile.go:364.2,367.8 1 1
github.com/skyspy/skyspy-go/internal/geo/shapefile.go:371.56,373.20 1 1
github.com/skyspy/skyspy-go/internal/geo/shapefile.go:373.20,375.3 1 1
github.com/skyspy/skyspy-go/internal/geo/shapefile.go:377.2,379.20 2 1
github.com/skyspy/skyspy-go/internal/geo/shapefile.go:379.20,381.3 1 1
github.com/skyspy/skyspy-go/internal/geo/shapefile.go:383.2,384.30 2 1
github.com/skyspy/skyspy-go/internal/geo/shapefile.go:384.30,386.3 1 1
github.com/skyspy/skyspy-go/internal/geo/shapefile.go:389.2,398.8 4 1
github.com/skyspy/skyspy-go/internal/geo/shapefile.go:402.57,404.16 2 1
github.com/skyspy/skyspy-go/internal/geo/shapefile.go:404.16,406.3 1 1
github.com/skyspy/skyspy-go/internal/geo/shapefile.go:407.2,410.16 3 1
github.com/skyspy/skyspy-go/internal/geo/shapefile.go:410.16,412.3 1 1
github.com/skyspy/skyspy-go/internal/geo/shapefile.go:414.2,414.20 1 1
github.com/skyspy/skyspy-go/internal/geo/shapefile.go:414.20,416.3 1 1
github.com/skyspy/skyspy-go/internal/geo/shapefile.go:419.2,423.33 4 1
github.com/skyspy/skyspy-go/internal/geo/shapefile.go:423.33,425.3 1 1
github.com/skyspy/skyspy-go/internal/geo/shapefile.go:429.2,435.59 3 1
github.com/skyspy/skyspy-go/internal/geo/shapefile.go:435.59,439.20 3 1
github.com/skyspy/skyspy-go/internal/geo/shapefile.go:439.20,441.4 1 1
github.com/skyspy/skyspy-go/internal/geo/shapefile.go:442.3,455.15 4 1
github.com/skyspy/skyspy-go/internal/geo/shapefile.go:459.2,462.43 3 1
github.com/skyspy/skyspy-go/internal/geo/shapefile.go:462.43,464.44 2 1
github.com/skyspy/skyspy-go/internal/geo/shapefile.go:464.44,465.9 1 1
github.com/skyspy/skyspy-go/internal/geo/shapefile.go:469.3,472.32 3 1
github.com/skyspy/skyspy-go/internal/geo/shapefile.go:472.32,473.44 1 1
github.com/skyspy/skyspy-go/internal/geo/shapefile.go:473.44,474.10 1 1
github.com/skyspy/skyspy-go/internal/geo/shapefile.go:476.4,478.31 3 1
github.com/skyspy/skyspy-go/internal/geo/shapefile.go:481.3,481.36 1 1
github.com/skyspy/skyspy-go/internal/geo/shapefile.go:484.2,484.21 1 1
