mode: set
github.com/skyspy/skyspy-go/internal/search/filter.go:27.34,29.2 1 1
github.com/skyspy/skyspy-go/internal/search/filter.go:32.35,37.2 1 1
github.com/skyspy/skyspy-go/internal/search/filter.go:40.34,45.2 1 1
github.com/skyspy/skyspy-go/internal/search/filter.go:48.34,53.2 1 1
github.com/skyspy/skyspy-go/internal/search/filter.go:66.39,71.17 2 1
github.com/skyspy/skyspy-go/internal/search/filter.go:71.17,73.3 1 1
github.com/skyspy/skyspy-go/internal/search/filter.go:76.2,79.31 3 1
github.com/skyspy/skyspy-go/internal/search/filter.go:79.31,83.26 2 1
github.com/skyspy/skyspy-go/internal/search/filter.go:83.26,85.12 2 1
github.com/skyspy/skyspy-go/internal/search/filter.go:89.3,89.43 1 1
github.com/skyspy/skyspy-go/internal/search/filter.go:89.43,92.31 3 1
github.com/skyspy/skyspy-go/internal/search/filter.go:92.31,94.17 2 1
github.com/skyspy/skyspy-go/internal/search/filter.go:94.17,96.6 1 1
github.com/skyspy/skyspy-go/internal/search/filter.go:98.4,98.12 1 1
github.com/skyspy/skyspy-go/internal/search/filter.go:102.3,102.44 1 1
github.com/skyspy/skyspy-go/internal/search/filter.go:102.44,105.12 3 1
github.com/skyspy/skyspy-go/internal/search/filter.go:109.3,109.45 1 1
github.com/skyspy/skyspy-go/internal/search/filter.go:109.45,112.12 3 1
github.com/skyspy/skyspy-go/internal/search/filter.go:116.3,116.39 1 1
github.com/skyspy/skyspy-go/internal/search/filter.go:119.2,120.10 2 1
github.com/skyspy/skyspy-go/internal/search/filter.go:124.47,126.13 2 1
github.com/skyspy/skyspy-go/internal/search/filter.go:126.13,128.3 1 1
github.com/skyspy/skyspy-go/internal/search/filter.go:131.2,131.60 1 1
github.com/skyspy/skyspy-go/internal/search/filter.go:131.60,133.22 2 1
github.com/skyspy/skyspy-go/internal/search/filter.go:133.22,134.54 1 1
github.com/skyspy/skyspy-go/internal/search/filter.go:134.54,136.5 1 1
github.com/skyspy/skyspy-go/internal/search/filter.go:137.4,137.54 1 1
github.com/skyspy/skyspy-go/internal/search/filter.go:137.54,139.5 1 1
github.com/skyspy/skyspy-go/internal/search/filter.go:141.3,141.9 1 1
github.com/skyspy/skyspy-go/internal/search/filter.go:145.2,145.31 1 1
github.com/skyspy/skyspy-go/internal/search/filter.go:145.31,146.50 1 1
github.com/skyspy/skyspy-go/internal/search/filter.go:146.50,148.4 1 1
github.com/skyspy/skyspy-go/internal/search/filter.go:149.3,149.9 1 1
github.com/skyspy/skyspy-go/internal/search/filter.go:153.2,153.31 1 1
github.com/skyspy/skyspy-go/internal/search/filter.go:153.31,154.50 1 1
github.com/skyspy/skyspy-go/internal/search/filter.go:154.50,156.4 1 1
github.com/skyspy/skyspy-go/internal/search/filter.go:157.3,157.9 1 1
github.com/skyspy/skyspy-go/internal/search/filter.go:161.2,161.45 1 1
github.com/skyspy/skyspy-go/internal/search/filter.go:161.45,163.3 1 1
github.com/skyspy/skyspy-go/internal/search/filter.go:167.47,169.13 2 1
github.com/skyspy/skyspy-go/internal/search/filter.go:169.13,171.3 1 1
github.com/skyspy/skyspy-go/internal/search/filter.go:174.2,174.60 1 1
github.com/skyspy/skyspy-go/internal/search/filter.go:174.60,176.22 2 1
github.com/skyspy/skyspy-go/internal/search/filter.go:176.22,177.64 1 1
github.com/skyspy/skyspy-go/internal/search/filter.go:177.64,179.5 1 1
github.com/skyspy/skyspy-go/internal/search/filter.go:180.4,180.64 1 1
github.com/skyspy/skyspy-go/internal/search/filter.go:180.64,182.5 1 1
github.com/skyspy/skyspy-go/internal/search/filter.go:184.3,184.9 1 1
github.com/skyspy/skyspy-go/internal/search/filter.go:188.2,188.31 1 1
github.com/skyspy/skyspy-go/internal/search/filter.go:188.31,189.60 1 1
github.com/skyspy/skyspy-go/internal/search/filter.go:189.60,191.4 1 1
github.com/skyspy/skyspy-go/internal/search/filter.go:192.3,192.9 1 1
github.com/skyspy/skyspy-go/internal/search/filter.go:196.2,196.31 1 1
github.com/skyspy/skyspy-go/internal/search/filter.go:196.31,197.60 1 1
github.com/skyspy/skyspy-go/internal/search/filter.go:197.60,199.4 1 1
github.com/skyspy/skyspy-go/internal/search/filter.go:200.3,200.9 1 1
github.com/skyspy/skyspy-go/internal/search/filter.go:204.2,204.55 1 1
github.com/skyspy/skyspy-go/internal/search/filter.go:204.55,206.3 1 1
github.com/skyspy/skyspy-go/internal/search/filter.go:210.67,211.19 1 1
github.com/skyspy/skyspy-go/internal/search/filter.go:211.19,213.3 1 1
github.com/skyspy/skyspy-go/internal/search/filter.go:216.2,216.47 1 1
github.com/skyspy/skyspy-go/internal/search/filter.go:216.47,218.3 1 1
github.com/skyspy/skyspy-go/internal/search/filter.go:221.2,221.28 1 1
github.com/skyspy/skyspy-go/internal/search/filter.go:221.28,222.65 1 1
github.com/skyspy/skyspy-go/internal/search/filter.go:222.65,224.4 1 1
github.com/skyspy/skyspy-go/internal/search/filter.go:226.2,226.28 1 1
github.com/skyspy/skyspy-go/internal/search/filter.go:226.28,227.65 1 1
github.com/skyspy/skyspy-go/internal/search/filter.go:227.65,229.4 1 1
github.com/skyspy/skyspy-go/internal/search/filter.go:233.2,233.28 1 1
github.com/skyspy/skyspy-go/internal/search/filter.go:233.28,234.45 1 1
github.com/skyspy/skyspy-go/internal/search/filter.go:234.45,236.4 1 1
github.com/skyspy/skyspy-go/internal/search/filter.go:238.2,238.28 1 1
github.com/skyspy/skyspy-go/internal/search/filter.go:238.28,239.45 1 1
github.com/skyspy/skyspy-go/internal/search/filter.go:239.45,241.4 1 1
github.com/skyspy/skyspy-go/internal/search/filter.go:245.2,245.33 1 1
github.com/skyspy/skyspy-go/internal/search/filter.go:245.33,247.41 2 1
github.com/skyspy/skyspy-go/internal/search/filter.go:247.41,248.46 1 1
github.com/skyspy/skyspy-go/internal/search/filter.go:248.46,250.10 2 1
github.com/skyspy/skyspy-go/internal/search/filter.go:253.3,253.13 1 1
github.com/skyspy/skyspy-go/internal/search/filter.go:253.13,255.4 1 1
github.com/skyspy/skyspy-go/internal/search/filter.go:259.2,259.28 1 1
github.com/skyspy/skyspy-go/internal/search/filter.go:259.28,264.50 3 1
github.com/skyspy/skyspy-go/internal/search/filter.go:264.50,266.4 1 1
github.com/skyspy/skyspy-go/internal/search/filter.go:269.2,269.13 1 1
github.com/skyspy/skyspy-go/internal/search/filter.go:273.34,274.14 1 1
github.com/skyspy/skyspy-go/internal/search/filter.go:274.14,276.3 1 1
github.com/skyspy/skyspy-go/internal/search/filter.go:277.2,283.20 1 1
github.com/skyspy/skyspy-go/internal/search/filter.go:287.39,288.31 1 1
github.com/skyspy/skyspy-go/internal/search/filter.go:288.31,290.3 1 1
github.com/skyspy/skyspy-go/internal/search/filter.go:292.2,294.23 2 1
github.com/skyspy/skyspy-go/internal/search/filter.go:294.23,296.3 1 1
github.com/skyspy/skyspy-go/internal/search/filter.go:297.2,297.20 1 1
github.com/skyspy/skyspy-go/internal/search/filter.go:297.20,299.3 1 1
github.com/skyspy/skyspy-go/internal/search/filter.go:300.2,300.28 1 1
github.com/skyspy/skyspy-go/internal/search/filter.go:300.28,302.3 1 1
github.com/skyspy/skyspy-go/internal/search/filter.go:303.2,303.44 1 1
github.com/skyspy/skyspy-go/internal/search/filter.go:303.44,305.3 1 1
github.com/skyspy/skyspy-go/internal/search/filter.go:305.8,305.30 1 1
github.com/skyspy/skyspy-go/internal/search/filter.go:305.30,307.3 1 1
github.com/skyspy/skyspy-go/internal/search/filter.go:307.8,307.30 1 1
github.com/skyspy/skyspy-go/internal/search/filter.go:307.30,309.3 1 1
github.com/skyspy/skyspy-go/internal/search/filter.go:310.2,310.44 1 1
github.com/skyspy/skyspy-go/internal/search/filter.go:310.44,312.3 1 1
github.com/skyspy/skyspy-go/internal/search/filter.go:312.8,312.30 1 1
github.com/skyspy/skyspy-go/internal/search/filter.go:312.30,314.3 1 1
github.com/skyspy/skyspy-go/internal/search/filter.go:314.8,314.30 1 1
github.com/skyspy/skyspy-go/internal/search/filter.go:314.30,316.3 1 1
github.com/skyspy/skyspy-go/internal/search/filter.go:318.2,318.33 1 1
github.com/skyspy/skyspy-go/internal/search/filter.go:323.71,324.35 1 1
github.com/skyspy/skyspy-go/internal/search/filter.go:324.35,326.3 1 1
github.com/skyspy/skyspy-go/internal/search/filter.go:328.2,330.15 3 1
github.com/skyspy/skyspy-go/internal/search/filter.go:330.15,332.3 1 1
github.com/skyspy/skyspy-go/internal/search/filter.go:334.2,334.82 1 1
github.com/skyspy/skyspy-go/internal/search/filter.go:338.81,340.32 2 1
github.com/skyspy/skyspy-go/internal/search/filter.go:340.32,341.34 1 1
github.com/skyspy/skyspy-go/internal/search/filter.go:341.34,343.4 1 1
github.com/skyspy/skyspy-go/internal/search/filter.go:345.2,345.16 1 1
