mode: set
github.com/skyspy/skyspy-go/internal/ws/client.go:92.67,102.2 1 1
github.com/skyspy/skyspy-go/internal/ws/client.go:105.102,109.2 3 1
github.com/skyspy/skyspy-go/internal/ws/client.go:112.57,116.2 3 1
github.com/skyspy/skyspy-go/internal/ws/client.go:119.38,123.2 3 1
github.com/skyspy/skyspy-go/internal/ws/client.go:126.37,128.2 1 1
github.com/skyspy/skyspy-go/internal/ws/client.go:131.52,133.2 1 1
github.com/skyspy/skyspy-go/internal/ws/client.go:136.49,138.2 1 1
github.com/skyspy/skyspy-go/internal/ws/client.go:141.26,144.2 2 1
github.com/skyspy/skyspy-go/internal/ws/client.go:147.25,149.2 1 1
github.com/skyspy/skyspy-go/internal/ws/client.go:151.46,155.2 3 1
github.com/skyspy/skyspy-go/internal/ws/client.go:157.49,161.2 3 1
github.com/skyspy/skyspy-go/internal/ws/client.go:163.42,166.2 2 1
github.com/skyspy/skyspy-go/internal/ws/client.go:168.39,171.2 2 1
github.com/skyspy/skyspy-go/internal/ws/client.go:173.80,174.6 1 1
github.com/skyspy/skyspy-go/internal/ws/client.go:174.6,175.10 1 1
github.com/skyspy/skyspy-go/internal/ws/client.go:176.19,177.10 1 1
github.com/skyspy/skyspy-go/internal/ws/client.go:178.11,178.11 0 1
github.com/skyspy/skyspy-go/internal/ws/client.go:181.3,192.26 5 1
github.com/skyspy/skyspy-go/internal/ws/client.go:192.26,194.38 2 1
github.com/skyspy/skyspy-go/internal/ws/client.go:194.38,197.49 1 1
github.com/skyspy/skyspy-go/internal/ws/client.go:197.49,200.6 2 1
github.com/skyspy/skyspy-go/internal/ws/client.go:200.11,200.56 1 1
github.com/skyspy/skyspy-go/internal/ws/client.go:200.56,203.6 2 1
github.com/skyspy/skyspy-go/internal/ws/client.go:207.3,208.17 2 1
github.com/skyspy/skyspy-go/internal/ws/client.go:208.17,210.11 2 1
github.com/skyspy/skyspy-go/internal/ws/client.go:211.20,212.11 1 1
github.com/skyspy/skyspy-go/internal/ws/client.go:213.40,214.13 1 1
github.com/skyspy/skyspy-go/internal/ws/client.go:219.3,223.54 2 1
github.com/skyspy/skyspy-go/internal/ws/client.go:223.54,225.12 2 0
github.com/skyspy/skyspy-go/internal/ws/client.go:228.3,231.7 2 1
github.com/skyspy/skyspy-go/internal/ws/client.go:231.7,233.18 2 1
github.com/skyspy/skyspy-go/internal/ws/client.go:233.18,236.10 3 1
github.com/skyspy/skyspy-go/internal/ws/client.go:239.4,240.53 2 1
github.com/skyspy/skyspy-go/internal/ws/client.go:240.53,241.13 1 1
github.com/skyspy/skyspy-go/internal/ws/client.go:244.4,244.11 1 1
github.com/skyspy/skyspy-go/internal/ws/client.go:245.22,245.22 0 1
github.com/skyspy/skyspy-go/internal/ws/client.go:246.12,246.12 0 1
github.com/skyspy/skyspy-go/internal/ws/client.go:252.3,252.10 1 1
github.com/skyspy/skyspy-go/internal/ws/client.go:253.19,254.10 1 1
github.com/skyspy/skyspy-go/internal/ws/client.go:255.39,255.39 0 1
github.com/skyspy/skyspy-go/internal/ws/client.go:261.70,264.84 2 1
github.com/skyspy/skyspy-go/internal/ws/client.go:264.84,266.40 2 1
github.com/skyspy/skyspy-go/internal/ws/client.go:266.40,268.4 1 1
github.com/skyspy/skyspy-go/internal/ws/client.go:269.3,269.23 1 1
github.com/skyspy/skyspy-go/internal/ws/client.go:273.2,274.52 2 1
github.com/skyspy/skyspy-go/internal/ws/client.go:274.52,276.3 1 1
github.com/skyspy/skyspy-go/internal/ws/client.go:279.2,282.80 2 1
github.com/skyspy/skyspy-go/internal/ws/client.go:282.80,284.38 2 0
github.com/skyspy/skyspy-go/internal/ws/client.go:284.38,286.4 1 0
github.com/skyspy/skyspy-go/internal/ws/client.go:287.3,287.23 1 0
github.com/skyspy/skyspy-go/internal/ws/client.go:290.2,290.61 1 1
github.com/skyspy/skyspy-go/internal/ws/client.go:294.61,296.50 2 1
github.com/skyspy/skyspy-go/internal/ws/client.go:296.50,298.3 1 1
github.com/skyspy/skyspy-go/internal/ws/client.go:299.2,299.17 1 1
github.com/skyspy/skyspy-go/internal/ws/client.go:303.64,306.52 2 1
github.com/skyspy/skyspy-go/internal/ws/client.go:306.52,308.3 1 1
github.com/skyspy/skyspy-go/internal/ws/client.go:311.2,312.54 2 1
github.com/skyspy/skyspy-go/internal/ws/client.go:312.54,314.3 1 1
github.com/skyspy/skyspy-go/internal/ws/client.go:316.2,316.54 1 1
