mode: set
github.com/skyspy/skyspy-go/cmd/skyspy/auth.go:58.13,64.2 1 1
github.com/skyspy/skyspy-go/cmd/skyspy/auth.go:66.56,69.16 2 1
github.com/skyspy/skyspy-go/cmd/skyspy/auth.go:69.16,71.3 1 0
github.com/skyspy/skyspy-go/cmd/skyspy/auth.go:74.2,74.16 1 1
github.com/skyspy/skyspy-go/cmd/skyspy/auth.go:74.16,76.3 1 1
github.com/skyspy/skyspy-go/cmd/skyspy/auth.go:77.2,77.15 1 1
github.com/skyspy/skyspy-go/cmd/skyspy/auth.go:77.15,79.3 1 1
github.com/skyspy/skyspy-go/cmd/skyspy/auth.go:81.2,85.16 3 1
github.com/skyspy/skyspy-go/cmd/skyspy/auth.go:85.16,87.3 1 0
github.com/skyspy/skyspy-go/cmd/skyspy/auth.go:89.2,92.29 2 1
github.com/skyspy/skyspy-go/cmd/skyspy/auth.go:92.29,95.3 2 1
github.com/skyspy/skyspy-go/cmd/skyspy/auth.go:98.2,98.55 1 1
github.com/skyspy/skyspy-go/cmd/skyspy/auth.go:98.55,100.3 1 0
github.com/skyspy/skyspy-go/cmd/skyspy/auth.go:103.2,103.31 1 1
github.com/skyspy/skyspy-go/cmd/skyspy/auth.go:103.31,105.21 2 0
github.com/skyspy/skyspy-go/cmd/skyspy/auth.go:105.21,107.4 1 0
github.com/skyspy/skyspy-go/cmd/skyspy/auth.go:107.9,109.4 1 0
github.com/skyspy/skyspy-go/cmd/skyspy/auth.go:110.3,111.13 2 0
github.com/skyspy/skyspy-go/cmd/skyspy/auth.go:115.2,115.25 1 1
github.com/skyspy/skyspy-go/cmd/skyspy/auth.go:115.25,117.25 2 1
github.com/skyspy/skyspy-go/cmd/skyspy/auth.go:117.25,119.4 1 0
github.com/skyspy/skyspy-go/cmd/skyspy/auth.go:120.3,120.72 1 1
github.com/skyspy/skyspy-go/cmd/skyspy/auth.go:124.2,129.12 5 1
github.com/skyspy/skyspy-go/cmd/skyspy/auth.go:129.12,133.3 3 1
github.com/skyspy/skyspy-go/cmd/skyspy/auth.go:136.2,136.43 1 1
github.com/skyspy/skyspy-go/cmd/skyspy/auth.go:136.43,138.3 1 1
github.com/skyspy/skyspy-go/cmd/skyspy/auth.go:140.2,141.20 2 0
github.com/skyspy/skyspy-go/cmd/skyspy/auth.go:141.20,143.3 1 0
github.com/skyspy/skyspy-go/cmd/skyspy/auth.go:143.8,145.3 1 0
github.com/skyspy/skyspy-go/cmd/skyspy/auth.go:147.2,147.12 1 0
github.com/skyspy/skyspy-go/cmd/skyspy/auth.go:150.57,153.16 2 1
github.com/skyspy/skyspy-go/cmd/skyspy/auth.go:153.16,155.3 1 0
github.com/skyspy/skyspy-go/cmd/skyspy/auth.go:158.2,158.16 1 1
github.com/skyspy/skyspy-go/cmd/skyspy/auth.go:158.16,160.3 1 1
github.com/skyspy/skyspy-go/cmd/skyspy/auth.go:161.2,161.15 1 1
github.com/skyspy/skyspy-go/cmd/skyspy/auth.go:161.15,163.3 1 1
github.com/skyspy/skyspy-go/cmd/skyspy/auth.go:166.2,167.16 2 1
github.com/skyspy/skyspy-go/cmd/skyspy/auth.go:167.16,169.3 1 0
github.com/skyspy/skyspy-go/cmd/skyspy/auth.go:172.2,172.32 1 1
github.com/skyspy/skyspy-go/cmd/skyspy/auth.go:172.32,175.3 2 1
github.com/skyspy/skyspy-go/cmd/skyspy/auth.go:178.2,178.41 1 0
github.com/skyspy/skyspy-go/cmd/skyspy/auth.go:178.41,180.3 1 0
github.com/skyspy/skyspy-go/cmd/skyspy/auth.go:182.2,183.12 2 0
github.com/skyspy/skyspy-go/cmd/skyspy/auth.go:186.57,189.16 2 1
github.com/skyspy/skyspy-go/cmd/skyspy/auth.go:189.16,191.3 1 0
github.com/skyspy/skyspy-go/cmd/skyspy/auth.go:194.2,194.16 1 1
github.com/skyspy/skyspy-go/cmd/skyspy/auth.go:194.16,196.3 1 1
github.com/skyspy/skyspy-go/cmd/skyspy/auth.go:197.2,197.15 1 1
github.com/skyspy/skyspy-go/cmd/skyspy/auth.go:197.15,199.3 1 1
github.com/skyspy/skyspy-go/cmd/skyspy/auth.go:201.2,206.16 4 1
github.com/skyspy/skyspy-go/cmd/skyspy/auth.go:206.16,210.3 3 0
github.com/skyspy/skyspy-go/cmd/skyspy/auth.go:212.2,219.71 5 1
github.com/skyspy/skyspy-go/cmd/skyspy/auth.go:219.71,221.40 2 1
github.com/skyspy/skyspy-go/cmd/skyspy/auth.go:221.40,223.4 1 0
github.com/skyspy/skyspy-go/cmd/skyspy/auth.go:224.3,224.53 1 1
github.com/skyspy/skyspy-go/cmd/skyspy/auth.go:225.8,227.3 1 1
github.com/skyspy/skyspy-go/cmd/skyspy/auth.go:229.2,235.18 4 1
github.com/skyspy/skyspy-go/cmd/skyspy/auth.go:236.14,238.70 2 0
github.com/skyspy/skyspy-go/cmd/skyspy/auth.go:238.70,240.4 1 0
github.com/skyspy/skyspy-go/cmd/skyspy/auth.go:241.3,241.56 1 0
github.com/skyspy/skyspy-go/cmd/skyspy/auth.go:241.56,243.4 1 0
github.com/skyspy/skyspy-go/cmd/skyspy/auth.go:244.3,244.67 1 0
github.com/skyspy/skyspy-go/cmd/skyspy/auth.go:244.67,246.87 2 0
github.com/skyspy/skyspy-go/cmd/skyspy/auth.go:246.87,248.5 1 0
github.com/skyspy/skyspy-go/cmd/skyspy/auth.go:250.17,252.54 2 0
github.com/skyspy/skyspy-go/cmd/skyspy/auth.go:252.54,254.4 1 0
github.com/skyspy/skyspy-go/cmd/skyspy/auth.go:255.10,257.72 2 1
github.com/skyspy/skyspy-go/cmd/skyspy/auth.go:257.72,259.4 1 1
github.com/skyspy/skyspy-go/cmd/skyspy/auth.go:262.2,262.12 1 1
github.com/skyspy/skyspy-go/cmd/skyspy/configure.go:90.53,162.36 17 1
github.com/skyspy/skyspy-go/cmd/skyspy/configure.go:162.36,165.3 2 1
github.com/skyspy/skyspy-go/cmd/skyspy/configure.go:166.2,167.32 2 1
github.com/skyspy/skyspy-go/cmd/skyspy/configure.go:167.32,168.31 1 1
github.com/skyspy/skyspy-go/cmd/skyspy/configure.go:168.31,170.9 2 1
github.com/skyspy/skyspy-go/cmd/skyspy/configure.go:174.2,206.10 5 1
github.com/skyspy/skyspy-go/cmd/skyspy/configure.go:209.83,221.2 5 1
github.com/skyspy/skyspy-go/cmd/skyspy/configure.go:223.89,235.2 5 1
github.com/skyspy/skyspy-go/cmd/skyspy/configure.go:237.92,249.2 5 1
github.com/skyspy/skyspy-go/cmd/skyspy/configure.go:251.88,259.2 1 1
github.com/skyspy/skyspy-go/cmd/skyspy/configure.go:261.116,271.2 1 1
github.com/skyspy/skyspy-go/cmd/skyspy/configure.go:273.37,275.2 1 1
github.com/skyspy/skyspy-go/cmd/skyspy/configure.go:277.63,278.27 1 1
github.com/skyspy/skyspy-go/cmd/skyspy/configure.go:279.18,280.23 1 1
github.com/skyspy/skyspy-go/cmd/skyspy/configure.go:281.22,282.66 1 1
github.com/skyspy/skyspy-go/cmd/skyspy/configure.go:282.66,285.5 2 1
github.com/skyspy/skyspy-go/cmd/skyspy/configure.go:286.14,288.34 1 1
github.com/skyspy/skyspy-go/cmd/skyspy/configure.go:288.34,291.87 3 1
github.com/skyspy/skyspy-go/cmd/skyspy/configure.go:291.87,293.6 1 1
github.com/skyspy/skyspy-go/cmd/skyspy/configure.go:295.4,295.17 1 1
github.com/skyspy/skyspy-go/cmd/skyspy/configure.go:296.16,297.26 1 1
github.com/skyspy/skyspy-go/cmd/skyspy/configure.go:298.22,299.25 1 1
github.com/skyspy/skyspy-go/cmd/skyspy/configure.go:300.26,301.25 1 1
github.com/skyspy/skyspy-go/cmd/skyspy/configure.go:302.15,303.64 1 1
github.com/skyspy/skyspy-go/cmd/skyspy/configure.go:303.64,305.33 2 1
github.com/skyspy/skyspy-go/cmd/skyspy/configure.go:305.33,307.6 1 1
github.com/skyspy/skyspy-go/cmd/skyspy/configure.go:307.11,307.63 1 1
github.com/skyspy/skyspy-go/cmd/skyspy/configure.go:307.63,309.6 1 0
github.com/skyspy/skyspy-go/cmd/skyspy/configure.go:311.4,311.17 1 1
github.com/skyspy/skyspy-go/cmd/skyspy/configure.go:312.16,313.64 1 1
github.com/skyspy/skyspy-go/cmd/skyspy/configure.go:313.64,315.33 2 1
github.com/skyspy/skyspy-go/cmd/skyspy/configure.go:315.33,317.6 1 1
github.com/skyspy/skyspy-go/cmd/skyspy/configure.go:317.11,317.78 1 1
github.com/skyspy/skyspy-go/cmd/skyspy/configure.go:317.78,319.6 1 1
github.com/skyspy/skyspy-go/cmd/skyspy/configure.go:321.4,321.17 1 1
github.com/skyspy/skyspy-go/cmd/skyspy/configure.go:322.12,324.64 1 1
github.com/skyspy/skyspy-go/cmd/skyspy/configure.go:324.64,326.33 2 1
github.com/skyspy/skyspy-go/cmd/skyspy/configure.go:326.33,328.6 1 1
github.com/skyspy/skyspy-go/cmd/skyspy/configure.go:330.4,330.17 1 1
github.com/skyspy/skyspy-go/cmd/skyspy/configure.go:333.25,335.24 2 1
github.com/skyspy/skyspy-go/cmd/skyspy/configure.go:339.2,339.62 1 1
github.com/skyspy/skyspy-go/cmd/skyspy/configure.go:339.62,340.35 1 1
github.com/skyspy/skyspy-go/cmd/skyspy/configure.go:340.35,342.33 2 1
github.com/skyspy/skyspy-go/cmd/skyspy/configure.go:342.33,346.5 3 1
github.com/skyspy/skyspy-go/cmd/skyspy/configure.go:350.2,350.15 1 1
github.com/skyspy/skyspy-go/cmd/skyspy/configure.go:353.57,354.33 1 1
github.com/skyspy/skyspy-go/cmd/skyspy/configure.go:354.33,357.85 3 1
github.com/skyspy/skyspy-go/cmd/skyspy/configure.go:357.85,359.4 1 1
github.com/skyspy/skyspy-go/cmd/skyspy/configure.go:360.3,360.16 1 1
github.com/skyspy/skyspy-go/cmd/skyspy/configure.go:363.2,363.33 1 1
github.com/skyspy/skyspy-go/cmd/skyspy/configure.go:363.33,366.44 2 1
github.com/skyspy/skyspy-go/cmd/skyspy/configure.go:366.44,368.4 1 0
github.com/skyspy/skyspy-go/cmd/skyspy/configure.go:368.9,370.4 1 1
github.com/skyspy/skyspy-go/cmd/skyspy/configure.go:371.3,372.21 2 1
github.com/skyspy/skyspy-go/cmd/skyspy/configure.go:376.2,376.23 1 1
github.com/skyspy/skyspy-go/cmd/skyspy/configure.go:379.56,380.33 1 1
github.com/skyspy/skyspy-go/cmd/skyspy/configure.go:380.33,383.85 3 1
github.com/skyspy/skyspy-go/cmd/skyspy/configure.go:383.85,385.4 1 1
github.com/skyspy/skyspy-go/cmd/skyspy/configure.go:386.3,386.16 1 1
github.com/skyspy/skyspy-go/cmd/skyspy/configure.go:389.2,389.33 1 1
github.com/skyspy/skyspy-go/cmd/skyspy/configure.go:389.33,391.3 1 1
github.com/skyspy/skyspy-go/cmd/skyspy/configure.go:394.2,394.77 1 1
github.com/skyspy/skyspy-go/cmd/skyspy/configure.go:394.77,396.3 1 1
github.com/skyspy/skyspy-go/cmd/skyspy/configure.go:398.2,399.46 2 1
github.com/skyspy/skyspy-go/cmd/skyspy/configure.go:399.46,403.3 2 1
github.com/skyspy/skyspy-go/cmd/skyspy/configure.go:406.2,406.64 1 1
github.com/skyspy/skyspy-go/cmd/skyspy/configure.go:406.64,408.32 2 1
github.com/skyspy/skyspy-go/cmd/skyspy/configure.go:408.32,410.4 1 1
github.com/skyspy/skyspy-go/cmd/skyspy/configure.go:413.2,413.15 1 1
github.com/skyspy/skyspy-go/cmd/skyspy/configure.go:416.56,417.33 1 1
github.com/skyspy/skyspy-go/cmd/skyspy/configure.go:417.33,419.3 1 1
github.com/skyspy/skyspy-go/cmd/skyspy/configure.go:422.2,422.107 1 1
github.com/skyspy/skyspy-go/cmd/skyspy/configure.go:422.107,424.3 1 1
github.com/skyspy/skyspy-go/cmd/skyspy/configure.go:426.2,427.22 2 1
github.com/skyspy/skyspy-go/cmd/skyspy/configure.go:427.22,429.36 1 1
github.com/skyspy/skyspy-go/cmd/skyspy/configure.go:429.36,432.4 2 1
github.com/skyspy/skyspy-go/cmd/skyspy/configure.go:432.9,434.4 1 1
github.com/skyspy/skyspy-go/cmd/skyspy/configure.go:438.2,438.64 1 1
github.com/skyspy/skyspy-go/cmd/skyspy/configure.go:438.64,440.32 2 1
github.com/skyspy/skyspy-go/cmd/skyspy/configure.go:440.32,442.4 1 1
github.com/skyspy/skyspy-go/cmd/skyspy/configure.go:445.2,445.15 1 1
github.com/skyspy/skyspy-go/cmd/skyspy/configure.go:448.37,450.48 1 1
github.com/skyspy/skyspy-go/cmd/skyspy/configure.go:450.48,451.17 1 1
github.com/skyspy/skyspy-go/cmd/skyspy/configure.go:452.15,453.47 1 1
github.com/skyspy/skyspy-go/cmd/skyspy/configure.go:454.15,455.63 1 1
github.com/skyspy/skyspy-go/cmd/skyspy/configure.go:455.63,457.5 1 1
github.com/skyspy/skyspy-go/cmd/skyspy/configure.go:458.23,459.73 1 1
github.com/skyspy/skyspy-go/cmd/skyspy/configure.go:459.73,461.5 1 1
github.com/skyspy/skyspy-go/cmd/skyspy/configure.go:462.23,463.73 1 1
github.com/skyspy/skyspy-go/cmd/skyspy/configure.go:463.73,465.5 1 1
github.com/skyspy/skyspy-go/cmd/skyspy/configure.go:466.25,467.48 1 1
github.com/skyspy/skyspy-go/cmd/skyspy/configure.go:472.2,472.45 1 1
github.com/skyspy/skyspy-go/cmd/skyspy/configure.go:472.45,473.17 1 1
github.com/skyspy/skyspy-go/cmd/skyspy/configure.go:474.16,475.41 1 1
github.com/skyspy/skyspy-go/cmd/skyspy/configure.go:475.41,477.5 1 1
github.com/skyspy/skyspy-go/cmd/skyspy/configure.go:478.22,479.42 1 1
github.com/skyspy/skyspy-go/cmd/skyspy/configure.go:480.22,481.42 1 1
github.com/skyspy/skyspy-go/cmd/skyspy/configure.go:482.21,483.41 1 1
github.com/skyspy/skyspy-go/cmd/skyspy/configure.go:484.27,485.46 1 1
github.com/skyspy/skyspy-go/cmd/skyspy/configure.go:486.25,487.44 1 1
github.com/skyspy/skyspy-go/cmd/skyspy/configure.go:488.24,489.44 1 1
github.com/skyspy/skyspy-go/cmd/skyspy/configure.go:490.23,491.63 1 1
github.com/skyspy/skyspy-go/cmd/skyspy/configure.go:491.63,493.5 1 1
github.com/skyspy/skyspy-go/cmd/skyspy/configure.go:498.2,498.43 1 1
github.com/skyspy/skyspy-go/cmd/skyspy/configure.go:498.43,499.17 1 1
github.com/skyspy/skyspy-go/cmd/skyspy/configure.go:500.24,501.63 1 1
github.com/skyspy/skyspy-go/cmd/skyspy/configure.go:501.63,503.5 1 1
github.com/skyspy/skyspy-go/cmd/skyspy/configure.go:504.22,505.63 1 1
github.com/skyspy/skyspy-go/cmd/skyspy/configure.go:505.63,507.5 1 1
github.com/skyspy/skyspy-go/cmd/skyspy/configure.go:508.22,509.63 1 1
github.com/skyspy/skyspy-go/cmd/skyspy/configure.go:509.63,511.5 1 1
github.com/skyspy/skyspy-go/cmd/skyspy/configure.go:512.23,513.41 1 1
github.com/skyspy/skyspy-go/cmd/skyspy/configure.go:514.20,515.38 1 1
github.com/skyspy/skyspy-go/cmd/skyspy/configure.go:516.24,517.42 1 1
github.com/skyspy/skyspy-go/cmd/skyspy/configure.go:522.2,522.43 1 1
github.com/skyspy/skyspy-go/cmd/skyspy/configure.go:522.43,523.17 1 1
github.com/skyspy/skyspy-go/cmd/skyspy/configure.go:524.24,525.37 1 1
github.com/skyspy/skyspy-go/cmd/skyspy/configure.go:526.29,527.46 1 1
github.com/skyspy/skyspy-go/cmd/skyspy/configure.go:528.26,529.44 1 1
github.com/skyspy/skyspy-go/cmd/skyspy/configure.go:530.25,531.43 1 1
github.com/skyspy/skyspy-go/cmd/skyspy/configure.go:536.36,537.16 1 1
github.com/skyspy/skyspy-go/cmd/skyspy/configure.go:537.16,538.19 1 1
github.com/skyspy/skyspy-go/cmd/skyspy/configure.go:538.19,540.4 1 1
github.com/skyspy/skyspy-go/cmd/skyspy/configure.go:541.3,541.14 1 1
github.com/skyspy/skyspy-go/cmd/skyspy/configure.go:541.14,543.4 1 1
github.com/skyspy/skyspy-go/cmd/skyspy/configure.go:544.3,544.51 1 1
github.com/skyspy/skyspy-go/cmd/skyspy/configure.go:547.2,556.38 6 1
github.com/skyspy/skyspy-go/cmd/skyspy/configure.go:556.38,557.21 1 1
github.com/skyspy/skyspy-go/cmd/skyspy/configure.go:557.21,559.4 1 1
github.com/skyspy/skyspy-go/cmd/skyspy/configure.go:559.9,559.27 1 1
github.com/skyspy/skyspy-go/cmd/skyspy/configure.go:559.27,561.4 1 1
github.com/skyspy/skyspy-go/cmd/skyspy/configure.go:561.9,563.4 1 1
github.com/skyspy/skyspy-go/cmd/skyspy/configure.go:564.3,564.32 1 1
github.com/skyspy/skyspy-go/cmd/skyspy/configure.go:564.32,566.4 1 1
github.com/skyspy/skyspy-go/cmd/skyspy/configure.go:568.2,571.19 2 1
github.com/skyspy/skyspy-go/cmd/skyspy/configure.go:572.22,573.35 1 1
github.com/skyspy/skyspy-go/cmd/skyspy/configure.go:574.22,575.35 1 1
github.com/skyspy/skyspy-go/cmd/skyspy/configure.go:576.10,577.34 1 1
github.com/skyspy/skyspy-go/cmd/skyspy/configure.go:581.2,582.33 2 1
github.com/skyspy/skyspy-go/cmd/skyspy/configure.go:582.33,584.3 1 1
github.com/skyspy/skyspy-go/cmd/skyspy/configure.go:584.8,584.40 1 1
github.com/skyspy/skyspy-go/cmd/skyspy/configure.go:584.40,586.3 1 1
github.com/skyspy/skyspy-go/cmd/skyspy/configure.go:586.8,588.3 1 1
github.com/skyspy/skyspy-go/cmd/skyspy/configure.go:589.2,591.19 2 1
github.com/skyspy/skyspy-go/cmd/skyspy/configure.go:594.45,616.2 5 1
github.com/skyspy/skyspy-go/cmd/skyspy/configure.go:618.44,625.40 5 1
github.com/skyspy/skyspy-go/cmd/skyspy/configure.go:625.40,630.17 3 1
github.com/skyspy/skyspy-go/cmd/skyspy/configure.go:630.17,632.4 1 1
github.com/skyspy/skyspy-go/cmd/skyspy/configure.go:632.9,634.4 1 1
github.com/skyspy/skyspy-go/cmd/skyspy/configure.go:637.3,637.22 1 1
github.com/skyspy/skyspy-go/cmd/skyspy/configure.go:638.43,639.18 1 1
github.com/skyspy/skyspy-go/cmd/skyspy/configure.go:639.18,641.5 1 1
github.com/skyspy/skyspy-go/cmd/skyspy/configure.go:641.10,643.5 1 1
github.com/skyspy/skyspy-go/cmd/skyspy/configure.go:644.18,645.19 1 1
github.com/skyspy/skyspy-go/cmd/skyspy/configure.go:645.19,648.5 2 1
github.com/skyspy/skyspy-go/cmd/skyspy/configure.go:648.10,651.5 2 1
github.com/skyspy/skyspy-go/cmd/skyspy/configure.go:652.20,653.18 1 1
github.com/skyspy/skyspy-go/cmd/skyspy/configure.go:653.18,658.5 3 1
github.com/skyspy/skyspy-go/cmd/skyspy/configure.go:658.10,660.5 1 0
github.com/skyspy/skyspy-go/cmd/skyspy/configure.go:663.3,666.33 2 1
github.com/skyspy/skyspy-go/cmd/skyspy/configure.go:666.33,669.4 2 1
github.com/skyspy/skyspy-go/cmd/skyspy/configure.go:672.2,672.19 1 1
github.com/skyspy/skyspy-go/cmd/skyspy/configure.go:675.45,683.48 5 1
github.com/skyspy/skyspy-go/cmd/skyspy/configure.go:683.48,685.22 2 1
github.com/skyspy/skyspy-go/cmd/skyspy/configure.go:686.43,687.31 1 1
github.com/skyspy/skyspy-go/cmd/skyspy/configure.go:688.18,689.19 1 1
github.com/skyspy/skyspy-go/cmd/skyspy/configure.go:689.19,691.5 1 1
github.com/skyspy/skyspy-go/cmd/skyspy/configure.go:691.10,693.5 1 0
github.com/skyspy/skyspy-go/cmd/skyspy/configure.go:695.3,695.101 1 1
github.com/skyspy/skyspy-go/cmd/skyspy/configure.go:697.2,701.45 3 1
github.com/skyspy/skyspy-go/cmd/skyspy/configure.go:701.45,703.22 2 1
github.com/skyspy/skyspy-go/cmd/skyspy/configure.go:704.43,705.31 1 1
github.com/skyspy/skyspy-go/cmd/skyspy/configure.go:706.18,707.19 1 1
github.com/skyspy/skyspy-go/cmd/skyspy/configure.go:707.19,709.5 1 1
github.com/skyspy/skyspy-go/cmd/skyspy/configure.go:709.10,711.5 1 1
github.com/skyspy/skyspy-go/cmd/skyspy/configure.go:712.20,713.39 1 1
github.com/skyspy/skyspy-go/cmd/skyspy/configure.go:715.3,715.101 1 1
github.com/skyspy/skyspy-go/cmd/skyspy/configure.go:717.2,721.43 3 1
github.com/skyspy/skyspy-go/cmd/skyspy/configure.go:721.43,723.22 2 1
github.com/skyspy/skyspy-go/cmd/skyspy/configure.go:724.43,725.31 1 1
github.com/skyspy/skyspy-go/cmd/skyspy/configure.go:726.18,727.19 1 1
github.com/skyspy/skyspy-go/cmd/skyspy/configure.go:727.19,729.5 1 1
github.com/skyspy/skyspy-go/cmd/skyspy/configure.go:729.10,731.5 1 1
github.com/skyspy/skyspy-go/cmd/skyspy/configure.go:733.3,733.101 1 1
github.com/skyspy/skyspy-go/cmd/skyspy/configure.go:735.2,739.43 3 1
github.com/skyspy/skyspy-go/cmd/skyspy/configure.go:739.43,741.22 2 1
github.com/skyspy/skyspy-go/cmd/skyspy/configure.go:742.43,743.31 1 0
github.com/skyspy/skyspy-go/cmd/skyspy/configure.go:744.18,745.19 1 1
github.com/skyspy/skyspy-go/cmd/skyspy/configure.go:745.19,747.5 1 1
github.com/skyspy/skyspy-go/cmd/skyspy/configure.go:747.10,749.5 1 1
github.com/skyspy/skyspy-go/cmd/skyspy/configure.go:751.3,751.101 1 1
github.com/skyspy/skyspy-go/cmd/skyspy/configure.go:754.2,754.19 1 1
github.com/skyspy/skyspy-go/cmd/skyspy/configure.go:757.60,760.16 2 0
github.com/skyspy/skyspy-go/cmd/skyspy/configure.go:760.16,762.3 1 0
github.com/skyspy/skyspy-go/cmd/skyspy/configure.go:765.2,768.35 3 0
github.com/skyspy/skyspy-go/cmd/skyspy/configure.go:768.35,770.3 1 0
github.com/skyspy/skyspy-go/cmd/skyspy/configure.go:772.2,772.12 1 0
github.com/skyspy/skyspy-go/cmd/skyspy/main.go:58.13,81.2 17 1
github.com/skyspy/skyspy-go/cmd/skyspy/main.go:83.13,85.73 1 0
github.com/skyspy/skyspy-go/cmd/skyspy/main.go:85.73,87.3 1 0
github.com/skyspy/skyspy-go/cmd/skyspy/main.go:89.2,89.42 1 0
github.com/skyspy/skyspy-go/cmd/skyspy/main.go:89.42,91.3 1 0
github.com/skyspy/skyspy-go/cmd/skyspy/main.go:94.51,96.16 1 1
github.com/skyspy/skyspy-go/cmd/skyspy/main.go:96.16,98.37 2 1
github.com/skyspy/skyspy-go/cmd/skyspy/main.go:98.37,100.4 1 1
github.com/skyspy/skyspy-go/cmd/skyspy/main.go:101.3,102.13 2 1
github.com/skyspy/skyspy-go/cmd/skyspy/main.go:106.2,107.16 2 1
github.com/skyspy/skyspy-go/cmd/skyspy/main.go:107.16,109.3 1 0
github.com/skyspy/skyspy-go/cmd/skyspy/main.go:112.2,112.16 1 1
github.com/skyspy/skyspy-go/cmd/skyspy/main.go:112.16,114.3 1 1
github.com/skyspy/skyspy-go/cmd/skyspy/main.go:115.2,115.15 1 1
github.com/skyspy/skyspy-go/cmd/skyspy/main.go:115.15,117.3 1 1
github.com/skyspy/skyspy-go/cmd/skyspy/main.go:118.2,118.14 1 1
github.com/skyspy/skyspy-go/cmd/skyspy/main.go:118.14,120.3 1 0
github.com/skyspy/skyspy-go/cmd/skyspy/main.go:121.2,121.14 1 1
github.com/skyspy/skyspy-go/cmd/skyspy/main.go:121.14,123.3 1 0
github.com/skyspy/skyspy-go/cmd/skyspy/main.go:124.2,124.19 1 1
github.com/skyspy/skyspy-go/cmd/skyspy/main.go:124.19,126.3 1 0
github.com/skyspy/skyspy-go/cmd/skyspy/main.go:127.2,127.21 1 1
github.com/skyspy/skyspy-go/cmd/skyspy/main.go:127.21,129.3 1 0
github.com/skyspy/skyspy-go/cmd/skyspy/main.go:130.2,130.21 1 1
github.com/skyspy/skyspy-go/cmd/skyspy/main.go:130.21,132.17 2 0
github.com/skyspy/skyspy-go/cmd/skyspy/main.go:132.17,134.4 1 0
github.com/skyspy/skyspy-go/cmd/skyspy/main.go:134.9,136.4 1 0
github.com/skyspy/skyspy-go/cmd/skyspy/main.go:140.2,140.30 1 1
github.com/skyspy/skyspy-go/cmd/skyspy/main.go:140.30,142.17 2 0
github.com/skyspy/skyspy-go/cmd/skyspy/main.go:142.17,144.4 1 0
github.com/skyspy/skyspy-go/cmd/skyspy/main.go:145.3,145.45 1 0
github.com/skyspy/skyspy-go/cmd/skyspy/main.go:145.45,150.4 1 0
github.com/skyspy/skyspy-go/cmd/skyspy/main.go:154.2,155.16 2 1
github.com/skyspy/skyspy-go/cmd/skyspy/main.go:155.16,157.3 1 0
github.com/skyspy/skyspy-go/cmd/skyspy/main.go:160.2,160.18 1 1
github.com/skyspy/skyspy-go/cmd/skyspy/main.go:160.18,162.3 1 0
github.com/skyspy/skyspy-go/cmd/skyspy/main.go:165.2,165.76 1 1
github.com/skyspy/skyspy-go/cmd/skyspy/main.go:165.76,168.26 3 1
github.com/skyspy/skyspy-go/cmd/skyspy/main.go:168.26,170.4 1 1
github.com/skyspy/skyspy-go/cmd/skyspy/main.go:171.3,171.28 1 1
github.com/skyspy/skyspy-go/cmd/skyspy/main.go:171.28,173.4 1 1
github.com/skyspy/skyspy-go/cmd/skyspy/main.go:174.3,175.47 2 1
github.com/skyspy/skyspy-go/cmd/skyspy/main.go:179.2,188.49 8 0
github.com/skyspy/skyspy-go/cmd/skyspy/main.go:188.49,189.56 1 0
github.com/skyspy/skyspy-go/cmd/skyspy/main.go:189.56,191.4 1 0
github.com/skyspy/skyspy-go/cmd/skyspy/main.go:191.9,191.26 1 0
github.com/skyspy/skyspy-go/cmd/skyspy/main.go:191.26,193.4 1 0
github.com/skyspy/skyspy-go/cmd/skyspy/main.go:196.2,202.13 3 0
github.com/skyspy/skyspy-go/cmd/skyspy/main.go:202.13,204.3 1 0
github.com/skyspy/skyspy-go/cmd/skyspy/main.go:206.2,211.35 2 0
github.com/skyspy/skyspy-go/cmd/skyspy/main.go:211.35,213.3 1 0
github.com/skyspy/skyspy-go/cmd/skyspy/main.go:216.2,219.12 3 0
github.com/skyspy/skyspy-go/cmd/skyspy/main.go:223.36,225.15 1 1
github.com/skyspy/skyspy-go/cmd/skyspy/main.go:226.12,227.12 1 1
github.com/skyspy/skyspy-go/cmd/skyspy/main.go:228.12,229.12 1 1
github.com/skyspy/skyspy-go/cmd/skyspy/main.go:230.12,231.12 1 1
github.com/skyspy/skyspy-go/cmd/skyspy/main.go:232.13,233.13 1 1
github.com/skyspy/skyspy-go/cmd/skyspy/main.go:234.13,235.13 1 1
github.com/skyspy/skyspy-go/cmd/skyspy/main.go:236.10,237.12 1 1
github.com/skyspy/skyspy-go/cmd/skyspy/radio.go:35.13,38.2 2 1
github.com/skyspy/skyspy-go/cmd/skyspy/radio.go:40.56,43.16 2 0
github.com/skyspy/skyspy-go/cmd/skyspy/radio.go:43.16,45.3 1 0
github.com/skyspy/skyspy-go/cmd/skyspy/radio.go:48.2,48.16 1 0
github.com/skyspy/skyspy-go/cmd/skyspy/radio.go:48.16,50.3 1 0
github.com/skyspy/skyspy-go/cmd/skyspy/radio.go:51.2,51.15 1 0
github.com/skyspy/skyspy-go/cmd/skyspy/radio.go:51.15,53.3 1 0
github.com/skyspy/skyspy-go/cmd/skyspy/radio.go:56.2,83.35 19 0
github.com/skyspy/skyspy-go/cmd/skyspy/radio.go:83.35,85.3 1 0
github.com/skyspy/skyspy-go/cmd/skyspy/radio.go:88.2,91.12 3 0
github.com/skyspy/skyspy-go/cmd/skyspy/radio_pro.go:43.13,46.2 2 1
github.com/skyspy/skyspy-go/cmd/skyspy/radio_pro.go:48.59,51.16 2 0
github.com/skyspy/skyspy-go/cmd/skyspy/radio_pro.go:51.16,53.3 1 0
github.com/skyspy/skyspy-go/cmd/skyspy/radio_pro.go:56.2,56.16 1 0
github.com/skyspy/skyspy-go/cmd/skyspy/radio_pro.go:56.16,58.3 1 0
github.com/skyspy/skyspy-go/cmd/skyspy/radio_pro.go:59.2,59.15 1 0
github.com/skyspy/skyspy-go/cmd/skyspy/radio_pro.go:59.15,61.3 1 0
github.com/skyspy/skyspy-go/cmd/skyspy/radio_pro.go:64.2,94.35 22 0
github.com/skyspy/skyspy-go/cmd/skyspy/radio_pro.go:94.35,96.3 1 0
github.com/skyspy/skyspy-go/cmd/skyspy/radio_pro.go:99.2,102.12 3 0
