<?xml version="1.0" encoding="utf-8"?><testsuites name="pytest tests"><testsuite name="pytest" errors="0" failures="3" skipped="0" tests="169" time="21.237" timestamp="2025-12-20T23:54:40.543700+00:00" hostname="485de1e72746"><testcase classname="test_adsb_api.TestUtilityFunctions" name="test_calculate_distance_nm_same_point" time="0.001" /><testcase classname="test_adsb_api.TestUtilityFunctions" name="test_calculate_distance_nm_known_distance" time="0.000" /><testcase classname="test_adsb_api.TestUtilityFunctions" name="test_calculate_distance_nm_short_distance" time="0.001" /><testcase classname="test_adsb_api.TestAlertRuleMatching" name="test_icao_match_exact" time="0.168" /><testcase classname="test_adsb_api.TestAlertRuleMatching" name="test_icao_match_contains" time="0.102" /><testcase classname="test_adsb_api.TestAlertRuleMatching" name="test_callsign_match_exact" time="0.064" /><testcase classname="test_adsb_api.TestAlertRuleMatching" name="test_callsign_match_contains" time="0.062" /><testcase classname="test_adsb_api.TestAlertRuleMatching" name="test_altitude_less_than" time="0.054" /><testcase classname="test_adsb_api.TestAlertRuleMatching" name="test_altitude_greater_than" time="0.084" /><testcase classname="test_adsb_api.TestAlertRuleMatching" name="test_altitude_ground" time="0.059" /><testcase classname="test_adsb_api.TestAlertRuleMatching" name="test_vertical_rate_climbing" time="0.063" /><testcase classname="test_adsb_api.TestAlertRuleMatching" name="test_vertical_rate_descending" time="0.060" /><testcase classname="test_adsb_api.TestAlertRuleMatching" name="test_squawk_match" time="0.074" /><testcase classname="test_adsb_api.TestAlertRuleMatching" name="test_proximity_match" time="0.078" /><testcase classname="test_adsb_api.TestAlertRuleMatching" name="test_military_match" time="0.095" /><testcase classname="test_adsb_api.TestAlertRuleMatching" name="test_emergency_match" time="0.056" /><testcase classname="test_adsb_api.TestAlertRuleMatching" name="test_aircraft_type_match" time="0.049" /><testcase classname="test_adsb_api.TestCheckAlerts" name="test_emergency_squawk_alert" time="0.059" /><testcase classname="test_adsb_api.TestCheckAlerts" name="test_custom_rule_alert" time="0.050" /><testcase classname="test_adsb_api.TestSafetyMonitor" name="test_init_creates_empty_state" time="0.000" /><testcase classname="test_adsb_api.TestSafetyMonitor" name="test_get_stats" time="0.000" /><testcase classname="test_adsb_api.TestSafetyMonitor" name="test_cooldown_key_single_aircraft" time="0.000" /><testcase classname="test_adsb_api.TestSafetyMonitor" name="test_cooldown_key_aircraft_pair" time="0.000" /><testcase classname="test_adsb_api.TestSafetyMonitor" name="test_can_trigger_event_first_time" time="0.000" /><testcase classname="test_adsb_api.TestSafetyMonitor" name="test_can_trigger_event_respects_cooldown" time="0.000" /><testcase classname="test_adsb_api.TestSafetyMonitor" name="test_extreme_vs_detection" time="0.000" /><testcase classname="test_adsb_api.TestSafetyMonitor" name="test_extreme_vs_descent" time="0.000" /><testcase classname="test_adsb_api.TestSafetyMonitor" name="test_vs_reversal_detection" time="0.107"><failure message="assert 0 &gt;= 1&#10; +  where 0 = len([])">test_adsb_api.py:547: in test_vs_reversal_detection
    assert len(reversal_events) &gt;= 1
E   assert 0 &gt;= 1
E    +  where 0 = len([])</failure></testcase><testcase classname="test_adsb_api.TestSafetyMonitor" name="test_proximity_conflict_detection" time="0.001" /><testcase classname="test_adsb_api.TestSafetyMonitor" name="test_no_proximity_conflict_when_far_apart" time="0.000" /><testcase classname="test_adsb_api.TestSafetyMonitor" name="test_no_proximity_conflict_different_altitudes" time="0.000" /><testcase classname="test_adsb_api.TestSafetyMonitor" name="test_closure_rate_calculation" time="0.000" /><testcase classname="test_adsb_api.TestSafetyMonitor" name="test_closure_rate_separating" time="0.000" /><testcase classname="test_adsb_api.TestSafetyMonitor" name="test_cleanup_old_state" time="0.000" /><testcase classname="test_adsb_api.TestSafetyMonitor" name="test_state_tracking_persistence" time="0.000" /><testcase classname="test_adsb_api.TestSafetyMonitor" name="test_no_events_when_disabled" time="0.000" /><testcase classname="test_adsb_api.TestSafetyEventModel" name="test_create_safety_event" time="0.063" /><testcase classname="test_adsb_api.TestSafetyEventModel" name="test_create_proximity_event" time="0.053" /><testcase classname="test_adsb_api.TestSafetyEventModel" name="test_store_safety_event_function" time="0.070" /><testcase classname="test_adsb_api.TestSSEManager" name="test_subscribe_creates_queue" time="0.001" /><testcase classname="test_adsb_api.TestSSEManager" name="test_unsubscribe_removes_queue" time="0.000" /><testcase classname="test_adsb_api.TestSSEManager" name="test_multiple_subscribers" time="0.001" /><testcase classname="test_adsb_api.TestSSEManager" name="test_broadcast_sends_to_all_subscribers" time="0.000" /><testcase classname="test_adsb_api.TestSSEManager" name="test_broadcast_removes_full_queues" time="0.000" /><testcase classname="test_adsb_api.TestSSEManager" name="test_has_significant_change_position" time="0.001" /><testcase classname="test_adsb_api.TestSSEManager" name="test_has_significant_change_altitude" time="0.000" /><testcase classname="test_adsb_api.TestSSEManager" name="test_has_significant_change_track" time="0.000" /><testcase classname="test_adsb_api.TestSSEManager" name="test_has_significant_change_squawk" time="0.009" /><testcase classname="test_adsb_api.TestSSEManager" name="test_simplify_for_sse" time="0.001" /><testcase classname="test_adsb_api.TestSSEManager" name="test_simplify_for_sse_emergency" time="0.002" /><testcase classname="test_adsb_api.TestSSEManager" name="test_simplify_for_sse_military" time="0.001" /><testcase classname="test_adsb_api.TestSSEManager" name="test_publish_aircraft_update_new_aircraft" time="0.001" /><testcase classname="test_adsb_api.TestSSEManager" name="test_publish_aircraft_update_removed_aircraft" time="0.109" /><testcase classname="test_adsb_api.TestSSEManager" name="test_publish_aircraft_update_changed_aircraft" time="0.000" /><testcase classname="test_adsb_api.TestSSEManager" name="test_publish_safety_event" time="0.000" /><testcase classname="test_adsb_api.TestSSEManager" name="test_is_using_redis_default" time="0.000" /><testcase classname="test_adsb_api.TestSSEManager" name="test_sse_manager_has_required_methods" time="0.000" /><testcase classname="test_adsb_api.TestSafetyEventsEndpoints" name="test_get_safety_events_empty" time="0.144" /><testcase classname="test_adsb_api.TestSafetyEventsEndpoints" name="test_get_safety_events_with_data" time="0.067" /><testcase classname="test_adsb_api.TestSafetyEventsEndpoints" name="test_get_safety_events_filter_by_type" time="0.059" /><testcase classname="test_adsb_api.TestSafetyEventsEndpoints" name="test_get_safety_events_filter_by_severity" time="0.061" /><testcase classname="test_adsb_api.TestSafetyEventsEndpoints" name="test_get_safety_events_filter_by_icao" time="0.068" /><testcase classname="test_adsb_api.TestSafetyEventsEndpoints" name="test_delete_safety_events" time="0.051" /><testcase classname="test_adsb_api.TestSafetyEventsEndpoints" name="test_delete_safety_events_older_than" time="0.058" /><testcase classname="test_adsb_api.TestSafetyEventsEndpoints" name="test_get_safety_stats" time="0.069" /><testcase classname="test_adsb_api.TestSafetyEventsEndpoints" name="test_get_safety_config" time="0.079" /><testcase classname="test_adsb_api.TestLiveAircraftEndpoints" name="test_get_aircraft_success" time="0.049" /><testcase classname="test_adsb_api.TestLiveAircraftEndpoints" name="test_get_aircraft_service_unavailable" time="0.056" /><testcase classname="test_adsb_api.TestLiveAircraftEndpoints" name="test_get_aircraft_top" time="0.048" /><testcase classname="test_adsb_api.TestLiveAircraftEndpoints" name="test_get_aircraft_stats" time="0.064" /><testcase classname="test_adsb_api.TestLiveAircraftEndpoints" name="test_get_aircraft_by_hex_found" time="0.080" /><testcase classname="test_adsb_api.TestLiveAircraftEndpoints" name="test_get_aircraft_by_hex_not_found" time="0.065" /><testcase classname="test_adsb_api.TestLiveAircraftEndpoints" name="test_get_aircraft_by_hex_case_insensitive" time="0.116" /><testcase classname="test_adsb_api.TestUATEndpoint" name="test_get_uat_aircraft" time="0.048" /><testcase classname="test_adsb_api.TestMapGeoJSONEndpoints" name="test_get_geojson_success" time="0.054" /><testcase classname="test_adsb_api.TestMapGeoJSONEndpoints" name="test_geojson_feature_structure" time="0.063" /><testcase classname="test_adsb_api.TestMapGeoJSONEndpoints" name="test_geojson_emergency_flag" time="0.048" /><testcase classname="test_adsb_api.TestMapGeoJSONEndpoints" name="test_geojson_military_flag" time="0.049" /><testcase classname="test_adsb_api.TestMapBoundsEndpoint" name="test_get_bounds_success" time="0.046" /><testcase classname="test_adsb_api.TestMapBoundsEndpoint" name="test_get_bounds_no_aircraft" time="0.050" /><testcase classname="test_adsb_api.TestMapGeoJSONFilters" name="test_geojson_bbox_filter" time="0.054" /><testcase classname="test_adsb_api.TestMapGeoJSONFilters" name="test_geojson_altitude_filter" time="0.067" /><testcase classname="test_adsb_api.TestMapGeoJSONFilters" name="test_geojson_military_only_filter" time="0.048" /><testcase classname="test_adsb_api.TestMapGeoJSONFilters" name="test_geojson_altitude_bands" time="0.058" /><testcase classname="test_adsb_api.TestMapGeoJSONFilters" name="test_geojson_metadata" time="0.048" /><testcase classname="test_adsb_api.TestMapGeoJSONFilters" name="test_geojson_service_unavailable" time="0.062" /><testcase classname="test_adsb_api.TestMapGeoJSONFilters" name="test_geojson_invalid_bbox" time="0.053" /><testcase classname="test_adsb_api.TestSSEEndpoints" name="test_sse_status" time="0.055" /><testcase classname="test_adsb_api.TestSSEEndpoints" name="test_sse_stream_headers" time="0.060" /><testcase classname="test_adsb_api.TestSSEEndpoints" name="test_sse_stream_initial_event" time="0.200" /><testcase classname="test_adsb_api.TestSSEEndpoints" name="test_sse_manager_publishes_safety_events" time="1.097" /><testcase classname="test_adsb_api.TestSSEEndpoints" name="test_sse_trigger_endpoint" time="1.243" /><testcase classname="test_adsb_api.TestSSEEndpoints" name="test_sse_status_shows_tracked_aircraft" time="0.230" /><testcase classname="test_adsb_api.TestSSEEndpoints" name="test_sse_manager_publishes_new_aircraft" time="0.497" /><testcase classname="test_adsb_api.TestSSEEndpoints" name="test_sse_manager_publishes_aircraft_updates" time="0.370" /><testcase classname="test_adsb_api.TestSSEEndpoints" name="test_sse_manager_publishes_aircraft_removal" time="0.300" /><testcase classname="test_adsb_api.TestSSEEndpoints" name="test_fetch_and_process_publishes_to_sse" time="0.307" /><testcase classname="test_adsb_api.TestSSEEndpoints" name="test_sse_aircraft_data_format" time="0.161" /><testcase classname="test_adsb_api.TestSSEEndpoints" name="test_sse_emergency_aircraft_flagged" time="0.097" /><testcase classname="test_adsb_api.TestSSEEndpoints" name="test_sse_military_aircraft_flagged" time="0.160" /><testcase classname="test_adsb_api.TestSSEEndpoints" name="test_sse_history_endpoint_requires_start" time="0.076" /><testcase classname="test_adsb_api.TestSSEEndpoints" name="test_sse_history_endpoint_invalid_start" time="0.060" /><testcase classname="test_adsb_api.TestSSEHistoryWithRedis" name="test_history_status_in_sse_status" time="0.090" /><testcase classname="test_adsb_api.TestSSEHistoryWithRedis" name="test_history_endpoint_with_unix_timestamp" time="0.827" /><testcase classname="test_adsb_api.TestSSEHistoryWithRedis" name="test_history_endpoint_with_iso_timestamp" time="1.925" /><testcase classname="test_adsb_api.TestHistoryEndpoints" name="test_get_sightings_empty" time="0.354"><failure message="AssertionError: assert [{'altitude': 34791, 'callsign': 'UAL123', 'distance_nm': 48.858403917619576, 'gs': 442.3, 'icao_hex': 'A12345', 'is_military': False, 'lat': 47.777364, 'lon': -123.157736, 'squawk': '1200', 'timestamp': '2025-12-20T23:54:51.604078Z', 'vr': 71}, {'altitude': 37667, 'callsign': 'DAL456', 'distance_nm': 63.08837311278976, 'gs': 467.0, 'icao_hex': 'A98765', 'is_military': False, 'lat': 47.740402, 'lon': -123.50635, 'squawk': '1200', 'timestamp': '2025-12-20T23:54:51.604078Z', 'vr': -26}, {'altitude': 3246, 'callsign': 'SWA789', 'distance_nm': 55.2821133756255, 'gs': 432.8, 'icao_hex': 'A55555', 'is_military': False, 'lat': 48.358187, 'lon': -123.196415, 'squawk': '1200', 'timestamp': '2025-12-20T23:54:51.604078Z', 'vr': -147}, {'altitude': 36010, 'callsign': 'ASA234', 'distance_nm': 103.14047574890847, 'gs': 441.2, 'icao_hex': 'A66666', 'is_military': False, 'lat': 49.417833, 'lon': -120.648027, 'squawk': '1200', 'timestamp': '2025-12-20T23:54:51.604078Z', 'vr': 31}, {'altitude': 34409, 'callsign': 'AAL567', 'distance_nm': 104.91412528265184, 'gs': 431.8, 'icao_hex': 'A77777', 'is_military': False, 'lat': 49.618921, 'lon': -122.691632, 'squawk': '1200', 'timestamp': '2025-12-20T23:54:51.604078Z', 'vr': -51}, {'altitude': 40663, 'callsign': 'UAL456', 'distance_nm': 85.00371202197965, 'gs': 499.2, 'icao_hex': 'AB1234', 'is_military': False, 'lat': 48.871793, 'lon': -120.365997, 'squawk': '6037', 'timestamp': '2025-12-20T23:54:51.604078Z', 'vr': -98}, {'altitude': 40767, 'callsign': 'DAL789', 'distance_nm': 41.98190131846956, 'gs': 502.5, 'icao_hex': 'AC5678', 'is_military': False, 'lat': 47.249217, 'lon': -122.149764, 'squawk': '1200', 'timestamp': '2025-12-20T23:54:51.604078Z', 'vr': -61}, {'altitude': 31921, 'callsign': 'FDX123', 'distance_nm': 35.52110701200533, 'gs': 450.8, 'icao_hex': 'A44444', 'is_military': False, 'lat': 47.354267, 'lon': -121.823116, 'squawk': '1200', 'timestamp': '2025-12-20T23:54:51.604078Z', 'vr': 97}, {'altitude': 10440, 'callsign': 'UPS456', 'distance_nm': 31.992817095963233, 'gs': 295.9, 'icao_hex': 'A43210', 'is_military': False, 'lat': 48.43073, 'lon': -121.665538, 'squawk': '1200', 'timestamp': '2025-12-20T23:54:51.604078Z', 'vr': -106}, {'altitude': 28394, 'callsign': 'RCH001', 'distance_nm': 83.63429326601444, 'gs': 382.8, 'icao_hex': 'AE1234', 'is_military': True, 'lat': 47.72934, 'lon': -124.020487, 'squawk': '1200', 'timestamp': '2025-12-20T23:54:51.604078Z', 'vr': 26}, {'altitude': 22433, 'callsign': 'EVAC01', 'distance_nm': 86.96434156053752, 'gs': 322.5, 'icao_hex': 'AE5678', 'is_military': True, 'lat': 48.926733, 'lon': -123.563667, 'squawk': '1200', 'timestamp': '2025-12-20T23:54:51.604078Z', 'vr': 30}, {'altitude': 24300, 'callsign': 'DUKE01', 'distance_nm': 25.982018983852264, 'gs': 280.0, 'icao_hex': 'AE9999', 'is_military': True, 'lat': 48.284927, 'lon': -122.355504, 'squawk': '1200', 'timestamp': '2025-12-20T23:54:51.604078Z', 'vr': -94}, {'altitude': 25785, 'callsign': None, 'distance_nm': 47.739201085532926, 'gs': 320.5, 'icao_hex': 'ADF001', 'is_military': True, 'lat': 48.639083, 'lon': -122.531599, 'squawk': '3739', 'timestamp': '2025-12-20T23:54:51.604078Z', 'vr': -76}, {'altitude': 45466, 'callsign': 'N333BJ', 'distance_nm': 73.79791527892975, 'gs': 461.0, 'icao_hex': 'A33333', 'is_military': False, 'lat': 47.921514, 'lon': -123.802998, 'squawk': '1200', 'timestamp': '2025-12-20T23:54:51.604078Z', 'vr': -35}, {'altitude': 42991, 'callsign': 'N100CL', 'distance_nm': 62.93206545994858, 'gs': 444.0, 'icao_hex': 'A22233', 'is_military': False, 'lat': 48.742356, 'lon': -120.958147, 'squawk': '1200', 'timestamp': '2025-12-20T23:54:51.604078Z', 'vr': -38}, {'altitude': 5346, 'callsign': 'EJA123', 'distance_nm': 18.064416978845312, 'gs': 438.6, 'icao_hex': 'A11122', 'is_military': False, 'lat': 47.914733, 'lon': -122.416393, 'squawk': '1200', 'timestamp': '2025-12-20T23:54:51.604078Z', 'vr': -104}, {'altitude': 3954, 'callsign': 'N12345', 'distance_nm': 9.259126526975836, 'gs': 95.3, 'icao_hex': 'C45678', 'is_military': False, 'lat': 48.04653, 'lon': -122.131965, 'squawk': '5620', 'timestamp': '2025-12-20T23:54:51.604078Z', 'vr': 121}, {'altitude': 5992, 'callsign': 'N67890', 'distance_nm': 95.49351080485498, 'gs': 116.6, 'icao_hex': 'A09876', 'is_military': False, 'lat': 46.561434, 'lon': -123.143262, 'squawk': '7600', 'timestamp': '2025-12-20T23:54:51.604078Z', 'vr': -26}, {'altitude': 6899, 'callsign': 'N54321', 'distance_nm': 59.93928398975256, 'gs': 130.6, 'icao_hex': 'A08765', 'is_military': False, 'lat': 48.452, 'lon': -123.252332, 'squawk': '1200', 'timestamp': '2025-12-20T23:54:51.604078Z', 'vr': -24}, {'altitude': 8822, 'callsign': 'N11111', 'distance_nm': 64.5618984324847, 'gs': 169.6, 'icao_hex': 'A07654', 'is_military': False, 'lat': 48.868959, 'lon': -122.778566, 'squawk': '1200', 'timestamp': '2025-12-20T23:54:51.604078Z', 'vr': -37}, {'altitude': 1383, 'callsign': 'N911AE', 'distance_nm': 14.205533983172048, 'gs': 133.8, 'icao_hex': 'A01234', 'is_military': False, 'lat': 48.035859, 'lon': -122.290344, 'squawk': '1200', 'timestamp': '2025-12-20T23:54:51.604078Z', 'vr': 500}, {'altitude': 2100, 'callsign': 'N206TV', 'distance_nm': 14.114531861006322, 'gs': 140.3, 'icao_hex': 'A02345', 'is_military': False, 'lat': 48.145834, 'lon': -122.132166, 'squawk': '1200', 'timestamp': '2025-12-20T23:54:51.604078Z', 'vr': -500}, {'altitude': 589, 'callsign': 'GUARD1', 'distance_nm': 27.825642782475455, 'gs': 136.5, 'icao_hex': 'AE0001', 'is_military': True, 'lat': 48.043205, 'lon': -122.643004, 'squawk': '1200', 'timestamp': '2025-12-20T23:54:51.604078Z', 'vr': 16}, {'altitude': 17813, 'callsign': 'N7700E', 'distance_nm': 136.64630286559085, 'gs': 104.4, 'icao_hex': 'A88888', 'is_military': False, 'lat': 46.84398, 'lon': -119.020177, 'squawk': '7700', 'timestamp': '2025-12-20T23:54:51.604078Z', 'vr': -542}, {'altitude': 24067, 'callsign': 'UAL999', 'distance_nm': 130.0411340059743, 'gs': 433.1, 'icao_hex': 'A99999', 'is_military': False, 'lat': 45.811726, 'lon': -122.574344, 'squawk': '7600', 'timestamp': '2025-12-20T23:54:51.604078Z', 'vr': 98}, {'altitude': 45241, 'callsign': 'BLOCKED', 'distance_nm': 126.84046897385726, 'gs': 492.9, 'icao_hex': 'A50001', 'is_military': False, 'lat': 47.60273, 'lon': -118.865004, 'squawk': '1200', 'timestamp': '2025-12-20T23:54:51.604078Z', 'vr': 54}, {'altitude': 43290, 'callsign': 'LXJ523', 'distance_nm': 134.36166741698702, 'gs': 412.9, 'icao_hex': 'A60001', 'is_military': False, 'lat': 48.792111, 'lon': -118.855203, 'squawk': '1200', 'timestamp': '2025-12-20T23:54:51.604078Z', 'vr': 47}, {'altitude': 0, 'callsign': 'SEATAC1', 'distance_nm': 0.7550433858151553, 'gs': 20.3, 'icao_hex': 'A00001', 'is_military': False, 'lat': 47.932121, 'lon': -121.985522, 'squawk': '1200', 'timestamp': '2025-12-20T23:54:51.604078Z', 'vr': 0}, {'altitude': 35168, 'callsign': 'TEST01A', 'distance_nm': 32.19087987672862, 'gs': 450.8, 'icao_hex': 'CF1001', 'is_military': False, 'lat': 48.317631, 'lon': -121.401926, 'squawk': '1200', 'timestamp': '2025-12-20T23:54:51.604078Z', 'vr': 6}, {'altitude': 35196, 'callsign': 'TEST01B', 'distance_nm': 27.464426637690007, 'gs': 449.3, 'icao_hex': 'CF1002', 'is_military': False, 'lat': 47.614845, 'lon': -122.450902, 'squawk': '1200', 'timestamp': '2025-12-20T23:54:51.604078Z', 'vr': 59}, {'altitude': 38004, 'callsign': 'TEST02A', 'distance_nm': 32.25285815693162, 'gs': 449.9, 'icao_hex': 'CF2001', 'is_military': False, 'lat': 48.474451, 'lon': -121.936291, 'squawk': '1200', 'timestamp': '2025-12-20T23:54:51.604078Z', 'vr': -15}, {'altitude': 38000, 'callsign': 'TEST02B', 'distance_nm': 31.313072996295883, 'gs': 450.8, 'icao_hex': 'CF2002', 'is_military': False, 'lat': 48.45922, 'lon': -121.974194, 'squawk': '1200', 'timestamp': '2025-12-20T23:54:51.604078Z', 'vr': 33}, {'altitude': 33666, 'callsign': 'TEST03A', 'distance_nm': 20.011934850701543, 'gs': 451.7, 'icao_hex': 'CF3001', 'is_military': False, 'lat': 48.107384, 'lon': -121.539773, 'squawk': '1200', 'timestamp': '2025-12-20T23:54:51.604078Z', 'vr': 2083}, {'altitude': 34942, 'callsign': 'TEST03B', 'distance_nm': 140.7050206676161, 'gs': 446.9, 'icao_hex': 'CF3002', 'is_military': False, 'lat': 46.471266, 'lon': -119.277565, 'squawk': '1200', 'timestamp': '2025-12-20T23:54:51.604078Z', 'vr': -98}, {'altitude': 32854, 'callsign': 'TEST04A', 'distance_nm': 42.76045589100689, 'gs': 448.5, 'icao_hex': 'CF4001', 'is_military': False, 'lat': 48.649894, 'lon': -121.9687, 'squawk': '1200', 'timestamp': '2025-12-20T23:54:51.604078Z', 'vr': 37}, {'altitude': 24997, 'callsign': 'TEST04B', 'distance_nm': 39.873227562823956, 'gs': 199.8, 'icao_hex': 'CF4002', 'is_military': False, 'lat': 47.273647, 'lon': -121.956261, 'squawk': '1200', 'timestamp': '2025-12-20T23:54:51.604078Z', 'vr': 26}, {'altitude': 24499, 'callsign': 'TEST05A', 'distance_nm': 23.32510776472791, 'gs': 454.5, 'icao_hex': 'CF5001', 'is_military': False, 'lat': 48.122996, 'lon': -121.458105, 'squawk': '1200', 'timestamp': '2025-12-20T23:54:51.604078Z', 'vr': -1571}, {'altitude': 29941, 'callsign': 'TEST05B', 'distance_nm': 130.20449447751955, 'gs': 434.5, 'icao_hex': 'CF5002', 'is_military': False, 'lat': 49.472162, 'lon': -119.646203, 'squawk': '1200', 'timestamp': '2025-12-20T23:54:51.604078Z', 'vr': 75}, {'altitude': 3481, 'callsign': 'N600CF', 'distance_nm': 6.972201318914066, 'gs': 77.5, 'icao_hex': 'CF6001', 'is_military': False, 'lat': 48.053597, 'lon': -121.97957, 'squawk': '1200', 'timestamp': '2025-12-20T23:54:51.604078Z', 'vr': 85}, {'altitude': 3581, 'callsign': 'N601CF', 'distance_nm': 5.694633812544012, 'gs': 79.2, 'icao_hex': 'CF6002', 'is_military': False, 'lat': 47.843145, 'lon': -121.957617, 'squawk': '1200', 'timestamp': '2025-12-20T23:54:51.604078Z', 'vr': -13}, {'altitude': 2917, 'callsign': 'N98765', 'distance_nm': 22.05503256165216, 'gs': 81.7, 'icao_hex': 'A11111', 'is_military': False, 'lat': 47.846823, 'lon': -122.499504, 'squawk': '1200', 'timestamp': '2025-12-20T23:54:51.604078Z', 'vr': -119}, {'altitude': 6228, 'callsign': 'N54321', 'distance_nm': 16.239059372416744, 'gs': 124.8, 'icao_hex': 'A22222', 'is_military': False, 'lat': 48.158812, 'lon': -122.201706, 'squawk': '1200', 'timestamp': '2025-12-20T23:54:51.604078Z', 'vr': -84}, {'altitude': 7498, 'callsign': 'N11223', 'distance_nm': 141.03013689487105, 'gs': 139.3, 'icao_hex': 'A33344', 'is_military': False, 'lat': 46.920871, 'lon': -118.838334, 'squawk': '1200', 'timestamp': '2025-12-20T23:54:51.604078Z', 'vr': -4}, {'altitude': 7494, 'callsign': 'N22334', 'distance_nm': 135.92575391242718, 'gs': 121.8, 'icao_hex': 'A44455', 'is_military': False, 'lat': 47.539143, 'lon': -125.282723, 'squawk': '5416', 'timestamp': '2025-12-20T23:54:51.604078Z', 'vr': 12}, {'altitude': 7665, 'callsign': 'N33445', 'distance_nm': 139.49366691955612, 'gs': 172.5, 'icao_hex': 'A55566', 'is_military': False, 'lat': 48.835321, 'lon': -118.741503, 'squawk': '1200', 'timestamp': '2025-12-20T23:54:51.604078Z', 'vr': 16}] == []&#10;  &#10;  Left contains 45 more items, first extra item: {'altitude': 34791, 'callsign': 'UAL123', 'distance_nm': 48.858403917619576, 'gs': 442.3, ...}&#10;  &#10;  Full diff:&#10;  - []&#10;  + [&#10;  +     {&#10;  +         'altitude': 34791,&#10;  +         'callsign': 'UAL123',&#10;  +         'distance_nm': 48.858403917619576,&#10;  +         'gs': 442.3,&#10;  +         'icao_hex': 'A12345',&#10;  +         'is_military': False,&#10;  +         'lat': 47.777364,&#10;  +         'lon': -123.157736,&#10;  +         'squawk': '1200',&#10;  +         'timestamp': '2025-12-20T23:54:51.604078Z',&#10;  +         'vr': 71,&#10;  +     },&#10;  +     {&#10;  +         'altitude': 37667,&#10;  +         'callsign': 'DAL456',&#10;  +         'distance_nm': 63.08837311278976,&#10;  +         'gs': 467.0,&#10;  +         'icao_hex': 'A98765',&#10;  +         'is_military': False,&#10;  +         'lat': 47.740402,&#10;  +         'lon': -123.50635,&#10;  +         'squawk': '1200',&#10;  +         'timestamp': '2025-12-20T23:54:51.604078Z',&#10;  +         'vr': -26,&#10;  +     },&#10;  +     {&#10;  +         'altitude': 3246,&#10;  +         'callsign': 'SWA789',&#10;  +         'distance_nm': 55.2821133756255,&#10;  +         'gs': 432.8,&#10;  +         'icao_hex': 'A55555',&#10;  +         'is_military': False,&#10;  +         'lat': 48.358187,&#10;  +         'lon': -123.196415,&#10;  +         'squawk': '1200',&#10;  +         'timestamp': '2025-12-20T23:54:51.604078Z',&#10;  +         'vr': -147,&#10;  +     },&#10;  +     {&#10;  +         'altitude': 36010,&#10;  +         'callsign': 'ASA234',&#10;  +         'distance_nm': 103.14047574890847,&#10;  +         'gs': 441.2,&#10;  +         'icao_hex': 'A66666',&#10;  +         'is_military': False,&#10;  +         'lat': 49.417833,&#10;  +         'lon': -120.648027,&#10;  +         'squawk': '1200',&#10;  +         'timestamp': '2025-12-20T23:54:51.604078Z',&#10;  +         'vr': 31,&#10;  +     },&#10;  +     {&#10;  +         'altitude': 34409,&#10;  +         'callsign': 'AAL567',&#10;  +         'distance_nm': 104.91412528265184,&#10;  +         'gs': 431.8,&#10;  +         'icao_hex': 'A77777',&#10;  +         'is_military': False,&#10;  +         'lat': 49.618921,&#10;  +         'lon': -122.691632,&#10;  +         'squawk': '1200',&#10;  +         'timestamp': '2025-12-20T23:54:51.604078Z',&#10;  +         'vr': -51,&#10;  +     },&#10;  +     {&#10;  +         'altitude': 40663,&#10;  +         'callsign': 'UAL456',&#10;  +         'distance_nm': 85.00371202197965,&#10;  +         'gs': 499.2,&#10;  +         'icao_hex': 'AB1234',&#10;  +         'is_military': False,&#10;  +         'lat': 48.871793,&#10;  +         'lon': -120.365997,&#10;  +         'squawk': '6037',&#10;  +         'timestamp': '2025-12-20T23:54:51.604078Z',&#10;  +         'vr': -98,&#10;  +     },&#10;  +     {&#10;  +         'altitude': 40767,&#10;  +         'callsign': 'DAL789',&#10;  +         'distance_nm': 41.98190131846956,&#10;  +         'gs': 502.5,&#10;  +         'icao_hex': 'AC5678',&#10;  +         'is_military': False,&#10;  +         'lat': 47.249217,&#10;  +         'lon': -122.149764,&#10;  +         'squawk': '1200',&#10;  +         'timestamp': '2025-12-20T23:54:51.604078Z',&#10;  +         'vr': -61,&#10;  +     },&#10;  +     {&#10;  +         'altitude': 31921,&#10;  +         'callsign': 'FDX123',&#10;  +         'distance_nm': 35.52110701200533,&#10;  +         'gs': 450.8,&#10;  +         'icao_hex': 'A44444',&#10;  +         'is_military': False,&#10;  +         'lat': 47.354267,&#10;  +         'lon': -121.823116,&#10;  +         'squawk': '1200',&#10;  +         'timestamp': '2025-12-20T23:54:51.604078Z',&#10;  +         'vr': 97,&#10;  +     },&#10;  +     {&#10;  +         'altitude': 10440,&#10;  +         'callsign': 'UPS456',&#10;  +         'distance_nm': 31.992817095963233,&#10;  +         'gs': 295.9,&#10;  +         'icao_hex': 'A43210',&#10;  +         'is_military': False,&#10;  +         'lat': 48.43073,&#10;  +         'lon': -121.665538,&#10;  +         'squawk': '1200',&#10;  +         'timestamp': '2025-12-20T23:54:51.604078Z',&#10;  +         'vr': -106,&#10;  +     },&#10;  +     {&#10;  +         'altitude': 28394,&#10;  +         'callsign': 'RCH001',&#10;  +         'distance_nm': 83.63429326601444,&#10;  +         'gs': 382.8,&#10;  +         'icao_hex': 'AE1234',&#10;  +         'is_military': True,&#10;  +         'lat': 47.72934,&#10;  +         'lon': -124.020487,&#10;  +         'squawk': '1200',&#10;  +         'timestamp': '2025-12-20T23:54:51.604078Z',&#10;  +         'vr': 26,&#10;  +     },&#10;  +     {&#10;  +         'altitude': 22433,&#10;  +         'callsign': 'EVAC01',&#10;  +         'distance_nm': 86.96434156053752,&#10;  +         'gs': 322.5,&#10;  +         'icao_hex': 'AE5678',&#10;  +         'is_military': True,&#10;  +         'lat': 48.926733,&#10;  +         'lon': -123.563667,&#10;  +         'squawk': '1200',&#10;  +         'timestamp': '2025-12-20T23:54:51.604078Z',&#10;  +         'vr': 30,&#10;  +     },&#10;  +     {&#10;  +         'altitude': 24300,&#10;  +         'callsign': 'DUKE01',&#10;  +         'distance_nm': 25.982018983852264,&#10;  +         'gs': 280.0,&#10;  +         'icao_hex': 'AE9999',&#10;  +         'is_military': True,&#10;  +         'lat': 48.284927,&#10;  +         'lon': -122.355504,&#10;  +         'squawk': '1200',&#10;  +         'timestamp': '2025-12-20T23:54:51.604078Z',&#10;  +         'vr': -94,&#10;  +     },&#10;  +     {&#10;  +         'altitude': 25785,&#10;  +         'callsign': None,&#10;  +         'distance_nm': 47.739201085532926,&#10;  +         'gs': 320.5,&#10;  +         'icao_hex': 'ADF001',&#10;  +         'is_military': True,&#10;  +         'lat': 48.639083,&#10;  +         'lon': -122.531599,&#10;  +         'squawk': '3739',&#10;  +         'timestamp': '2025-12-20T23:54:51.604078Z',&#10;  +         'vr': -76,&#10;  +     },&#10;  +     {&#10;  +         'altitude': 45466,&#10;  +         'callsign': 'N333BJ',&#10;  +         'distance_nm': 73.79791527892975,&#10;  +         'gs': 461.0,&#10;  +         'icao_hex': 'A33333',&#10;  +         'is_military': False,&#10;  +         'lat': 47.921514,&#10;  +         'lon': -123.802998,&#10;  +         'squawk': '1200',&#10;  +         'timestamp': '2025-12-20T23:54:51.604078Z',&#10;  +         'vr': -35,&#10;  +     },&#10;  +     {&#10;  +         'altitude': 42991,&#10;  +         'callsign': 'N100CL',&#10;  +         'distance_nm': 62.93206545994858,&#10;  +         'gs': 444.0,&#10;  +         'icao_hex': 'A22233',&#10;  +         'is_military': False,&#10;  +         'lat': 48.742356,&#10;  +         'lon': -120.958147,&#10;  +         'squawk': '1200',&#10;  +         'timestamp': '2025-12-20T23:54:51.604078Z',&#10;  +         'vr': -38,&#10;  +     },&#10;  +     {&#10;  +         'altitude': 5346,&#10;  +         'callsign': 'EJA123',&#10;  +         'distance_nm': 18.064416978845312,&#10;  +         'gs': 438.6,&#10;  +         'icao_hex': 'A11122',&#10;  +         'is_military': False,&#10;  +         'lat': 47.914733,&#10;  +         'lon': -122.416393,&#10;  +         'squawk': '1200',&#10;  +         'timestamp': '2025-12-20T23:54:51.604078Z',&#10;  +         'vr': -104,&#10;  +     },&#10;  +     {&#10;  +         'altitude': 3954,&#10;  +         'callsign': 'N12345',&#10;  +         'distance_nm': 9.259126526975836,&#10;  +         'gs': 95.3,&#10;  +         'icao_hex': 'C45678',&#10;  +         'is_military': False,&#10;  +         'lat': 48.04653,&#10;  +         'lon': -122.131965,&#10;  +         'squawk': '5620',&#10;  +         'timestamp': '2025-12-20T23:54:51.604078Z',&#10;  +         'vr': 121,&#10;  +     },&#10;  +     {&#10;  +         'altitude': 5992,&#10;  +         'callsign': 'N67890',&#10;  +         'distance_nm': 95.49351080485498,&#10;  +         'gs': 116.6,&#10;  +         'icao_hex': 'A09876',&#10;  +         'is_military': False,&#10;  +         'lat': 46.561434,&#10;  +         'lon': -123.143262,&#10;  +         'squawk': '7600',&#10;  +         'timestamp': '2025-12-20T23:54:51.604078Z',&#10;  +         'vr': -26,&#10;  +     },&#10;  +     {&#10;  +         'altitude': 6899,&#10;  +         'callsign': 'N54321',&#10;  +         'distance_nm': 59.93928398975256,&#10;  +         'gs': 130.6,&#10;  +         'icao_hex': 'A08765',&#10;  +         'is_military': False,&#10;  +         'lat': 48.452,&#10;  +         'lon': -123.252332,&#10;  +         'squawk': '1200',&#10;  +         'timestamp': '2025-12-20T23:54:51.604078Z',&#10;  +         'vr': -24,&#10;  +     },&#10;  +     {&#10;  +         'altitude': 8822,&#10;  +         'callsign': 'N11111',&#10;  +         'distance_nm': 64.5618984324847,&#10;  +         'gs': 169.6,&#10;  +         'icao_hex': 'A07654',&#10;  +         'is_military': False,&#10;  +         'lat': 48.868959,&#10;  +         'lon': -122.778566,&#10;  +         'squawk': '1200',&#10;  +         'timestamp': '2025-12-20T23:54:51.604078Z',&#10;  +         'vr': -37,&#10;  +     },&#10;  +     {&#10;  +         'altitude': 1383,&#10;  +         'callsign': 'N911AE',&#10;  +         'distance_nm': 14.205533983172048,&#10;  +         'gs': 133.8,&#10;  +         'icao_hex': 'A01234',&#10;  +         'is_military': False,&#10;  +         'lat': 48.035859,&#10;  +         'lon': -122.290344,&#10;  +         'squawk': '1200',&#10;  +         'timestamp': '2025-12-20T23:54:51.604078Z',&#10;  +         'vr': 500,&#10;  +     },&#10;  +     {&#10;  +         'altitude': 2100,&#10;  +         'callsign': 'N206TV',&#10;  +         'distance_nm': 14.114531861006322,&#10;  +         'gs': 140.3,&#10;  +         'icao_hex': 'A02345',&#10;  +         'is_military': False,&#10;  +         'lat': 48.145834,&#10;  +         'lon': -122.132166,&#10;  +         'squawk': '1200',&#10;  +         'timestamp': '2025-12-20T23:54:51.604078Z',&#10;  +         'vr': -500,&#10;  +     },&#10;  +     {&#10;  +         'altitude': 589,&#10;  +         'callsign': 'GUARD1',&#10;  +         'distance_nm': 27.825642782475455,&#10;  +         'gs': 136.5,&#10;  +         'icao_hex': 'AE0001',&#10;  +         'is_military': True,&#10;  +         'lat': 48.043205,&#10;  +         'lon': -122.643004,&#10;  +         'squawk': '1200',&#10;  +         'timestamp': '2025-12-20T23:54:51.604078Z',&#10;  +         'vr': 16,&#10;  +     },&#10;  +     {&#10;  +         'altitude': 17813,&#10;  +         'callsign': 'N7700E',&#10;  +         'distance_nm': 136.64630286559085,&#10;  +         'gs': 104.4,&#10;  +         'icao_hex': 'A88888',&#10;  +         'is_military': False,&#10;  +         'lat': 46.84398,&#10;  +         'lon': -119.020177,&#10;  +         'squawk': '7700',&#10;  +         'timestamp': '2025-12-20T23:54:51.604078Z',&#10;  +         'vr': -542,&#10;  +     },&#10;  +     {&#10;  +         'altitude': 24067,&#10;  +         'callsign': 'UAL999',&#10;  +         'distance_nm': 130.0411340059743,&#10;  +         'gs': 433.1,&#10;  +         'icao_hex': 'A99999',&#10;  +         'is_military': False,&#10;  +         'lat': 45.811726,&#10;  +         'lon': -122.574344,&#10;  +         'squawk': '7600',&#10;  +         'timestamp': '2025-12-20T23:54:51.604078Z',&#10;  +         'vr': 98,&#10;  +     },&#10;  +     {&#10;  +         'altitude': 45241,&#10;  +         'callsign': 'BLOCKED',&#10;  +         'distance_nm': 126.84046897385726,&#10;  +         'gs': 492.9,&#10;  +         'icao_hex': 'A50001',&#10;  +         'is_military': False,&#10;  +         'lat': 47.60273,&#10;  +         'lon': -118.865004,&#10;  +         'squawk': '1200',&#10;  +         'timestamp': '2025-12-20T23:54:51.604078Z',&#10;  +         'vr': 54,&#10;  +     },&#10;  +     {&#10;  +         'altitude': 43290,&#10;  +         'callsign': 'LXJ523',&#10;  +         'distance_nm': 134.36166741698702,&#10;  +         'gs': 412.9,&#10;  +         'icao_hex': 'A60001',&#10;  +         'is_military': False,&#10;  +         'lat': 48.792111,&#10;  +         'lon': -118.855203,&#10;  +         'squawk': '1200',&#10;  +         'timestamp': '2025-12-20T23:54:51.604078Z',&#10;  +         'vr': 47,&#10;  +     },&#10;  +     {&#10;  +         'altitude': 0,&#10;  +         'callsign': 'SEATAC1',&#10;  +         'distance_nm': 0.7550433858151553,&#10;  +         'gs': 20.3,&#10;  +         'icao_hex': 'A00001',&#10;  +         'is_military': False,&#10;  +         'lat': 47.932121,&#10;  +         'lon': -121.985522,&#10;  +         'squawk': '1200',&#10;  +         'timestamp': '2025-12-20T23:54:51.604078Z',&#10;  +         'vr': 0,&#10;  +     },&#10;  +     {&#10;  +         'altitude': 35168,&#10;  +         'callsign': 'TEST01A',&#10;  +         'distance_nm': 32.19087987672862,&#10;  +         'gs': 450.8,&#10;  +         'icao_hex': 'CF1001',&#10;  +         'is_military': False,&#10;  +         'lat': 48.317631,&#10;  +         'lon': -121.401926,&#10;  +         'squawk': '1200',&#10;  +         'timestamp': '2025-12-20T23:54:51.604078Z',&#10;  +         'vr': 6,&#10;  +     },&#10;  +     {&#10;  +         'altitude': 35196,&#10;  +         'callsign': 'TEST01B',&#10;  +         'distance_nm': 27.464426637690007,&#10;  +         'gs': 449.3,&#10;  +         'icao_hex': 'CF1002',&#10;  +         'is_military': False,&#10;  +         'lat': 47.614845,&#10;  +         'lon': -122.450902,&#10;  +         'squawk': '1200',&#10;  +         'timestamp': '2025-12-20T23:54:51.604078Z',&#10;  +         'vr': 59,&#10;  +     },&#10;  +     {&#10;  +         'altitude': 38004,&#10;  +         'callsign': 'TEST02A',&#10;  +         'distance_nm': 32.25285815693162,&#10;  +         'gs': 449.9,&#10;  +         'icao_hex': 'CF2001',&#10;  +         'is_military': False,&#10;  +         'lat': 48.474451,&#10;  +         'lon': -121.936291,&#10;  +         'squawk': '1200',&#10;  +         'timestamp': '2025-12-20T23:54:51.604078Z',&#10;  +         'vr': -15,&#10;  +     },&#10;  +     {&#10;  +         'altitude': 38000,&#10;  +         'callsign': 'TEST02B',&#10;  +         'distance_nm': 31.313072996295883,&#10;  +         'gs': 450.8,&#10;  +         'icao_hex': 'CF2002',&#10;  +         'is_military': False,&#10;  +         'lat': 48.45922,&#10;  +         'lon': -121.974194,&#10;  +         'squawk': '1200',&#10;  +         'timestamp': '2025-12-20T23:54:51.604078Z',&#10;  +         'vr': 33,&#10;  +     },&#10;  +     {&#10;  +         'altitude': 33666,&#10;  +         'callsign': 'TEST03A',&#10;  +         'distance_nm': 20.011934850701543,&#10;  +         'gs': 451.7,&#10;  +         'icao_hex': 'CF3001',&#10;  +         'is_military': False,&#10;  +         'lat': 48.107384,&#10;  +         'lon': -121.539773,&#10;  +         'squawk': '1200',&#10;  +         'timestamp': '2025-12-20T23:54:51.604078Z',&#10;  +         'vr': 2083,&#10;  +     },&#10;  +     {&#10;  +         'altitude': 34942,&#10;  +         'callsign': 'TEST03B',&#10;  +         'distance_nm': 140.7050206676161,&#10;  +         'gs': 446.9,&#10;  +         'icao_hex': 'CF3002',&#10;  +         'is_military': False,&#10;  +         'lat': 46.471266,&#10;  +         'lon': -119.277565,&#10;  +         'squawk': '1200',&#10;  +         'timestamp': '2025-12-20T23:54:51.604078Z',&#10;  +         'vr': -98,&#10;  +     },&#10;  +     {&#10;  +         'altitude': 32854,&#10;  +         'callsign': 'TEST04A',&#10;  +         'distance_nm': 42.76045589100689,&#10;  +         'gs': 448.5,&#10;  +         'icao_hex': 'CF4001',&#10;  +         'is_military': False,&#10;  +         'lat': 48.649894,&#10;  +         'lon': -121.9687,&#10;  +         'squawk': '1200',&#10;  +         'timestamp': '2025-12-20T23:54:51.604078Z',&#10;  +         'vr': 37,&#10;  +     },&#10;  +     {&#10;  +         'altitude': 24997,&#10;  +         'callsign': 'TEST04B',&#10;  +         'distance_nm': 39.873227562823956,&#10;  +         'gs': 199.8,&#10;  +         'icao_hex': 'CF4002',&#10;  +         'is_military': False,&#10;  +         'lat': 47.273647,&#10;  +         'lon': -121.956261,&#10;  +         'squawk': '1200',&#10;  +         'timestamp': '2025-12-20T23:54:51.604078Z',&#10;  +         'vr': 26,&#10;  +     },&#10;  +     {&#10;  +         'altitude': 24499,&#10;  +         'callsign': 'TEST05A',&#10;  +         'distance_nm': 23.32510776472791,&#10;  +         'gs': 454.5,&#10;  +         'icao_hex': 'CF5001',&#10;  +         'is_military': False,&#10;  +         'lat': 48.122996,&#10;  +         'lon': -121.458105,&#10;  +         'squawk': '1200',&#10;  +         'timestamp': '2025-12-20T23:54:51.604078Z',&#10;  +         'vr': -1571,&#10;  +     },&#10;  +     {&#10;  +         'altitude': 29941,&#10;  +         'callsign': 'TEST05B',&#10;  +         'distance_nm': 130.20449447751955,&#10;  +         'gs': 434.5,&#10;  +         'icao_hex': 'CF5002',&#10;  +         'is_military': False,&#10;  +         'lat': 49.472162,&#10;  +         'lon': -119.646203,&#10;  +         'squawk': '1200',&#10;  +         'timestamp': '2025-12-20T23:54:51.604078Z',&#10;  +         'vr': 75,&#10;  +     },&#10;  +     {&#10;  +         'altitude': 3481,&#10;  +         'callsign': 'N600CF',&#10;  +         'distance_nm': 6.972201318914066,&#10;  +         'gs': 77.5,&#10;  +         'icao_hex': 'CF6001',&#10;  +         'is_military': False,&#10;  +         'lat': 48.053597,&#10;  +         'lon': -121.97957,&#10;  +         'squawk': '1200',&#10;  +         'timestamp': '2025-12-20T23:54:51.604078Z',&#10;  +         'vr': 85,&#10;  +     },&#10;  +     {&#10;  +         'altitude': 3581,&#10;  +         'callsign': 'N601CF',&#10;  +         'distance_nm': 5.694633812544012,&#10;  +         'gs': 79.2,&#10;  +         'icao_hex': 'CF6002',&#10;  +         'is_military': False,&#10;  +         'lat': 47.843145,&#10;  +         'lon': -121.957617,&#10;  +         'squawk': '1200',&#10;  +         'timestamp': '2025-12-20T23:54:51.604078Z',&#10;  +         'vr': -13,&#10;  +     },&#10;  +     {&#10;  +         'altitude': 2917,&#10;  +         'callsign': 'N98765',&#10;  +         'distance_nm': 22.05503256165216,&#10;  +         'gs': 81.7,&#10;  +         'icao_hex': 'A11111',&#10;  +         'is_military': False,&#10;  +         'lat': 47.846823,&#10;  +         'lon': -122.499504,&#10;  +         'squawk': '1200',&#10;  +         'timestamp': '2025-12-20T23:54:51.604078Z',&#10;  +         'vr': -119,&#10;  +     },&#10;  +     {&#10;  +         'altitude': 6228,&#10;  +         'callsign': 'N54321',&#10;  +         'distance_nm': 16.239059372416744,&#10;  +         'gs': 124.8,&#10;  +         'icao_hex': 'A22222',&#10;  +         'is_military': False,&#10;  +         'lat': 48.158812,&#10;  +         'lon': -122.201706,&#10;  +         'squawk': '1200',&#10;  +         'timestamp': '2025-12-20T23:54:51.604078Z',&#10;  +         'vr': -84,&#10;  +     },&#10;  +     {&#10;  +         'altitude': 7498,&#10;  +         'callsign': 'N11223',&#10;  +         'distance_nm': 141.03013689487105,&#10;  +         'gs': 139.3,&#10;  +         'icao_hex': 'A33344',&#10;  +         'is_military': False,&#10;  +         'lat': 46.920871,&#10;  +         'lon': -118.838334,&#10;  +         'squawk': '1200',&#10;  +         'timestamp': '2025-12-20T23:54:51.604078Z',&#10;  +         'vr': -4,&#10;  +     },&#10;  +     {&#10;  +         'altitude': 7494,&#10;  +         'callsign': 'N22334',&#10;  +         'distance_nm': 135.92575391242718,&#10;  +         'gs': 121.8,&#10;  +         'icao_hex': 'A44455',&#10;  +         'is_military': False,&#10;  +         'lat': 47.539143,&#10;  +         'lon': -125.282723,&#10;  +         'squawk': '5416',&#10;  +         'timestamp': '2025-12-20T23:54:51.604078Z',&#10;  +         'vr': 12,&#10;  +     },&#10;  +     {&#10;  +         'altitude': 7665,&#10;  +         'callsign': 'N33445',&#10;  +         'distance_nm': 139.49366691955612,&#10;  +         'gs': 172.5,&#10;  +         'icao_hex': 'A55566',&#10;  +         'is_military': False,&#10;  +         'lat': 48.835321,&#10;  +         'lon': -118.741503,&#10;  +         'squawk': '1200',&#10;  +         'timestamp': '2025-12-20T23:54:51.604078Z',&#10;  +         'vr': 16,&#10;  +     },&#10;  + ]">test_adsb_api.py:2219: in test_get_sightings_empty
    assert data['sightings'] == []
E   AssertionError: assert [{'altitude': 34791, 'callsign': 'UAL123', 'distance_nm': 48.858403917619576, 'gs': 442.3, 'icao_hex': 'A12345', 'is_military': False, 'lat': 47.777364, 'lon': -123.157736, 'squawk': '1200', 'timestamp': '2025-12-20T23:54:51.604078Z', 'vr': 71}, {'altitude': 37667, 'callsign': 'DAL456', 'distance_nm': 63.08837311278976, 'gs': 467.0, 'icao_hex': 'A98765', 'is_military': False, 'lat': 47.740402, 'lon': -123.50635, 'squawk': '1200', 'timestamp': '2025-12-20T23:54:51.604078Z', 'vr': -26}, {'altitude': 3246, 'callsign': 'SWA789', 'distance_nm': 55.2821133756255, 'gs': 432.8, 'icao_hex': 'A55555', 'is_military': False, 'lat': 48.358187, 'lon': -123.196415, 'squawk': '1200', 'timestamp': '2025-12-20T23:54:51.604078Z', 'vr': -147}, {'altitude': 36010, 'callsign': 'ASA234', 'distance_nm': 103.14047574890847, 'gs': 441.2, 'icao_hex': 'A66666', 'is_military': False, 'lat': 49.417833, 'lon': -120.648027, 'squawk': '1200', 'timestamp': '2025-12-20T23:54:51.604078Z', 'vr': 31}, {'altitude': 34409, 'callsign': 'AAL567', 'distance_nm': 104.91412528265184, 'gs': 431.8, 'icao_hex': 'A77777', 'is_military': False, 'lat': 49.618921, 'lon': -122.691632, 'squawk': '1200', 'timestamp': '2025-12-20T23:54:51.604078Z', 'vr': -51}, {'altitude': 40663, 'callsign': 'UAL456', 'distance_nm': 85.00371202197965, 'gs': 499.2, 'icao_hex': 'AB1234', 'is_military': False, 'lat': 48.871793, 'lon': -120.365997, 'squawk': '6037', 'timestamp': '2025-12-20T23:54:51.604078Z', 'vr': -98}, {'altitude': 40767, 'callsign': 'DAL789', 'distance_nm': 41.98190131846956, 'gs': 502.5, 'icao_hex': 'AC5678', 'is_military': False, 'lat': 47.249217, 'lon': -122.149764, 'squawk': '1200', 'timestamp': '2025-12-20T23:54:51.604078Z', 'vr': -61}, {'altitude': 31921, 'callsign': 'FDX123', 'distance_nm': 35.52110701200533, 'gs': 450.8, 'icao_hex': 'A44444', 'is_military': False, 'lat': 47.354267, 'lon': -121.823116, 'squawk': '1200', 'timestamp': '2025-12-20T23:54:51.604078Z', 'vr': 97}, {'altitude': 10440, 'callsign': 'UPS456', 'distance_nm': 31.992817095963233, 'gs': 295.9, 'icao_hex': 'A43210', 'is_military': False, 'lat': 48.43073, 'lon': -121.665538, 'squawk': '1200', 'timestamp': '2025-12-20T23:54:51.604078Z', 'vr': -106}, {'altitude': 28394, 'callsign': 'RCH001', 'distance_nm': 83.63429326601444, 'gs': 382.8, 'icao_hex': 'AE1234', 'is_military': True, 'lat': 47.72934, 'lon': -124.020487, 'squawk': '1200', 'timestamp': '2025-12-20T23:54:51.604078Z', 'vr': 26}, {'altitude': 22433, 'callsign': 'EVAC01', 'distance_nm': 86.96434156053752, 'gs': 322.5, 'icao_hex': 'AE5678', 'is_military': True, 'lat': 48.926733, 'lon': -123.563667, 'squawk': '1200', 'timestamp': '2025-12-20T23:54:51.604078Z', 'vr': 30}, {'altitude': 24300, 'callsign': 'DUKE01', 'distance_nm': 25.982018983852264, 'gs': 280.0, 'icao_hex': 'AE9999', 'is_military': True, 'lat': 48.284927, 'lon': -122.355504, 'squawk': '1200', 'timestamp': '2025-12-20T23:54:51.604078Z', 'vr': -94}, {'altitude': 25785, 'callsign': None, 'distance_nm': 47.739201085532926, 'gs': 320.5, 'icao_hex': 'ADF001', 'is_military': True, 'lat': 48.639083, 'lon': -122.531599, 'squawk': '3739', 'timestamp': '2025-12-20T23:54:51.604078Z', 'vr': -76}, {'altitude': 45466, 'callsign': 'N333BJ', 'distance_nm': 73.79791527892975, 'gs': 461.0, 'icao_hex': 'A33333', 'is_military': False, 'lat': 47.921514, 'lon': -123.802998, 'squawk': '1200', 'timestamp': '2025-12-20T23:54:51.604078Z', 'vr': -35}, {'altitude': 42991, 'callsign': 'N100CL', 'distance_nm': 62.93206545994858, 'gs': 444.0, 'icao_hex': 'A22233', 'is_military': False, 'lat': 48.742356, 'lon': -120.958147, 'squawk': '1200', 'timestamp': '2025-12-20T23:54:51.604078Z', 'vr': -38}, {'altitude': 5346, 'callsign': 'EJA123', 'distance_nm': 18.064416978845312, 'gs': 438.6, 'icao_hex': 'A11122', 'is_military': False, 'lat': 47.914733, 'lon': -122.416393, 'squawk': '1200', 'timestamp': '2025-12-20T23:54:51.604078Z', 'vr': -104}, {'altitude': 3954, 'callsign': 'N12345', 'distance_nm': 9.259126526975836, 'gs': 95.3, 'icao_hex': 'C45678', 'is_military': False, 'lat': 48.04653, 'lon': -122.131965, 'squawk': '5620', 'timestamp': '2025-12-20T23:54:51.604078Z', 'vr': 121}, {'altitude': 5992, 'callsign': 'N67890', 'distance_nm': 95.49351080485498, 'gs': 116.6, 'icao_hex': 'A09876', 'is_military': False, 'lat': 46.561434, 'lon': -123.143262, 'squawk': '7600', 'timestamp': '2025-12-20T23:54:51.604078Z', 'vr': -26}, {'altitude': 6899, 'callsign': 'N54321', 'distance_nm': 59.93928398975256, 'gs': 130.6, 'icao_hex': 'A08765', 'is_military': False, 'lat': 48.452, 'lon': -123.252332, 'squawk': '1200', 'timestamp': '2025-12-20T23:54:51.604078Z', 'vr': -24}, {'altitude': 8822, 'callsign': 'N11111', 'distance_nm': 64.5618984324847, 'gs': 169.6, 'icao_hex': 'A07654', 'is_military': False, 'lat': 48.868959, 'lon': -122.778566, 'squawk': '1200', 'timestamp': '2025-12-20T23:54:51.604078Z', 'vr': -37}, {'altitude': 1383, 'callsign': 'N911AE', 'distance_nm': 14.205533983172048, 'gs': 133.8, 'icao_hex': 'A01234', 'is_military': False, 'lat': 48.035859, 'lon': -122.290344, 'squawk': '1200', 'timestamp': '2025-12-20T23:54:51.604078Z', 'vr': 500}, {'altitude': 2100, 'callsign': 'N206TV', 'distance_nm': 14.114531861006322, 'gs': 140.3, 'icao_hex': 'A02345', 'is_military': False, 'lat': 48.145834, 'lon': -122.132166, 'squawk': '1200', 'timestamp': '2025-12-20T23:54:51.604078Z', 'vr': -500}, {'altitude': 589, 'callsign': 'GUARD1', 'distance_nm': 27.825642782475455, 'gs': 136.5, 'icao_hex': 'AE0001', 'is_military': True, 'lat': 48.043205, 'lon': -122.643004, 'squawk': '1200', 'timestamp': '2025-12-20T23:54:51.604078Z', 'vr': 16}, {'altitude': 17813, 'callsign': 'N7700E', 'distance_nm': 136.64630286559085, 'gs': 104.4, 'icao_hex': 'A88888', 'is_military': False, 'lat': 46.84398, 'lon': -119.020177, 'squawk': '7700', 'timestamp': '2025-12-20T23:54:51.604078Z', 'vr': -542}, {'altitude': 24067, 'callsign': 'UAL999', 'distance_nm': 130.0411340059743, 'gs': 433.1, 'icao_hex': 'A99999', 'is_military': False, 'lat': 45.811726, 'lon': -122.574344, 'squawk': '7600', 'timestamp': '2025-12-20T23:54:51.604078Z', 'vr': 98}, {'altitude': 45241, 'callsign': 'BLOCKED', 'distance_nm': 126.84046897385726, 'gs': 492.9, 'icao_hex': 'A50001', 'is_military': False, 'lat': 47.60273, 'lon': -118.865004, 'squawk': '1200', 'timestamp': '2025-12-20T23:54:51.604078Z', 'vr': 54}, {'altitude': 43290, 'callsign': 'LXJ523', 'distance_nm': 134.36166741698702, 'gs': 412.9, 'icao_hex': 'A60001', 'is_military': False, 'lat': 48.792111, 'lon': -118.855203, 'squawk': '1200', 'timestamp': '2025-12-20T23:54:51.604078Z', 'vr': 47}, {'altitude': 0, 'callsign': 'SEATAC1', 'distance_nm': 0.7550433858151553, 'gs': 20.3, 'icao_hex': 'A00001', 'is_military': False, 'lat': 47.932121, 'lon': -121.985522, 'squawk': '1200', 'timestamp': '2025-12-20T23:54:51.604078Z', 'vr': 0}, {'altitude': 35168, 'callsign': 'TEST01A', 'distance_nm': 32.19087987672862, 'gs': 450.8, 'icao_hex': 'CF1001', 'is_military': False, 'lat': 48.317631, 'lon': -121.401926, 'squawk': '1200', 'timestamp': '2025-12-20T23:54:51.604078Z', 'vr': 6}, {'altitude': 35196, 'callsign': 'TEST01B', 'distance_nm': 27.464426637690007, 'gs': 449.3, 'icao_hex': 'CF1002', 'is_military': False, 'lat': 47.614845, 'lon': -122.450902, 'squawk': '1200', 'timestamp': '2025-12-20T23:54:51.604078Z', 'vr': 59}, {'altitude': 38004, 'callsign': 'TEST02A', 'distance_nm': 32.25285815693162, 'gs': 449.9, 'icao_hex': 'CF2001', 'is_military': False, 'lat': 48.474451, 'lon': -121.936291, 'squawk': '1200', 'timestamp': '2025-12-20T23:54:51.604078Z', 'vr': -15}, {'altitude': 38000, 'callsign': 'TEST02B', 'distance_nm': 31.313072996295883, 'gs': 450.8, 'icao_hex': 'CF2002', 'is_military': False, 'lat': 48.45922, 'lon': -121.974194, 'squawk': '1200', 'timestamp': '2025-12-20T23:54:51.604078Z', 'vr': 33}, {'altitude': 33666, 'callsign': 'TEST03A', 'distance_nm': 20.011934850701543, 'gs': 451.7, 'icao_hex': 'CF3001', 'is_military': False, 'lat': 48.107384, 'lon': -121.539773, 'squawk': '1200', 'timestamp': '2025-12-20T23:54:51.604078Z', 'vr': 2083}, {'altitude': 34942, 'callsign': 'TEST03B', 'distance_nm': 140.7050206676161, 'gs': 446.9, 'icao_hex': 'CF3002', 'is_military': False, 'lat': 46.471266, 'lon': -119.277565, 'squawk': '1200', 'timestamp': '2025-12-20T23:54:51.604078Z', 'vr': -98}, {'altitude': 32854, 'callsign': 'TEST04A', 'distance_nm': 42.76045589100689, 'gs': 448.5, 'icao_hex': 'CF4001', 'is_military': False, 'lat': 48.649894, 'lon': -121.9687, 'squawk': '1200', 'timestamp': '2025-12-20T23:54:51.604078Z', 'vr': 37}, {'altitude': 24997, 'callsign': 'TEST04B', 'distance_nm': 39.873227562823956, 'gs': 199.8, 'icao_hex': 'CF4002', 'is_military': False, 'lat': 47.273647, 'lon': -121.956261, 'squawk': '1200', 'timestamp': '2025-12-20T23:54:51.604078Z', 'vr': 26}, {'altitude': 24499, 'callsign': 'TEST05A', 'distance_nm': 23.32510776472791, 'gs': 454.5, 'icao_hex': 'CF5001', 'is_military': False, 'lat': 48.122996, 'lon': -121.458105, 'squawk': '1200', 'timestamp': '2025-12-20T23:54:51.604078Z', 'vr': -1571}, {'altitude': 29941, 'callsign': 'TEST05B', 'distance_nm': 130.20449447751955, 'gs': 434.5, 'icao_hex': 'CF5002', 'is_military': False, 'lat': 49.472162, 'lon': -119.646203, 'squawk': '1200', 'timestamp': '2025-12-20T23:54:51.604078Z', 'vr': 75}, {'altitude': 3481, 'callsign': 'N600CF', 'distance_nm': 6.972201318914066, 'gs': 77.5, 'icao_hex': 'CF6001', 'is_military': False, 'lat': 48.053597, 'lon': -121.97957, 'squawk': '1200', 'timestamp': '2025-12-20T23:54:51.604078Z', 'vr': 85}, {'altitude': 3581, 'callsign': 'N601CF', 'distance_nm': 5.694633812544012, 'gs': 79.2, 'icao_hex': 'CF6002', 'is_military': False, 'lat': 47.843145, 'lon': -121.957617, 'squawk': '1200', 'timestamp': '2025-12-20T23:54:51.604078Z', 'vr': -13}, {'altitude': 2917, 'callsign': 'N98765', 'distance_nm': 22.05503256165216, 'gs': 81.7, 'icao_hex': 'A11111', 'is_military': False, 'lat': 47.846823, 'lon': -122.499504, 'squawk': '1200', 'timestamp': '2025-12-20T23:54:51.604078Z', 'vr': -119}, {'altitude': 6228, 'callsign': 'N54321', 'distance_nm': 16.239059372416744, 'gs': 124.8, 'icao_hex': 'A22222', 'is_military': False, 'lat': 48.158812, 'lon': -122.201706, 'squawk': '1200', 'timestamp': '2025-12-20T23:54:51.604078Z', 'vr': -84}, {'altitude': 7498, 'callsign': 'N11223', 'distance_nm': 141.03013689487105, 'gs': 139.3, 'icao_hex': 'A33344', 'is_military': False, 'lat': 46.920871, 'lon': -118.838334, 'squawk': '1200', 'timestamp': '2025-12-20T23:54:51.604078Z', 'vr': -4}, {'altitude': 7494, 'callsign': 'N22334', 'distance_nm': 135.92575391242718, 'gs': 121.8, 'icao_hex': 'A44455', 'is_military': False, 'lat': 47.539143, 'lon': -125.282723, 'squawk': '5416', 'timestamp': '2025-12-20T23:54:51.604078Z', 'vr': 12}, {'altitude': 7665, 'callsign': 'N33445', 'distance_nm': 139.49366691955612, 'gs': 172.5, 'icao_hex': 'A55566', 'is_military': False, 'lat': 48.835321, 'lon': -118.741503, 'squawk': '1200', 'timestamp': '2025-12-20T23:54:51.604078Z', 'vr': 16}] == []
E     
E     Left contains 45 more items, first extra item: {'altitude': 34791, 'callsign': 'UAL123', 'distance_nm': 48.858403917619576, 'gs': 442.3, ...}
E     
E     Full diff:
E     - []
E     + [
E     +     {
E     +         'altitude': 34791,
E     +         'callsign': 'UAL123',
E     +         'distance_nm': 48.858403917619576,
E     +         'gs': 442.3,
E     +         'icao_hex': 'A12345',
E     +         'is_military': False,
E     +         'lat': 47.777364,
E     +         'lon': -123.157736,
E     +         'squawk': '1200',
E     +         'timestamp': '2025-12-20T23:54:51.604078Z',
E     +         'vr': 71,
E     +     },
E     +     {
E     +         'altitude': 37667,
E     +         'callsign': 'DAL456',
E     +         'distance_nm': 63.08837311278976,
E     +         'gs': 467.0,
E     +         'icao_hex': 'A98765',
E     +         'is_military': False,
E     +         'lat': 47.740402,
E     +         'lon': -123.50635,
E     +         'squawk': '1200',
E     +         'timestamp': '2025-12-20T23:54:51.604078Z',
E     +         'vr': -26,
E     +     },
E     +     {
E     +         'altitude': 3246,
E     +         'callsign': 'SWA789',
E     +         'distance_nm': 55.2821133756255,
E     +         'gs': 432.8,
E     +         'icao_hex': 'A55555',
E     +         'is_military': False,
E     +         'lat': 48.358187,
E     +         'lon': -123.196415,
E     +         'squawk': '1200',
E     +         'timestamp': '2025-12-20T23:54:51.604078Z',
E     +         'vr': -147,
E     +     },
E     +     {
E     +         'altitude': 36010,
E     +         'callsign': 'ASA234',
E     +         'distance_nm': 103.14047574890847,
E     +         'gs': 441.2,
E     +         'icao_hex': 'A66666',
E     +         'is_military': False,
E     +         'lat': 49.417833,
E     +         'lon': -120.648027,
E     +         'squawk': '1200',
E     +         'timestamp': '2025-12-20T23:54:51.604078Z',
E     +         'vr': 31,
E     +     },
E     +     {
E     +         'altitude': 34409,
E     +         'callsign': 'AAL567',
E     +         'distance_nm': 104.91412528265184,
E     +         'gs': 431.8,
E     +         'icao_hex': 'A77777',
E     +         'is_military': False,
E     +         'lat': 49.618921,
E     +         'lon': -122.691632,
E     +         'squawk': '1200',
E     +         'timestamp': '2025-12-20T23:54:51.604078Z',
E     +         'vr': -51,
E     +     },
E     +     {
E     +         'altitude': 40663,
E     +         'callsign': 'UAL456',
E     +         'distance_nm': 85.00371202197965,
E     +         'gs': 499.2,
E     +         'icao_hex': 'AB1234',
E     +         'is_military': False,
E     +         'lat': 48.871793,
E     +         'lon': -120.365997,
E     +         'squawk': '6037',
E     +         'timestamp': '2025-12-20T23:54:51.604078Z',
E     +         'vr': -98,
E     +     },
E     +     {
E     +         'altitude': 40767,
E     +         'callsign': 'DAL789',
E     +         'distance_nm': 41.98190131846956,
E     +         'gs': 502.5,
E     +         'icao_hex': 'AC5678',
E     +         'is_military': False,
E     +         'lat': 47.249217,
E     +         'lon': -122.149764,
E     +         'squawk': '1200',
E     +         'timestamp': '2025-12-20T23:54:51.604078Z',
E     +         'vr': -61,
E     +     },
E     +     {
E     +         'altitude': 31921,
E     +         'callsign': 'FDX123',
E     +         'distance_nm': 35.52110701200533,
E     +         'gs': 450.8,
E     +         'icao_hex': 'A44444',
E     +         'is_military': False,
E     +         'lat': 47.354267,
E     +         'lon': -121.823116,
E     +         'squawk': '1200',
E     +         'timestamp': '2025-12-20T23:54:51.604078Z',
E     +         'vr': 97,
E     +     },
E     +     {
E     +         'altitude': 10440,
E     +         'callsign': 'UPS456',
E     +         'distance_nm': 31.992817095963233,
E     +         'gs': 295.9,
E     +         'icao_hex': 'A43210',
E     +         'is_military': False,
E     +         'lat': 48.43073,
E     +         'lon': -121.665538,
E     +         'squawk': '1200',
E     +         'timestamp': '2025-12-20T23:54:51.604078Z',
E     +         'vr': -106,
E     +     },
E     +     {
E     +         'altitude': 28394,
E     +         'callsign': 'RCH001',
E     +         'distance_nm': 83.63429326601444,
E     +         'gs': 382.8,
E     +         'icao_hex': 'AE1234',
E     +         'is_military': True,
E     +         'lat': 47.72934,
E     +         'lon': -124.020487,
E     +         'squawk': '1200',
E     +         'timestamp': '2025-12-20T23:54:51.604078Z',
E     +         'vr': 26,
E     +     },
E     +     {
E     +         'altitude': 22433,
E     +         'callsign': 'EVAC01',
E     +         'distance_nm': 86.96434156053752,
E     +         'gs': 322.5,
E     +         'icao_hex': 'AE5678',
E     +         'is_military': True,
E     +         'lat': 48.926733,
E     +         'lon': -123.563667,
E     +         'squawk': '1200',
E     +         'timestamp': '2025-12-20T23:54:51.604078Z',
E     +         'vr': 30,
E     +     },
E     +     {
E     +         'altitude': 24300,
E     +         'callsign': 'DUKE01',
E     +         'distance_nm': 25.982018983852264,
E     +         'gs': 280.0,
E     +         'icao_hex': 'AE9999',
E     +         'is_military': True,
E     +         'lat': 48.284927,
E     +         'lon': -122.355504,
E     +         'squawk': '1200',
E     +         'timestamp': '2025-12-20T23:54:51.604078Z',
E     +         'vr': -94,
E     +     },
E     +     {
E     +         'altitude': 25785,
E     +         'callsign': None,
E     +         'distance_nm': 47.739201085532926,
E     +         'gs': 320.5,
E     +         'icao_hex': 'ADF001',
E     +         'is_military': True,
E     +         'lat': 48.639083,
E     +         'lon': -122.531599,
E     +         'squawk': '3739',
E     +         'timestamp': '2025-12-20T23:54:51.604078Z',
E     +         'vr': -76,
E     +     },
E     +     {
E     +         'altitude': 45466,
E     +         'callsign': 'N333BJ',
E     +         'distance_nm': 73.79791527892975,
E     +         'gs': 461.0,
E     +         'icao_hex': 'A33333',
E     +         'is_military': False,
E     +         'lat': 47.921514,
E     +         'lon': -123.802998,
E     +         'squawk': '1200',
E     +         'timestamp': '2025-12-20T23:54:51.604078Z',
E     +         'vr': -35,
E     +     },
E     +     {
E     +         'altitude': 42991,
E     +         'callsign': 'N100CL',
E     +         'distance_nm': 62.93206545994858,
E     +         'gs': 444.0,
E     +         'icao_hex': 'A22233',
E     +         'is_military': False,
E     +         'lat': 48.742356,
E     +         'lon': -120.958147,
E     +         'squawk': '1200',
E     +         'timestamp': '2025-12-20T23:54:51.604078Z',
E     +         'vr': -38,
E     +     },
E     +     {
E     +         'altitude': 5346,
E     +         'callsign': 'EJA123',
E     +         'distance_nm': 18.064416978845312,
E     +         'gs': 438.6,
E     +         'icao_hex': 'A11122',
E     +         'is_military': False,
E     +         'lat': 47.914733,
E     +         'lon': -122.416393,
E     +         'squawk': '1200',
E     +         'timestamp': '2025-12-20T23:54:51.604078Z',
E     +         'vr': -104,
E     +     },
E     +     {
E     +         'altitude': 3954,
E     +         'callsign': 'N12345',
E     +         'distance_nm': 9.259126526975836,
E     +         'gs': 95.3,
E     +         'icao_hex': 'C45678',
E     +         'is_military': False,
E     +         'lat': 48.04653,
E     +         'lon': -122.131965,
E     +         'squawk': '5620',
E     +         'timestamp': '2025-12-20T23:54:51.604078Z',
E     +         'vr': 121,
E     +     },
E     +     {
E     +         'altitude': 5992,
E     +         'callsign': 'N67890',
E     +         'distance_nm': 95.49351080485498,
E     +         'gs': 116.6,
E     +         'icao_hex': 'A09876',
E     +         'is_military': False,
E     +         'lat': 46.561434,
E     +         'lon': -123.143262,
E     +         'squawk': '7600',
E     +         'timestamp': '2025-12-20T23:54:51.604078Z',
E     +         'vr': -26,
E     +     },
E     +     {
E     +         'altitude': 6899,
E     +         'callsign': 'N54321',
E     +         'distance_nm': 59.93928398975256,
E     +         'gs': 130.6,
E     +         'icao_hex': 'A08765',
E     +         'is_military': False,
E     +         'lat': 48.452,
E     +         'lon': -123.252332,
E     +         'squawk': '1200',
E     +         'timestamp': '2025-12-20T23:54:51.604078Z',
E     +         'vr': -24,
E     +     },
E     +     {
E     +         'altitude': 8822,
E     +         'callsign': 'N11111',
E     +         'distance_nm': 64.5618984324847,
E     +         'gs': 169.6,
E     +         'icao_hex': 'A07654',
E     +         'is_military': False,
E     +         'lat': 48.868959,
E     +         'lon': -122.778566,
E     +         'squawk': '1200',
E     +         'timestamp': '2025-12-20T23:54:51.604078Z',
E     +         'vr': -37,
E     +     },
E     +     {
E     +         'altitude': 1383,
E     +         'callsign': 'N911AE',
E     +         'distance_nm': 14.205533983172048,
E     +         'gs': 133.8,
E     +         'icao_hex': 'A01234',
E     +         'is_military': False,
E     +         'lat': 48.035859,
E     +         'lon': -122.290344,
E     +         'squawk': '1200',
E     +         'timestamp': '2025-12-20T23:54:51.604078Z',
E     +         'vr': 500,
E     +     },
E     +     {
E     +         'altitude': 2100,
E     +         'callsign': 'N206TV',
E     +         'distance_nm': 14.114531861006322,
E     +         'gs': 140.3,
E     +         'icao_hex': 'A02345',
E     +         'is_military': False,
E     +         'lat': 48.145834,
E     +         'lon': -122.132166,
E     +         'squawk': '1200',
E     +         'timestamp': '2025-12-20T23:54:51.604078Z',
E     +         'vr': -500,
E     +     },
E     +     {
E     +         'altitude': 589,
E     +         'callsign': 'GUARD1',
E     +         'distance_nm': 27.825642782475455,
E     +         'gs': 136.5,
E     +         'icao_hex': 'AE0001',
E     +         'is_military': True,
E     +         'lat': 48.043205,
E     +         'lon': -122.643004,
E     +         'squawk': '1200',
E     +         'timestamp': '2025-12-20T23:54:51.604078Z',
E     +         'vr': 16,
E     +     },
E     +     {
E     +         'altitude': 17813,
E     +         'callsign': 'N7700E',
E     +         'distance_nm': 136.64630286559085,
E     +         'gs': 104.4,
E     +         'icao_hex': 'A88888',
E     +         'is_military': False,
E     +         'lat': 46.84398,
E     +         'lon': -119.020177,
E     +         'squawk': '7700',
E     +         'timestamp': '2025-12-20T23:54:51.604078Z',
E     +         'vr': -542,
E     +     },
E     +     {
E     +         'altitude': 24067,
E     +         'callsign': 'UAL999',
E     +         'distance_nm': 130.0411340059743,
E     +         'gs': 433.1,
E     +         'icao_hex': 'A99999',
E     +         'is_military': False,
E     +         'lat': 45.811726,
E     +         'lon': -122.574344,
E     +         'squawk': '7600',
E     +         'timestamp': '2025-12-20T23:54:51.604078Z',
E     +         'vr': 98,
E     +     },
E     +     {
E     +         'altitude': 45241,
E     +         'callsign': 'BLOCKED',
E     +         'distance_nm': 126.84046897385726,
E     +         'gs': 492.9,
E     +         'icao_hex': 'A50001',
E     +         'is_military': False,
E     +         'lat': 47.60273,
E     +         'lon': -118.865004,
E     +         'squawk': '1200',
E     +         'timestamp': '2025-12-20T23:54:51.604078Z',
E     +         'vr': 54,
E     +     },
E     +     {
E     +         'altitude': 43290,
E     +         'callsign': 'LXJ523',
E     +         'distance_nm': 134.36166741698702,
E     +         'gs': 412.9,
E     +         'icao_hex': 'A60001',
E     +         'is_military': False,
E     +         'lat': 48.792111,
E     +         'lon': -118.855203,
E     +         'squawk': '1200',
E     +         'timestamp': '2025-12-20T23:54:51.604078Z',
E     +         'vr': 47,
E     +     },
E     +     {
E     +         'altitude': 0,
E     +         'callsign': 'SEATAC1',
E     +         'distance_nm': 0.7550433858151553,
E     +         'gs': 20.3,
E     +         'icao_hex': 'A00001',
E     +         'is_military': False,
E     +         'lat': 47.932121,
E     +         'lon': -121.985522,
E     +         'squawk': '1200',
E     +         'timestamp': '2025-12-20T23:54:51.604078Z',
E     +         'vr': 0,
E     +     },
E     +     {
E     +         'altitude': 35168,
E     +         'callsign': 'TEST01A',
E     +         'distance_nm': 32.19087987672862,
E     +         'gs': 450.8,
E     +         'icao_hex': 'CF1001',
E     +         'is_military': False,
E     +         'lat': 48.317631,
E     +         'lon': -121.401926,
E     +         'squawk': '1200',
E     +         'timestamp': '2025-12-20T23:54:51.604078Z',
E     +         'vr': 6,
E     +     },
E     +     {
E     +         'altitude': 35196,
E     +         'callsign': 'TEST01B',
E     +         'distance_nm': 27.464426637690007,
E     +         'gs': 449.3,
E     +         'icao_hex': 'CF1002',
E     +         'is_military': False,
E     +         'lat': 47.614845,
E     +         'lon': -122.450902,
E     +         'squawk': '1200',
E     +         'timestamp': '2025-12-20T23:54:51.604078Z',
E     +         'vr': 59,
E     +     },
E     +     {
E     +         'altitude': 38004,
E     +         'callsign': 'TEST02A',
E     +         'distance_nm': 32.25285815693162,
E     +         'gs': 449.9,
E     +         'icao_hex': 'CF2001',
E     +         'is_military': False,
E     +         'lat': 48.474451,
E     +         'lon': -121.936291,
E     +         'squawk': '1200',
E     +         'timestamp': '2025-12-20T23:54:51.604078Z',
E     +         'vr': -15,
E     +     },
E     +     {
E     +         'altitude': 38000,
E     +         'callsign': 'TEST02B',
E     +         'distance_nm': 31.313072996295883,
E     +         'gs': 450.8,
E     +         'icao_hex': 'CF2002',
E     +         'is_military': False,
E     +         'lat': 48.45922,
E     +         'lon': -121.974194,
E     +         'squawk': '1200',
E     +         'timestamp': '2025-12-20T23:54:51.604078Z',
E     +         'vr': 33,
E     +     },
E     +     {
E     +         'altitude': 33666,
E     +         'callsign': 'TEST03A',
E     +         'distance_nm': 20.011934850701543,
E     +         'gs': 451.7,
E     +         'icao_hex': 'CF3001',
E     +         'is_military': False,
E     +         'lat': 48.107384,
E     +         'lon': -121.539773,
E     +         'squawk': '1200',
E     +         'timestamp': '2025-12-20T23:54:51.604078Z',
E     +         'vr': 2083,
E     +     },
E     +     {
E     +         'altitude': 34942,
E     +         'callsign': 'TEST03B',
E     +         'distance_nm': 140.7050206676161,
E     +         'gs': 446.9,
E     +         'icao_hex': 'CF3002',
E     +         'is_military': False,
E     +         'lat': 46.471266,
E     +         'lon': -119.277565,
E     +         'squawk': '1200',
E     +         'timestamp': '2025-12-20T23:54:51.604078Z',
E     +         'vr': -98,
E     +     },
E     +     {
E     +         'altitude': 32854,
E     +         'callsign': 'TEST04A',
E     +         'distance_nm': 42.76045589100689,
E     +         'gs': 448.5,
E     +         'icao_hex': 'CF4001',
E     +         'is_military': False,
E     +         'lat': 48.649894,
E     +         'lon': -121.9687,
E     +         'squawk': '1200',
E     +         'timestamp': '2025-12-20T23:54:51.604078Z',
E     +         'vr': 37,
E     +     },
E     +     {
E     +         'altitude': 24997,
E     +         'callsign': 'TEST04B',
E     +         'distance_nm': 39.873227562823956,
E     +         'gs': 199.8,
E     +         'icao_hex': 'CF4002',
E     +         'is_military': False,
E     +         'lat': 47.273647,
E     +         'lon': -121.956261,
E     +         'squawk': '1200',
E     +         'timestamp': '2025-12-20T23:54:51.604078Z',
E     +         'vr': 26,
E     +     },
E     +     {
E     +         'altitude': 24499,
E     +         'callsign': 'TEST05A',
E     +         'distance_nm': 23.32510776472791,
E     +         'gs': 454.5,
E     +         'icao_hex': 'CF5001',
E     +         'is_military': False,
E     +         'lat': 48.122996,
E     +         'lon': -121.458105,
E     +         'squawk': '1200',
E     +         'timestamp': '2025-12-20T23:54:51.604078Z',
E     +         'vr': -1571,
E     +     },
E     +     {
E     +         'altitude': 29941,
E     +         'callsign': 'TEST05B',
E     +         'distance_nm': 130.20449447751955,
E     +         'gs': 434.5,
E     +         'icao_hex': 'CF5002',
E     +         'is_military': False,
E     +         'lat': 49.472162,
E     +         'lon': -119.646203,
E     +         'squawk': '1200',
E     +         'timestamp': '2025-12-20T23:54:51.604078Z',
E     +         'vr': 75,
E     +     },
E     +     {
E     +         'altitude': 3481,
E     +         'callsign': 'N600CF',
E     +         'distance_nm': 6.972201318914066,
E     +         'gs': 77.5,
E     +         'icao_hex': 'CF6001',
E     +         'is_military': False,
E     +         'lat': 48.053597,
E     +         'lon': -121.97957,
E     +         'squawk': '1200',
E     +         'timestamp': '2025-12-20T23:54:51.604078Z',
E     +         'vr': 85,
E     +     },
E     +     {
E     +         'altitude': 3581,
E     +         'callsign': 'N601CF',
E     +         'distance_nm': 5.694633812544012,
E     +         'gs': 79.2,
E     +         'icao_hex': 'CF6002',
E     +         'is_military': False,
E     +         'lat': 47.843145,
E     +         'lon': -121.957617,
E     +         'squawk': '1200',
E     +         'timestamp': '2025-12-20T23:54:51.604078Z',
E     +         'vr': -13,
E     +     },
E     +     {
E     +         'altitude': 2917,
E     +         'callsign': 'N98765',
E     +         'distance_nm': 22.05503256165216,
E     +         'gs': 81.7,
E     +         'icao_hex': 'A11111',
E     +         'is_military': False,
E     +         'lat': 47.846823,
E     +         'lon': -122.499504,
E     +         'squawk': '1200',
E     +         'timestamp': '2025-12-20T23:54:51.604078Z',
E     +         'vr': -119,
E     +     },
E     +     {
E     +         'altitude': 6228,
E     +         'callsign': 'N54321',
E     +         'distance_nm': 16.239059372416744,
E     +         'gs': 124.8,
E     +         'icao_hex': 'A22222',
E     +         'is_military': False,
E     +         'lat': 48.158812,
E     +         'lon': -122.201706,
E     +         'squawk': '1200',
E     +         'timestamp': '2025-12-20T23:54:51.604078Z',
E     +         'vr': -84,
E     +     },
E     +     {
E     +         'altitude': 7498,
E     +         'callsign': 'N11223',
E     +         'distance_nm': 141.03013689487105,
E     +         'gs': 139.3,
E     +         'icao_hex': 'A33344',
E     +         'is_military': False,
E     +         'lat': 46.920871,
E     +         'lon': -118.838334,
E     +         'squawk': '1200',
E     +         'timestamp': '2025-12-20T23:54:51.604078Z',
E     +         'vr': -4,
E     +     },
E     +     {
E     +         'altitude': 7494,
E     +         'callsign': 'N22334',
E     +         'distance_nm': 135.92575391242718,
E     +         'gs': 121.8,
E     +         'icao_hex': 'A44455',
E     +         'is_military': False,
E     +         'lat': 47.539143,
E     +         'lon': -125.282723,
E     +         'squawk': '5416',
E     +         'timestamp': '2025-12-20T23:54:51.604078Z',
E     +         'vr': 12,
E     +     },
E     +     {
E     +         'altitude': 7665,
E     +         'callsign': 'N33445',
E     +         'distance_nm': 139.49366691955612,
E     +         'gs': 172.5,
E     +         'icao_hex': 'A55566',
E     +         'is_military': False,
E     +         'lat': 48.835321,
E     +         'lon': -118.741503,
E     +         'squawk': '1200',
E     +         'timestamp': '2025-12-20T23:54:51.604078Z',
E     +         'vr': 16,
E     +     },
E     + ]</failure></testcase><testcase classname="test_adsb_api.TestHistoryEndpoints" name="test_get_sightings_with_data" time="0.124" /><testcase classname="test_adsb_api.TestHistoryEndpoints" name="test_get_sightings_filter_by_callsign" time="0.112" /><testcase classname="test_adsb_api.TestHistoryEndpoints" name="test_get_sessions_history" time="0.140" /><testcase classname="test_adsb_api.TestHistoryEndpoints" name="test_get_sessions_military_filter" time="0.077" /><testcase classname="test_adsb_api.TestHistoryEndpoints" name="test_get_aircraft_history_track" time="0.074" /><testcase classname="test_adsb_api.TestHistoryEndpoints" name="test_get_aircraft_history_geojson" time="0.078" /><testcase classname="test_adsb_api.TestHistoryEndpoints" name="test_get_aircraft_history_geojson_empty" time="0.061" /><testcase classname="test_adsb_api.TestHistoryEndpoints" name="test_get_history_stats" time="0.121" /><testcase classname="test_adsb_api.TestNotificationManager" name="test_notification_manager_init_empty" time="0.059" /><testcase classname="test_adsb_api.TestNotificationManager" name="test_reload_urls_single" time="0.309" /><testcase classname="test_adsb_api.TestNotificationManager" name="test_reload_urls_multiple" time="0.059" /><testcase classname="test_adsb_api.TestNotificationManager" name="test_reload_urls_with_whitespace" time="0.071" /><testcase classname="test_adsb_api.TestNotificationManager" name="test_reload_urls_empty_string" time="0.057" /><testcase classname="test_adsb_api.TestNotificationManager" name="test_reload_urls_invalid_url" time="0.074" /><testcase classname="test_adsb_api.TestNotificationManager" name="test_cooldown_respects_time" time="0.055" /><testcase classname="test_adsb_api.TestNotificationManager" name="test_cooldown_expires" time="0.087" /><testcase classname="test_adsb_api.TestNotificationManager" name="test_send_returns_false_when_disabled" time="0.053" /><testcase classname="test_adsb_api.TestNotificationManager" name="test_send_returns_false_when_no_servers" time="0.067" /><testcase classname="test_adsb_api.TestNotificationManager" name="test_send_info_notification" time="0.065" /><testcase classname="test_adsb_api.TestNotificationManager" name="test_send_warning_notification" time="0.050" /><testcase classname="test_adsb_api.TestNotificationManager" name="test_send_emergency_notification" time="0.267" /><testcase classname="test_adsb_api.TestNotificationManager" name="test_send_logs_to_database" time="0.050" /><testcase classname="test_adsb_api.TestNotificationManager" name="test_send_respects_cooldown" time="0.059" /><testcase classname="test_adsb_api.TestNotificationManager" name="test_reload_from_db" time="0.482" /><testcase classname="test_adsb_api.TestAppriseURLFormats" name="test_json_url" time="0.114" /><testcase classname="test_adsb_api.TestAppriseURLFormats" name="test_slack_url" time="0.093" /><testcase classname="test_adsb_api.TestAppriseURLFormats" name="test_discord_url" time="0.066" /><testcase classname="test_adsb_api.TestAppriseURLFormats" name="test_telegram_url" time="0.079" /><testcase classname="test_adsb_api.TestAppriseURLFormats" name="test_pushover_url" time="0.081" /><testcase classname="test_adsb_api.TestAppriseURLFormats" name="test_email_url" time="0.070" /><testcase classname="test_adsb_api.TestAppriseURLFormats" name="test_ntfy_url" time="0.058" /><testcase classname="test_adsb_api.TestAppriseURLFormats" name="test_gotify_url" time="0.083" /><testcase classname="test_adsb_api.TestAppriseURLFormats" name="test_multiple_service_types" time="0.076" /><testcase classname="test_adsb_api.TestNotificationEndpoints" name="test_get_notification_config" time="0.069" /><testcase classname="test_adsb_api.TestNotificationEndpoints" name="test_update_notification_config" time="0.073" /><testcase classname="test_adsb_api.TestNotificationEndpoints" name="test_test_notification" time="0.063" /><testcase classname="test_adsb_api.TestNotificationEndpoints" name="test_get_notification_log" time="0.085" /><testcase classname="test_adsb_api.TestAlertRulesEndpoints" name="test_get_rules_empty" time="0.079" /><testcase classname="test_adsb_api.TestAlertRulesEndpoints" name="test_create_rule_success" time="0.075" /><testcase classname="test_adsb_api.TestAlertRulesEndpoints" name="test_create_rule_invalid_type" time="0.121" /><testcase classname="test_adsb_api.TestAlertRulesEndpoints" name="test_update_rule" time="1.284" /><testcase classname="test_adsb_api.TestAlertRulesEndpoints" name="test_delete_rule" time="1.109" /><testcase classname="test_adsb_api.TestSystemEndpoints" name="test_health_check_all_healthy" time="0.167" /><testcase classname="test_adsb_api.TestSystemEndpoints" name="test_health_check_degraded" time="0.075" /><testcase classname="test_adsb_api.TestSystemEndpoints" name="test_get_status" time="0.135" /><testcase classname="test_adsb_api.TestSystemEndpoints" name="test_get_receiver_stats" time="0.069" /><testcase classname="test_adsb_api.TestSystemEndpoints" name="test_api_docs" time="0.059" /><testcase classname="test_adsb_api.TestIntegration" name="test_safety_monitoring_integration" time="0.112"><failure message="assert 0 &gt;= 1&#10; +  where 0 = len([])">test_adsb_api.py:3154: in test_safety_monitoring_integration
    assert len(events) &gt;= 1
E   assert 0 &gt;= 1
E    +  where 0 = len([])</failure></testcase><testcase classname="test_adsb_api.TestIntegration" name="test_full_alert_workflow" time="0.062" /><testcase classname="test_adsb_api.TestIntegration" name="test_history_data_flow" time="0.079" /><testcase classname="test_adsb_api.TestIntegration" name="test_map_and_aircraft_consistency" time="0.065" /><testcase classname="test_adsb_api.TestEdgeCases" name="test_empty_json_body" time="0.063" /><testcase classname="test_adsb_api.TestEdgeCases" name="test_malformed_json_body" time="0.071" /><testcase classname="test_adsb_api.TestEdgeCases" name="test_timeout_handling" time="0.069" /><testcase classname="test_adsb_api.TestEdgeCases" name="test_excessive_limit" time="0.056" /><testcase classname="test_adsb_api.TestEdgeCases" name="test_create_rule_missing_value" time="0.068" /><testcase classname="test_adsb_api.TestEdgeCases" name="test_create_rule_military_no_value_needed" time="0.059" /><testcase classname="test_adsb_api.TestEdgeCases" name="test_update_rule_not_found" time="0.122" /><testcase classname="test_adsb_api.TestEdgeCases" name="test_delete_rule_not_found" time="0.077" /><testcase classname="test_adsb_api.TestPerformance" name="test_caching_works" time="0.115" /><testcase classname="test_adsb_api.TestPerformance" name="test_bulk_sightings_query" time="0.146" /><testcase classname="test_adsb_api.TestPerformance" name="test_safety_monitor_performance" time="0.033" /><testcase classname="test_adsb_api.TestPerformance" name="test_sse_manager_performance" time="0.002" /></testsuite></testsuites>